-kernel name = _ZN2at6native13reduce_kernelILi512ELi1ENS0_8ReduceOpIfNS0_10NormTwoOpsIfffEEjfLi4EEEEEvT1_
-kernel id = 2867
-grid dim = (2,1,1)
-block dim = (2,8,1)
-shmem = 16
-nregs = 28
-binary version = 70
-cuda stream id = 0
-shmem base_addr = 0x00007f045a000000
-local mem base_addr = 0x00007f0458000000
-nvbit version = 1.5.3
-accelsim tracer version = 3

#traces format = threadblock_x threadblock_y threadblock_z warpid_tb PC mask dest_num [reg_dests] opcode src_num [reg_srcs] mem_width [adrrescompress?] [mem_addresses]

1 0 0 0 0000 0000ffff 1 R1 MOV 0 0 
0 0 0 0 0000 0000ffff 1 R1 MOV 0 0 
1 0 0 0 0010 00000000 0 SHFL.IDX 4 R255 R255 R255 R255 0 
0 0 0 0 0010 00000000 0 SHFL.IDX 4 R255 R255 R255 R255 0 
1 0 0 0 0020 0000ffff 1 R0 S2R 0 0 
0 0 0 0 0020 0000ffff 1 R0 S2R 0 0 
1 0 0 0 0030 0000ffff 0 ISETP.NE.AND 1 R255 0 
0 0 0 0 0030 0000ffff 0 ISETP.NE.AND 1 R255 0 
1 0 0 0 0040 0000ffff 1 R2 IMAD.MOV.U32 3 R255 R255 R255 0 
0 0 0 0 0040 0000ffff 1 R2 IMAD.MOV.U32 3 R255 R255 R255 0 
1 0 0 0 0050 00000000 0 BRA 0 0 
0 0 0 0 0050 00000000 0 BRA 0 0 
1 0 0 0 0060 0000ffff 1 R3 S2R 0 0 
0 0 0 0 0060 0000ffff 1 R3 S2R 0 0 
1 0 0 0 0070 0000ffff 1 R2 IMAD 2 R0 R255 0 
0 0 0 0 0070 0000ffff 1 R2 IMAD 2 R0 R255 0 
1 0 0 0 0080 0000ffff 1 R8 MOV 0 0 
0 0 0 0 0080 0000ffff 1 R8 MOV 0 0 
1 0 0 0 0090 0000ffff 1 R5 S2R 0 0 
0 0 0 0 0090 0000ffff 1 R5 S2R 0 0 
1 0 0 0 00a0 0000ffff 0 ISETP.NE.AND 1 R8 0 
0 0 0 0 00a0 0000ffff 0 ISETP.NE.AND 1 R8 0 
1 0 0 0 00b0 0000ffff 1 R2 IMAD 2 R3 R2 0 
0 0 0 0 00b0 0000ffff 1 R2 IMAD 2 R3 R2 0 
1 0 0 0 00c0 0000ffff 1 R3 IMAD 2 R5 R2 0 
0 0 0 0 00c0 0000ffff 1 R3 IMAD 2 R5 R2 0 
1 0 0 0 00d0 0000ffff 1 R2 MOV 1 R255 0 
0 0 0 0 00d0 0000ffff 1 R2 MOV 1 R255 0 
1 0 0 0 00e0 0000ffff 1 R4 IMAD.WIDE.U32 2 R3 R2 0 
0 0 0 0 00e0 0000ffff 1 R4 IMAD.WIDE.U32 2 R3 R2 0 
1 0 0 0 00f0 0000ffff 1 R5 SHF.R.U32.HI 2 R255 R5 0 
0 0 0 0 00f0 0000ffff 1 R5 SHF.R.U32.HI 2 R255 R5 0 
1 0 0 0 0100 0000ffff 1 R2 IMAD.MOV 3 R255 R255 R5 0 
0 0 0 0 0100 0000ffff 1 R2 IMAD.MOV 3 R255 R255 R5 0 
1 0 0 0 0110 0000ffff 1 R2 IMAD 2 R2 R3 0 
0 0 0 0 0110 0000ffff 1 R2 IMAD 2 R2 R3 0 
1 0 0 0 0120 0000ffff 1 R2 IMAD 2 R2 R255 0 
0 0 0 0 0120 0000ffff 1 R2 IMAD 2 R2 R255 0 
1 0 0 0 0130 0000ffff 0 BRA 0 0 
0 0 0 0 0130 0000ffff 0 BRA 0 0 
1 0 0 0 0d10 0000ffff 1 R3 S2R 0 0 
0 0 0 0 0d10 0000ffff 1 R3 S2R 0 0 
1 0 0 0 0d20 0000ffff 1 R4 IMAD 2 R0 R255 0 
0 0 0 0 0d20 0000ffff 1 R4 IMAD 2 R0 R255 0 
1 0 0 0 0d30 0000ffff 1 R255 BMOV.32.CLEAR 0 0 
0 0 0 0 0d30 0000ffff 1 R255 BMOV.32.CLEAR 0 0 
1 0 0 0 0d40 0000ffff 1 R6 IMAD 2 R0 R255 0 
0 0 0 0 0d40 0000ffff 1 R6 IMAD 2 R0 R255 0 
1 0 0 0 0d50 0000ffff 1 R8 S2R 0 0 
0 0 0 0 0d50 0000ffff 1 R8 S2R 0 0 
1 0 0 0 0d60 0000ffff 0 BSSY 0 0 
0 0 0 0 0d60 0000ffff 0 BSSY 0 0 
1 0 0 0 0d70 0000ffff 1 R13 S2R 0 0 
0 0 0 0 0d70 0000ffff 1 R13 S2R 0 0 
1 0 0 0 0d80 0000ffff 1 R21 IMAD 2 R3 R4 0 
0 0 0 0 0d80 0000ffff 1 R21 IMAD 2 R3 R4 0 
1 0 0 0 0d90 0000ffff 1 R6 IMAD 2 R3 R6 0 
0 0 0 0 0d90 0000ffff 1 R6 IMAD 2 R3 R6 0 
1 0 0 0 0da0 0000ffff 1 R21 IMAD 2 R8 R21 0 
0 0 0 0 0da0 0000ffff 1 R21 IMAD 2 R8 R21 0 
1 0 0 0 0db0 0000ffff 1 R13 IMAD 2 R13 R6 0 
0 0 0 0 0db0 0000ffff 1 R13 IMAD 2 R13 R6 0 
1 0 0 0 0dc0 0000ffff 0 ISETP.GE.U32.AND 1 R21 0 
0 0 0 0 0dc0 0000ffff 0 ISETP.GE.U32.AND 1 R21 0 
1 0 0 0 0dd0 0000ffff 0 ISETP.GE.U32.OR 1 R13 0 
0 0 0 0 0dd0 0000ffff 0 ISETP.GE.U32.OR 1 R13 0 
1 0 0 0 0de0 0000ffc0 0 BRA 0 0 
0 0 0 0 0de0 00000000 0 BRA 0 0 
1 0 0 0 0df0 0000003f 1 R4 LDC.U8 0 0 
0 0 0 0 0df0 0000ffff 1 R4 LDC.U8 0 0 
1 0 0 0 0e00 0000003f 1 R10 IADD3 2 R2 R255 0 
0 0 0 0 0e00 0000ffff 1 R10 IADD3 2 R2 R255 0 
1 0 0 0 0e10 0000003f 1 R11 IMAD.X 2 R255 R255 0 
0 0 0 0 0e10 0000ffff 1 R11 IMAD.X 2 R255 R255 0 
1 0 0 0 0e20 0000003f 0 ISETP.NE.AND 2 R4 R255 0 
0 0 0 0 0e20 0000ffff 0 ISETP.NE.AND 2 R4 R255 0 
1 0 0 0 0e30 0000003f 0 BRA 0 0 
0 0 0 0 0e30 0000ffff 0 BRA 0 0 
1 0 0 0 1400 0000003f 1 R20 MOV 0 0 
0 0 0 0 1400 0000ffff 1 R20 MOV 0 0 
1 0 0 0 1410 0000003f 1 R2 IMAD.MOV.U32 2 R255 R255 0 
0 0 0 0 1410 0000ffff 1 R2 IMAD.MOV.U32 2 R255 R255 0 
1 0 0 0 1420 0000003f 1 R20 SHF.R.U32.HI 2 R255 R20 0 
0 0 0 0 1420 0000ffff 1 R20 SHF.R.U32.HI 2 R255 R20 0 
1 0 0 0 1430 0000003f 0 ISETP.EQ.AND 1 R2 0 
0 0 0 0 1430 0000ffff 0 ISETP.EQ.AND 1 R2 0 
1 0 0 0 1440 0000003f 0 ISETP.NE.AND 1 R20 0 
0 0 0 0 1440 0000ffff 0 ISETP.NE.AND 1 R20 0 
1 0 0 0 1450 0000003f 0 ISETP.NE.AND 1 R2 0 
0 0 0 0 1450 0000ffff 0 ISETP.NE.AND 1 R2 0 
1 0 0 0 1460 0000003f 0 BRA 0 0 
0 0 0 0 1460 0000ffff 0 BRA 0 0 
1 0 0 0 89d0 0000003f 1 R6 MOV 0 0 
0 0 0 0 89d0 0000ffff 1 R6 MOV 0 0 
1 0 0 0 89e0 0000003f 1 R255 BMOV.32.CLEAR 0 0 
0 0 0 0 89e0 0000ffff 1 R255 BMOV.32.CLEAR 0 0 
1 0 0 0 89f0 0000003f 0 BSSY 0 0 
0 0 0 0 89f0 0000ffff 0 BSSY 0 0 
1 0 0 0 8a00 0000003f 1 R4 MOV 0 0 
0 0 0 0 8a00 0000ffff 1 R4 MOV 0 0 
1 0 0 0 8a10 0000003f 1 R5 IMAD.MOV.U32 2 R255 R255 0 
0 0 0 0 8a10 0000ffff 1 R5 IMAD.MOV.U32 2 R255 R255 0 
1 0 0 0 8a20 0000003f 1 R7 MOV 0 0 
0 0 0 0 8a20 0000ffff 1 R7 MOV 0 0 
1 0 0 0 8a30 0000003f 1 R2 IMAD 2 R6 R21 0 
0 0 0 0 8a30 0000ffff 1 R2 IMAD 2 R6 R21 0 
1 0 0 0 8a40 0000003f 0 ISETP.GE.U32.AND 1 R2 0 
0 0 0 0 8a40 0000ffff 0 ISETP.GE.U32.AND 1 R2 0 
1 0 0 0 8a50 0000003f 1 R2 MOV 0 0 
0 0 0 0 8a50 0000ffff 1 R2 MOV 0 0 
1 0 0 0 8a60 0000003f 0 BRA 0 0 
0 0 0 0 8a60 0000ffff 0 BRA 0 0 
1 0 0 0 8c10 0000003f 0 BSYNC 0 0 
0 0 0 0 8c10 0000ffff 0 BSYNC 0 0 
1 0 0 0 8c20 0000003f 0 ISETP.GE.U32.AND 1 R21 0 
0 0 0 0 8c20 0000ffff 0 ISETP.GE.U32.AND 1 R21 0 
1 0 0 0 8c30 0000003f 1 R255 BMOV.32.CLEAR 0 0 
0 0 0 0 8c30 0000ffff 1 R255 BMOV.32.CLEAR 0 0 
1 0 0 0 8c40 0000003f 0 BSSY 0 0 
0 0 0 0 8c40 0000ffff 0 BSSY 0 0 
1 0 0 0 8c50 00000000 0 BRA 0 0 
0 0 0 0 8c50 00000000 0 BRA 0 0 
1 0 0 0 8c60 0000003f 1 R8 IMAD.WIDE.U32 2 R21 R10 0 
0 0 0 0 8c60 0000ffff 1 R8 IMAD.WIDE.U32 2 R21 R10 0 
1 0 0 0 8c70 0000003f 1 R15 LDG.E.SYS 1 R8 4 1 0x7f03b6601c40 4 
0 0 0 0 8c70 0000ffff 1 R15 LDG.E.SYS 1 R8 4 1 0x7f03b6601c00 4 
1 0 0 0 8c80 0000003f 1 R17 IADD3 2 R21 R255 0 
0 0 0 0 8c80 0000ffff 1 R17 IADD3 2 R21 R255 0 
1 0 0 0 8c90 0000003f 0 ISETP.GE.U32.AND 1 R17 0 
0 0 0 0 8c90 0000ffff 0 ISETP.GE.U32.AND 1 R17 0 
1 0 0 0 8ca0 0000003f 0 BRA 0 0 
0 0 0 0 8ca0 0000ffff 0 BRA 0 0 
1 0 0 0 8d60 0000003f 0 BSYNC 0 0 
0 0 0 0 8d60 0000ffff 0 BSYNC 0 0 
1 0 0 0 8d70 0000003f 1 R255 BMOV.32.CLEAR 0 0 
0 0 0 0 8d70 0000ffff 1 R255 BMOV.32.CLEAR 0 0 
1 0 0 0 8d80 0000003f 0 BSSY 0 0 
0 0 0 0 8d80 0000ffff 0 BSSY 0 0 
1 0 0 0 8d90 00000000 0 BRA 0 0 
0 0 0 0 8d90 00000000 0 BRA 0 0 
1 0 0 0 8da0 0000003f 1 R6 IADD3 2 R21 R255 0 
0 0 0 0 8da0 0000ffff 1 R6 IADD3 2 R21 R255 0 
1 0 0 0 8db0 0000003f 1 R2 FFMA 3 R15 R15 R2 0 
0 0 0 0 8db0 0000ffff 1 R2 FFMA 3 R15 R15 R2 0 
1 0 0 0 8dc0 0000003f 0 ISETP.GE.U32.AND 1 R6 0 
0 0 0 0 8dc0 0000ffff 0 ISETP.GE.U32.AND 1 R6 0 
1 0 0 0 8dd0 0000003f 0 BRA 0 0 
0 0 0 0 8dd0 0000ffff 0 BRA 0 0 
1 0 0 0 8e60 0000003f 0 BSYNC 0 0 
1 0 0 0 8e70 0000003f 1 R2 FADD 2 R2 R7 0 
0 0 0 0 8e60 0000ffff 0 BSYNC 0 0 
1 0 0 0 8e80 0000003f 1 R5 FADD 2 R2 R5 0 
0 0 0 0 8e70 0000ffff 1 R2 FADD 2 R2 R7 0 
1 0 0 0 8e90 0000003f 1 R2 FADD 2 R5 R4 0 
0 0 0 0 8e80 0000ffff 1 R5 FADD 2 R2 R5 0 
1 0 0 0 8ea0 0000003f 0 BSYNC 0 0 
0 0 0 0 8e90 0000ffff 1 R2 FADD 2 R5 R4 0 
1 0 0 0 8ea0 0000ffc0 0 BSYNC 0 0 
0 0 0 0 8ea0 0000ffff 0 BSYNC 0 0 
1 0 0 0 8eb0 0000ffff 0 ISETP.NE.AND 1 R255 0 
0 0 0 0 8eb0 0000ffff 0 ISETP.NE.AND 1 R255 0 
1 0 0 0 8ec0 0000ffff 0 BRA 0 0 
0 0 0 0 8ec0 0000ffff 0 BRA 0 0 
1 0 0 0 9030 0000ffff 0 ISETP.NE.AND 1 R255 0 
0 0 0 0 9030 0000ffff 0 ISETP.NE.AND 1 R255 0 
1 0 0 0 9040 00000000 0 BRA 0 0 
0 0 0 0 9040 00000000 0 BRA 0 0 
1 0 0 0 9050 0000ffff 1 R5 IMAD.MOV.U32 2 R255 R255 0 
0 0 0 0 9050 0000ffff 1 R5 IMAD.MOV.U32 2 R255 R255 0 
1 0 0 0 9060 0000ffff 1 R4 MOV 0 0 
0 0 0 0 9060 0000ffff 1 R4 MOV 0 0 
1 0 0 0 9070 0000ffff 0 ISETP.GT.AND 1 R5 0 
0 0 0 0 9070 0000ffff 0 ISETP.GT.AND 1 R5 0 
1 0 0 0 9080 0000ffff 0 BRA 0 0 
0 0 0 0 9080 0000ffff 0 BRA 0 0 
1 0 0 0 91f0 0000ffff 0 NOP 0 0 
0 0 0 0 91f0 0000ffff 0 NOP 0 0 
1 0 0 0 9200 0000ffff 0 BAR.SYNC 0 0 
0 0 0 0 9200 0000ffff 0 BAR.SYNC 0 0 
1 0 0 0 9210 0000ffff 0 ISETP.GE.AND 1 R4 0 
0 0 0 0 9210 0000ffff 0 ISETP.GE.AND 1 R4 0 
1 0 0 0 9220 00000000 0 BRA 0 0 
0 0 0 0 9220 00000000 0 BRA 0 0 
1 0 0 0 9230 0000ffff 1 R5 MOV 0 0 
0 0 0 0 9230 0000ffff 1 R5 MOV 0 0 
1 0 0 0 9240 0000ffff 0 SHFL.DOWN 3 R7 R2 R5 0 
0 0 0 0 9240 0000ffff 0 SHFL.DOWN 3 R7 R2 R5 0 
1 0 0 0 9250 0000ffff 1 R5 SHF.L.U32 2 R5 R255 0 
0 0 0 0 9250 0000ffff 1 R5 SHF.L.U32 2 R5 R255 0 
1 0 0 0 9260 0000ffff 0 ISETP.GE.AND 2 R5 R4 0 
0 0 0 0 9260 0000ffff 0 ISETP.GE.AND 2 R5 R4 0 
1 0 0 0 9270 0000ffff 1 R2 FADD 2 R7 R2 0 
0 0 0 0 9270 0000ffff 1 R2 FADD 2 R7 R2 0 
1 0 0 0 9280 00000000 0 BRA 0 0 
0 0 0 0 9280 00000000 0 BRA 0 0 
1 0 0 0 9290 0000ffff 0 ISETP.NE.AND 1 R255 0 
0 0 0 0 9290 0000ffff 0 ISETP.NE.AND 1 R255 0 
1 0 0 0 92a0 0000ffff 1 R16 IMAD.MOV.U32 3 R255 R255 R255 0 
0 0 0 0 92a0 0000ffff 1 R16 IMAD.MOV.U32 3 R255 R255 R255 0 
1 0 0 0 92b0 00000000 0 BRA 0 0 
0 0 0 0 92b0 00000000 0 BRA 0 0 
1 0 0 0 92c0 0000ffff 1 R12 MOV 1 R255 0 
0 0 0 0 92c0 0000ffff 1 R12 MOV 1 R255 0 
1 0 0 0 92d0 0000ffff 1 R6 IMAD.MOV.U32 2 R255 R255 0 
0 0 0 0 92d0 0000ffff 1 R6 IMAD.MOV.U32 2 R255 R255 0 
1 0 0 0 92e0 0000ffff 1 R4 IMAD.WIDE.U32 2 R13 R12 0 
0 0 0 0 92e0 0000ffff 1 R4 IMAD.WIDE.U32 2 R13 R12 0 
1 0 0 0 92f0 0000ffff 0 ISETP.NE.AND 1 R6 0 
0 0 0 0 92f0 0000ffff 0 ISETP.NE.AND 1 R6 0 
1 0 0 0 9300 0000ffff 1 R5 SHF.R.U32.HI 2 R255 R5 0 
0 0 0 0 9300 0000ffff 1 R5 SHF.R.U32.HI 2 R255 R5 0 
1 0 0 0 9310 0000ffff 1 R7 IADD3 3 R5 R255 R255 0 
0 0 0 0 9310 0000ffff 1 R7 IADD3 3 R5 R255 R255 0 
1 0 0 0 9320 0000ffff 1 R7 IMAD 2 R7 R13 0 
0 0 0 0 9320 0000ffff 1 R7 IMAD 2 R7 R13 0 
1 0 0 0 9330 0000ffff 1 R16 IMAD 2 R7 R255 0 
0 0 0 0 9330 0000ffff 1 R16 IMAD 2 R7 R255 0 
1 0 0 0 9340 0000ffff 0 BRA 0 0 
0 0 0 0 9340 0000ffff 0 BRA 0 0 
1 0 0 0 9f30 0000ffff 0 ISETP.NE.U32.AND 1 R255 0 
0 0 0 0 9f30 0000ffff 0 ISETP.NE.U32.AND 1 R255 0 
1 0 0 0 9f40 0000ffff 1 R4 CS2R 0 0 
0 0 0 0 9f40 0000ffff 1 R4 CS2R 0 0 
1 0 0 0 9f50 0000ffff 1 R6 IADD3 2 R16 R255 0 
0 0 0 0 9f50 0000ffff 1 R6 IADD3 2 R16 R255 0 
1 0 0 0 9f60 0000ffff 0 ISETP.NE.AND.EX 1 R255 0 
0 0 0 0 9f60 0000ffff 0 ISETP.NE.AND.EX 1 R255 0 
1 0 0 0 9f70 0000ffff 1 R9 MOV 1 R255 0 
0 0 0 0 9f70 0000ffff 1 R9 MOV 1 R255 0 
1 0 0 0 9f80 0000ffff 1 R7 IADD3.X 2 R255 R255 0 
0 0 0 0 9f80 0000ffff 1 R7 IADD3.X 2 R255 R255 0 
1 0 0 0 9f90 00000000 1 R4 IADD3 2 R16 R255 0 
0 0 0 0 9f90 00000000 1 R4 IADD3 2 R16 R255 0 
1 0 0 0 9fa0 00000000 1 R5 IMAD.X 2 R255 R255 0 
0 0 0 0 9fa0 00000000 1 R5 IMAD.X 2 R255 R255 0 
1 0 0 0 9fb0 00000000 1 R9 MOV 1 R5 0 
0 0 0 0 9fb0 00000000 1 R9 MOV 1 R5 0 
1 0 0 0 9fc0 0000ffff 0 ISETP.NE.AND 1 R255 0 
0 0 0 0 9fc0 0000ffff 0 ISETP.NE.AND 1 R255 0 
1 0 0 0 9fd0 0000ffff 0 BRA 0 0 
0 0 0 0 9fd0 0000ffff 0 BRA 0 0 
1 0 0 0 bbf0 0000ffff 0 ISETP.GE.AND 1 R13 0 
0 0 0 0 bbf0 0000ffff 0 ISETP.GE.AND 1 R13 0 
1 0 0 0 bc00 0000ffc0 0 EXIT 0 0 
0 0 0 0 bc00 00000000 0 EXIT 0 0 
1 0 0 0 bc10 0000003f 0 ISETP.NE.AND 2 R0 R255 0 
0 0 0 0 bc10 0000ffff 0 ISETP.NE.AND 2 R0 R255 0 
1 0 0 0 bc20 0000003f 0 ISETP.NE.AND 1 R255 0 
0 0 0 0 bc20 0000ffff 0 ISETP.NE.AND 1 R255 0 
1 0 0 0 bc30 0000003f 0 EXIT 0 0 
0 0 0 0 bc30 0000ffff 0 EXIT 0 0 
1 0 0 0 bc40 00000015 0 ISETP.NE.AND 2 R3 R255 0 
0 0 0 0 bc40 00005555 0 ISETP.NE.AND 2 R3 R255 0 
1 0 0 0 bc50 00000015 0 ISETP.NE.AND 1 R255 0 
0 0 0 0 bc50 00005555 0 ISETP.NE.AND 1 R255 0 
1 0 0 0 bc60 00000000 0 EXIT 0 0 
0 0 0 0 bc60 00000000 0 EXIT 0 0 
1 0 0 0 bc70 00000015 1 R0 LDC.U8 0 0 
0 0 0 0 bc70 00005555 1 R0 LDC.U8 0 0 
1 0 0 0 bc80 00000015 0 ISETP.NE.U32.AND 2 R4 R255 0 
0 0 0 0 bc80 00005555 0 ISETP.NE.U32.AND 2 R4 R255 0 
1 0 0 0 bc90 00000015 0 ISETP.NE.AND.EX 2 R9 R255 0 
0 0 0 0 bc90 00005555 0 ISETP.NE.AND.EX 2 R9 R255 0 
1 0 0 0 bca0 00000015 0 BRA 0 0 
0 0 0 0 bca0 00005555 0 BRA 0 0 
1 0 0 0 bf70 00000015 1 R3 LDC.U8 0 0 
0 0 0 0 bf70 00005555 1 R3 LDC.U8 0 0 
1 0 0 0 bf80 00000015 0 ISETP.NE.AND 2 R0 R255 0 
0 0 0 0 bf80 00005555 0 ISETP.NE.AND 2 R0 R255 0 
1 0 0 0 bf90 00000015 0 ISETP.NE.AND 2 R3 R255 0 
0 0 0 0 bf90 00005555 0 ISETP.NE.AND 2 R3 R255 0 
1 0 0 0 bfa0 00000015 0 BRA 0 0 
0 0 0 0 bfa0 00005555 0 BRA 0 0 
1 0 0 0 bfd0 00000000 0 BRA 0 0 
0 0 0 0 bfd0 00000000 0 BRA 0 0 
1 0 0 0 bfe0 00000015 1 R0 IMAD.MOV.U32 2 R255 R255 0 
0 0 0 0 bfe0 00005555 1 R0 IMAD.MOV.U32 2 R255 R255 0 
1 0 0 0 bff0 00000015 0 ISETP.NE.AND 1 R0 0 
0 0 0 0 bff0 00005555 0 ISETP.NE.AND 1 R0 0 
1 0 0 0 c000 00000015 0 BRA 0 0 
0 0 0 0 c000 00005555 0 BRA 0 0 
1 0 0 0 c0d0 00000015 1 R0 IADD3 2 R2 R255 0 
0 0 0 0 c0d0 00005555 1 R0 IADD3 2 R2 R255 0 
1 0 0 0 c0e0 00000015 1 R5 MUFU.RSQ 1 R2 0 
0 0 0 0 c0e0 00005555 1 R5 MUFU.RSQ 1 R2 0 
1 0 0 0 c0f0 00000015 1 R16 IADD3 2 R16 R255 0 
0 0 0 0 c0f0 00005555 1 R16 IADD3 2 R16 R255 0 
1 0 0 0 c100 00000015 1 R255 BMOV.32.CLEAR 0 0 
0 0 0 0 c100 00005555 1 R255 BMOV.32.CLEAR 0 0 
1 0 0 0 c110 00000015 0 ISETP.GT.U32.AND 1 R0 0 
0 0 0 0 c110 00005555 0 ISETP.GT.U32.AND 1 R0 0 
1 0 0 0 c120 00000015 0 BSSY 0 0 
0 0 0 0 c120 00005555 0 BSSY 0 0 
1 0 0 0 c130 00000015 1 R17 IADD3.X 2 R255 R255 0 
0 0 0 0 c130 00005555 1 R17 IADD3.X 2 R255 R255 0 
1 0 0 0 c140 00000015 0 BRA 0 0 
0 0 0 0 c140 00005555 0 BRA 0 0 
1 0 0 0 c1a0 00000015 1 R3 FMUL.FTZ 2 R5 R2 0 
0 0 0 0 c1a0 00005555 1 R3 FMUL.FTZ 2 R5 R2 0 
1 0 0 0 c1b0 00000015 1 R0 FMUL.FTZ 1 R5 0 
0 0 0 0 c1b0 00005555 1 R0 FMUL.FTZ 1 R5 0 
1 0 0 0 c1c0 00000015 1 R2 FFMA 3 R3 R3 R2 0 
0 0 0 0 c1c0 00005555 1 R2 FFMA 3 R3 R3 R2 0 
1 0 0 0 c1d0 00000015 1 R3 FFMA 3 R2 R0 R3 0 
0 0 0 0 c1d0 00005555 1 R3 FFMA 3 R2 R0 R3 0 
1 0 0 0 c1e0 00000015 0 BSYNC 0 0 
0 0 0 0 c1e0 00005555 0 BSYNC 0 0 
1 0 0 0 c1f0 00000015 0 STG.E.SYS 2 R16 R3 4 2 0x7f03b6601e20 4 4 
1 0 0 0 c200 00000015 0 EXIT 0 0 
0 0 0 0 c1f0 00005555 0 STG.E.SYS 2 R16 R3 4 2 0x7f03b6601e00 4 4 4 4 4 4 4 
0 0 0 0 c200 00005555 0 EXIT 0 0 
