-kernel name = _Z20reduce_1Block_kernelIfLi128ELi7E30cublasGemvTensorStridedBatchedIfES0_IKfES1_EvPKT_S4_T2_iS6_S4_T3_T4_19cublasPointerMode_t18cublasLtEpilogue_tS0_IKN8biasTypeINS9_10value_typeES4_E4typeEE
-kernel id = 34360
-grid dim = (1,1,5)
-block dim = (128,1,1)
-shmem = 768
-nregs = 26
-binary version = 70
-cuda stream id = 0
-shmem base_addr = 0x00007f045a000000
-local mem base_addr = 0x00007f0458000000
-nvbit version = 1.5.3
-accelsim tracer version = 3

#traces format = threadblock_x threadblock_y threadblock_z warpid_tb PC mask dest_num [reg_dests] opcode src_num [reg_srcs] mem_width [adrrescompress?] [mem_addresses]

0 0 1 0 0000 ffffffff 1 R1 IMAD.MOV.U32 2 R255 R255 0 
0 0 1 2 0000 ffffffff 1 R1 IMAD.MOV.U32 2 R255 R255 0 
0 0 1 1 0000 ffffffff 1 R1 IMAD.MOV.U32 2 R255 R255 0 
0 0 4 0 0000 ffffffff 1 R1 IMAD.MOV.U32 2 R255 R255 0 
0 0 1 3 0000 ffffffff 1 R1 IMAD.MOV.U32 2 R255 R255 0 
0 0 3 0 0000 ffffffff 1 R1 IMAD.MOV.U32 2 R255 R255 0 
0 0 2 0 0000 ffffffff 1 R1 IMAD.MOV.U32 2 R255 R255 0 
0 0 4 2 0000 ffffffff 1 R1 IMAD.MOV.U32 2 R255 R255 0 
0 0 3 2 0000 ffffffff 1 R1 IMAD.MOV.U32 2 R255 R255 0 
0 0 4 1 0000 ffffffff 1 R1 IMAD.MOV.U32 2 R255 R255 0 
0 0 2 2 0000 ffffffff 1 R1 IMAD.MOV.U32 2 R255 R255 0 
0 0 4 3 0000 ffffffff 1 R1 IMAD.MOV.U32 2 R255 R255 0 
0 0 3 1 0000 ffffffff 1 R1 IMAD.MOV.U32 2 R255 R255 0 
0 0 2 1 0000 ffffffff 1 R1 IMAD.MOV.U32 2 R255 R255 0 
0 0 3 3 0000 ffffffff 1 R1 IMAD.MOV.U32 2 R255 R255 0 
0 0 2 3 0000 ffffffff 1 R1 IMAD.MOV.U32 2 R255 R255 0 
0 0 0 0 0000 ffffffff 1 R1 IMAD.MOV.U32 2 R255 R255 0 
0 0 0 2 0000 ffffffff 1 R1 IMAD.MOV.U32 2 R255 R255 0 
0 0 0 1 0000 ffffffff 1 R1 IMAD.MOV.U32 2 R255 R255 0 
0 0 0 3 0000 ffffffff 1 R1 IMAD.MOV.U32 2 R255 R255 0 
0 0 0 2 0010 00000000 0 SHFL.IDX 4 R255 R255 R255 R255 0 
0 0 0 0 0010 00000000 0 SHFL.IDX 4 R255 R255 R255 R255 0 
0 0 0 1 0010 00000000 0 SHFL.IDX 4 R255 R255 R255 R255 0 
0 0 2 0 0010 00000000 0 SHFL.IDX 4 R255 R255 R255 R255 0 
0 0 0 3 0010 00000000 0 SHFL.IDX 4 R255 R255 R255 R255 0 
0 0 2 3 0010 00000000 0 SHFL.IDX 4 R255 R255 R255 R255 0 
0 0 3 2 0010 00000000 0 SHFL.IDX 4 R255 R255 R255 R255 0 
0 0 2 2 0010 00000000 0 SHFL.IDX 4 R255 R255 R255 R255 0 
0 0 3 1 0010 00000000 0 SHFL.IDX 4 R255 R255 R255 R255 0 
0 0 1 0 0010 00000000 0 SHFL.IDX 4 R255 R255 R255 R255 0 
0 0 2 1 0010 00000000 0 SHFL.IDX 4 R255 R255 R255 R255 0 
0 0 4 3 0010 00000000 0 SHFL.IDX 4 R255 R255 R255 R255 0 
0 0 4 0 0010 00000000 0 SHFL.IDX 4 R255 R255 R255 R255 0 
0 0 3 3 0010 00000000 0 SHFL.IDX 4 R255 R255 R255 R255 0 
0 0 3 0 0010 00000000 0 SHFL.IDX 4 R255 R255 R255 R255 0 
0 0 1 3 0010 00000000 0 SHFL.IDX 4 R255 R255 R255 R255 0 
0 0 1 1 0010 00000000 0 SHFL.IDX 4 R255 R255 R255 R255 0 
0 0 1 2 0010 00000000 0 SHFL.IDX 4 R255 R255 R255 R255 0 
0 0 4 2 0010 00000000 0 SHFL.IDX 4 R255 R255 R255 R255 0 
0 0 4 1 0010 00000000 0 SHFL.IDX 4 R255 R255 R255 R255 0 
0 0 0 0 0020 ffffffff 1 R6 S2R 0 0 
0 0 2 0 0020 ffffffff 1 R6 S2R 0 0 
0 0 3 2 0020 ffffffff 1 R6 S2R 0 0 
0 0 0 1 0020 ffffffff 1 R6 S2R 0 0 
0 0 3 3 0020 ffffffff 1 R6 S2R 0 0 
0 0 0 3 0020 ffffffff 1 R6 S2R 0 0 
0 0 0 2 0020 ffffffff 1 R6 S2R 0 0 
0 0 1 0 0020 ffffffff 1 R6 S2R 0 0 
0 0 2 3 0020 ffffffff 1 R6 S2R 0 0 
0 0 3 0 0020 ffffffff 1 R6 S2R 0 0 
0 0 4 3 0020 ffffffff 1 R6 S2R 0 0 
0 0 3 1 0020 ffffffff 1 R6 S2R 0 0 
0 0 2 1 0020 ffffffff 1 R6 S2R 0 0 
0 0 4 0 0020 ffffffff 1 R6 S2R 0 0 
0 0 1 1 0020 ffffffff 1 R6 S2R 0 0 
0 0 2 2 0020 ffffffff 1 R6 S2R 0 0 
0 0 1 2 0020 ffffffff 1 R6 S2R 0 0 
0 0 1 3 0020 ffffffff 1 R6 S2R 0 0 
0 0 4 2 0020 ffffffff 1 R6 S2R 0 0 
0 0 4 1 0020 ffffffff 1 R6 S2R 0 0 
0 0 3 2 0030 ffffffff 0 ISETP.GE.AND 1 R6 0 
0 0 2 0 0030 ffffffff 0 ISETP.GE.AND 1 R6 0 
0 0 0 3 0030 ffffffff 0 ISETP.GE.AND 1 R6 0 
0 0 0 2 0030 ffffffff 0 ISETP.GE.AND 1 R6 0 
0 0 4 3 0030 ffffffff 0 ISETP.GE.AND 1 R6 0 
0 0 3 3 0030 ffffffff 0 ISETP.GE.AND 1 R6 0 
0 0 0 1 0030 ffffffff 0 ISETP.GE.AND 1 R6 0 
0 0 0 0 0030 ffffffff 0 ISETP.GE.AND 1 R6 0 
0 0 4 0 0030 ffffffff 0 ISETP.GE.AND 1 R6 0 
0 0 3 1 0030 ffffffff 0 ISETP.GE.AND 1 R6 0 
0 0 3 0 0030 ffffffff 0 ISETP.GE.AND 1 R6 0 
0 0 1 0 0030 ffffffff 0 ISETP.GE.AND 1 R6 0 
0 0 2 3 0030 ffffffff 0 ISETP.GE.AND 1 R6 0 
0 0 2 1 0030 ffffffff 0 ISETP.GE.AND 1 R6 0 
0 0 1 1 0030 ffffffff 0 ISETP.GE.AND 1 R6 0 
0 0 2 2 0030 ffffffff 0 ISETP.GE.AND 1 R6 0 
0 0 1 3 0030 ffffffff 0 ISETP.GE.AND 1 R6 0 
0 0 1 2 0030 ffffffff 0 ISETP.GE.AND 1 R6 0 
0 0 3 2 0040 00000000 1 R5 S2R 0 0 
0 0 4 1 0030 ffffffff 0 ISETP.GE.AND 1 R6 0 
0 0 4 2 0030 ffffffff 0 ISETP.GE.AND 1 R6 0 
0 0 2 0 0040 0000ffff 1 R5 S2R 0 0 
0 0 4 3 0040 00000000 1 R5 S2R 0 0 
0 0 4 0 0040 0000ffff 1 R5 S2R 0 0 
0 0 3 3 0040 00000000 1 R5 S2R 0 0 
0 0 3 0 0040 0000ffff 1 R5 S2R 0 0 
0 0 0 0 0040 0000ffff 1 R5 S2R 0 0 
0 0 0 3 0040 00000000 1 R5 S2R 0 0 
0 0 0 1 0040 00000000 1 R5 S2R 0 0 
0 0 3 1 0040 00000000 1 R5 S2R 0 0 
0 0 0 2 0040 00000000 1 R5 S2R 0 0 
0 0 1 3 0040 00000000 1 R5 S2R 0 0 
0 0 1 0 0040 0000ffff 1 R5 S2R 0 0 
0 0 2 3 0040 00000000 1 R5 S2R 0 0 
0 0 2 2 0040 00000000 1 R5 S2R 0 0 
0 0 2 1 0040 00000000 1 R5 S2R 0 0 
0 0 1 1 0040 00000000 1 R5 S2R 0 0 
0 0 1 2 0040 00000000 1 R5 S2R 0 0 
0 0 3 2 0050 00000000 1 R7 SHF.R.S32.HI 2 R255 R6 0 
0 0 4 1 0040 00000000 1 R5 S2R 0 0 
0 0 4 2 0040 00000000 1 R5 S2R 0 0 
0 0 2 0 0050 0000ffff 1 R7 SHF.R.S32.HI 2 R255 R6 0 
0 0 4 3 0050 00000000 1 R7 SHF.R.S32.HI 2 R255 R6 0 
0 0 3 3 0050 00000000 1 R7 SHF.R.S32.HI 2 R255 R6 0 
0 0 4 0 0050 0000ffff 1 R7 SHF.R.S32.HI 2 R255 R6 0 
0 0 3 0 0050 0000ffff 1 R7 SHF.R.S32.HI 2 R255 R6 0 
0 0 3 1 0050 00000000 1 R7 SHF.R.S32.HI 2 R255 R6 0 
0 0 0 3 0050 00000000 1 R7 SHF.R.S32.HI 2 R255 R6 0 
0 0 0 1 0050 00000000 1 R7 SHF.R.S32.HI 2 R255 R6 0 
0 0 0 2 0050 00000000 1 R7 SHF.R.S32.HI 2 R255 R6 0 
0 0 1 0 0050 0000ffff 1 R7 SHF.R.S32.HI 2 R255 R6 0 
0 0 0 0 0050 0000ffff 1 R7 SHF.R.S32.HI 2 R255 R6 0 
0 0 2 1 0050 00000000 1 R7 SHF.R.S32.HI 2 R255 R6 0 
0 0 2 2 0050 00000000 1 R7 SHF.R.S32.HI 2 R255 R6 0 
0 0 1 3 0050 00000000 1 R7 SHF.R.S32.HI 2 R255 R6 0 
0 0 1 1 0050 00000000 1 R7 SHF.R.S32.HI 2 R255 R6 0 
0 0 3 2 0060 00000000 1 R2 IMAD.WIDE.U32 2 R5 R6 0 
0 0 2 3 0050 00000000 1 R7 SHF.R.S32.HI 2 R255 R6 0 
0 0 1 2 0050 00000000 1 R7 SHF.R.S32.HI 2 R255 R6 0 
0 0 4 1 0050 00000000 1 R7 SHF.R.S32.HI 2 R255 R6 0 
0 0 2 0 0060 0000ffff 1 R2 IMAD.WIDE.U32 2 R5 R6 0 
0 0 4 3 0060 00000000 1 R2 IMAD.WIDE.U32 2 R5 R6 0 
0 0 3 3 0060 00000000 1 R2 IMAD.WIDE.U32 2 R5 R6 0 
0 0 4 2 0050 00000000 1 R7 SHF.R.S32.HI 2 R255 R6 0 
0 0 4 0 0060 0000ffff 1 R2 IMAD.WIDE.U32 2 R5 R6 0 
0 0 1 0 0060 0000ffff 1 R2 IMAD.WIDE.U32 2 R5 R6 0 
0 0 3 2 0070 00000000 1 R3 IMAD 2 R5 R3 0 
0 0 3 1 0060 00000000 1 R2 IMAD.WIDE.U32 2 R5 R6 0 
0 0 3 0 0060 0000ffff 1 R2 IMAD.WIDE.U32 2 R5 R6 0 
0 0 0 2 0060 00000000 1 R2 IMAD.WIDE.U32 2 R5 R6 0 
0 0 0 3 0060 00000000 1 R2 IMAD.WIDE.U32 2 R5 R6 0 
0 0 1 1 0060 00000000 1 R2 IMAD.WIDE.U32 2 R5 R6 0 
0 0 1 3 0060 00000000 1 R2 IMAD.WIDE.U32 2 R5 R6 0 
0 0 0 0 0060 0000ffff 1 R2 IMAD.WIDE.U32 2 R5 R6 0 
0 0 0 1 0060 00000000 1 R2 IMAD.WIDE.U32 2 R5 R6 0 
0 0 2 2 0060 00000000 1 R2 IMAD.WIDE.U32 2 R5 R6 0 
0 0 2 3 0060 00000000 1 R2 IMAD.WIDE.U32 2 R5 R6 0 
0 0 1 2 0060 00000000 1 R2 IMAD.WIDE.U32 2 R5 R6 0 
0 0 2 1 0060 00000000 1 R2 IMAD.WIDE.U32 2 R5 R6 0 
0 0 2 0 0070 0000ffff 1 R3 IMAD 2 R5 R3 0 
0 0 4 3 0070 00000000 1 R3 IMAD 2 R5 R3 0 
0 0 4 1 0060 00000000 1 R2 IMAD.WIDE.U32 2 R5 R6 0 
0 0 3 2 0080 00000000 1 R8 LEA 1 R2 0 
0 0 3 3 0070 00000000 1 R3 IMAD 2 R5 R3 0 
0 0 4 0 0070 0000ffff 1 R3 IMAD 2 R5 R3 0 
0 0 1 3 0070 00000000 1 R3 IMAD 2 R5 R3 0 
0 0 3 0 0070 0000ffff 1 R3 IMAD 2 R5 R3 0 
0 0 3 1 0070 00000000 1 R3 IMAD 2 R5 R3 0 
0 0 1 0 0070 0000ffff 1 R3 IMAD 2 R5 R3 0 
0 0 0 0 0070 0000ffff 1 R3 IMAD 2 R5 R3 0 
0 0 1 1 0070 00000000 1 R3 IMAD 2 R5 R3 0 
0 0 1 2 0070 00000000 1 R3 IMAD 2 R5 R3 0 
0 0 4 2 0060 00000000 1 R2 IMAD.WIDE.U32 2 R5 R6 0 
0 0 2 1 0070 00000000 1 R3 IMAD 2 R5 R3 0 
0 0 0 1 0070 00000000 1 R3 IMAD 2 R5 R3 0 
0 0 2 3 0070 00000000 1 R3 IMAD 2 R5 R3 0 
0 0 2 2 0070 00000000 1 R3 IMAD 2 R5 R3 0 
0 0 0 3 0070 00000000 1 R3 IMAD 2 R5 R3 0 
0 0 0 2 0070 00000000 1 R3 IMAD 2 R5 R3 0 
0 0 2 0 0080 0000ffff 1 R8 LEA 1 R2 0 
0 0 4 3 0080 00000000 1 R8 LEA 1 R2 0 
0 0 3 2 0090 ffffffff 1 R5 IMAD.MOV.U32 3 R255 R255 R255 0 
0 0 3 3 0080 00000000 1 R8 LEA 1 R2 0 
0 0 4 1 0070 00000000 1 R3 IMAD 2 R5 R3 0 
0 0 3 0 0080 0000ffff 1 R8 LEA 1 R2 0 
0 0 3 1 0080 00000000 1 R8 LEA 1 R2 0 
0 0 4 0 0080 0000ffff 1 R8 LEA 1 R2 0 
0 0 1 2 0080 00000000 1 R8 LEA 1 R2 0 
0 0 1 0 0080 0000ffff 1 R8 LEA 1 R2 0 
0 0 1 1 0080 00000000 1 R8 LEA 1 R2 0 
0 0 1 3 0080 00000000 1 R8 LEA 1 R2 0 
0 0 2 1 0080 00000000 1 R8 LEA 1 R2 0 
0 0 2 3 0080 00000000 1 R8 LEA 1 R2 0 
0 0 0 0 0080 0000ffff 1 R8 LEA 1 R2 0 
0 0 2 2 0080 00000000 1 R8 LEA 1 R2 0 
0 0 0 3 0080 00000000 1 R8 LEA 1 R2 0 
0 0 2 0 0090 ffffffff 1 R5 IMAD.MOV.U32 3 R255 R255 R255 0 
0 0 0 1 0080 00000000 1 R8 LEA 1 R2 0 
0 0 0 2 0080 00000000 1 R8 LEA 1 R2 0 
0 0 4 2 0070 00000000 1 R3 IMAD 2 R5 R3 0 
0 0 4 3 0090 ffffffff 1 R5 IMAD.MOV.U32 3 R255 R255 R255 0 
0 0 3 2 00a0 00000000 1 R9 LEA.HI.X 2 R2 R3 0 
0 0 3 3 0090 ffffffff 1 R5 IMAD.MOV.U32 3 R255 R255 R255 0 
0 0 3 1 0090 ffffffff 1 R5 IMAD.MOV.U32 3 R255 R255 R255 0 
0 0 3 0 0090 ffffffff 1 R5 IMAD.MOV.U32 3 R255 R255 R255 0 
0 0 1 0 0090 ffffffff 1 R5 IMAD.MOV.U32 3 R255 R255 R255 0 
0 0 4 0 0090 ffffffff 1 R5 IMAD.MOV.U32 3 R255 R255 R255 0 
0 0 4 1 0080 00000000 1 R8 LEA 1 R2 0 
0 0 1 3 0090 ffffffff 1 R5 IMAD.MOV.U32 3 R255 R255 R255 0 
0 0 2 0 00a0 0000ffff 1 R9 LEA.HI.X 2 R2 R3 0 
0 0 1 2 0090 ffffffff 1 R5 IMAD.MOV.U32 3 R255 R255 R255 0 
0 0 0 2 0090 ffffffff 1 R5 IMAD.MOV.U32 3 R255 R255 R255 0 
0 0 1 1 0090 ffffffff 1 R5 IMAD.MOV.U32 3 R255 R255 R255 0 
0 0 4 3 00a0 00000000 1 R9 LEA.HI.X 2 R2 R3 0 
0 0 2 3 0090 ffffffff 1 R5 IMAD.MOV.U32 3 R255 R255 R255 0 
0 0 2 1 0090 ffffffff 1 R5 IMAD.MOV.U32 3 R255 R255 R255 0 
0 0 0 3 0090 ffffffff 1 R5 IMAD.MOV.U32 3 R255 R255 R255 0 
0 0 2 2 0090 ffffffff 1 R5 IMAD.MOV.U32 3 R255 R255 R255 0 
0 0 3 2 00b0 ffffffff 1 R3 IMAD.MOV.U32 2 R255 R255 0 
0 0 0 0 0090 ffffffff 1 R5 IMAD.MOV.U32 3 R255 R255 R255 0 
0 0 0 1 0090 ffffffff 1 R5 IMAD.MOV.U32 3 R255 R255 R255 0 
0 0 4 2 0080 00000000 1 R8 LEA 1 R2 0 
0 0 3 3 00a0 00000000 1 R9 LEA.HI.X 2 R2 R3 0 
0 0 3 1 00a0 00000000 1 R9 LEA.HI.X 2 R2 R3 0 
0 0 3 0 00a0 0000ffff 1 R9 LEA.HI.X 2 R2 R3 0 
0 0 1 0 00a0 0000ffff 1 R9 LEA.HI.X 2 R2 R3 0 
0 0 4 0 00a0 0000ffff 1 R9 LEA.HI.X 2 R2 R3 0 
0 0 4 3 00b0 ffffffff 1 R3 IMAD.MOV.U32 2 R255 R255 0 
0 0 1 3 00a0 00000000 1 R9 LEA.HI.X 2 R2 R3 0 
0 0 1 1 00a0 00000000 1 R9 LEA.HI.X 2 R2 R3 0 
0 0 2 0 00b0 ffffffff 1 R3 IMAD.MOV.U32 2 R255 R255 0 
0 0 1 2 00a0 00000000 1 R9 LEA.HI.X 2 R2 R3 0 
0 0 4 1 0090 ffffffff 1 R5 IMAD.MOV.U32 3 R255 R255 R255 0 
0 0 2 1 00a0 00000000 1 R9 LEA.HI.X 2 R2 R3 0 
0 0 0 0 00a0 0000ffff 1 R9 LEA.HI.X 2 R2 R3 0 
0 0 0 2 00a0 00000000 1 R9 LEA.HI.X 2 R2 R3 0 
0 0 2 3 00a0 00000000 1 R9 LEA.HI.X 2 R2 R3 0 
0 0 0 1 00a0 00000000 1 R9 LEA.HI.X 2 R2 R3 0 
0 0 0 3 00a0 00000000 1 R9 LEA.HI.X 2 R2 R3 0 
0 0 2 2 00a0 00000000 1 R9 LEA.HI.X 2 R2 R3 0 
0 0 3 2 00c0 00000000 1 R5 LDG.E.SYS 1 R8 4 1 0x0 0 
0 0 4 2 0090 ffffffff 1 R5 IMAD.MOV.U32 3 R255 R255 R255 0 
0 0 3 3 00b0 ffffffff 1 R3 IMAD.MOV.U32 2 R255 R255 0 
0 0 3 1 00b0 ffffffff 1 R3 IMAD.MOV.U32 2 R255 R255 0 
0 0 3 0 00b0 ffffffff 1 R3 IMAD.MOV.U32 2 R255 R255 0 
0 0 1 0 00b0 ffffffff 1 R3 IMAD.MOV.U32 2 R255 R255 0 
0 0 1 3 00b0 ffffffff 1 R3 IMAD.MOV.U32 2 R255 R255 0 
0 0 4 0 00b0 ffffffff 1 R3 IMAD.MOV.U32 2 R255 R255 0 
0 0 1 1 00b0 ffffffff 1 R3 IMAD.MOV.U32 2 R255 R255 0 
0 0 4 3 00c0 00000000 1 R5 LDG.E.SYS 1 R8 4 1 0x0 0 
0 0 1 2 00b0 ffffffff 1 R3 IMAD.MOV.U32 2 R255 R255 0 
0 0 3 2 00d0 ffffffff 0 ISETP.GE.U32.AND 1 R3 0 
0 0 2 3 00b0 ffffffff 1 R3 IMAD.MOV.U32 2 R255 R255 0 
0 0 0 3 00b0 ffffffff 1 R3 IMAD.MOV.U32 2 R255 R255 0 
0 0 0 2 00b0 ffffffff 1 R3 IMAD.MOV.U32 2 R255 R255 0 
0 0 0 0 00b0 ffffffff 1 R3 IMAD.MOV.U32 2 R255 R255 0 
0 0 2 0 00c0 0000ffff 1 R5 LDG.E.SYS 1 R8 4 1 0x7f03fcc00080 4 
0 0 2 1 00b0 ffffffff 1 R3 IMAD.MOV.U32 2 R255 R255 0 
0 0 0 1 00b0 ffffffff 1 R3 IMAD.MOV.U32 2 R255 R255 0 
0 0 2 2 00b0 ffffffff 1 R3 IMAD.MOV.U32 2 R255 R255 0 
0 0 4 1 00a0 00000000 1 R9 LEA.HI.X 2 R2 R3 0 
0 0 4 2 00a0 00000000 1 R9 LEA.HI.X 2 R2 R3 0 
0 0 4 3 00d0 ffffffff 0 ISETP.GE.U32.AND 1 R3 0 
0 0 3 3 00c0 00000000 1 R5 LDG.E.SYS 1 R8 4 1 0x0 0 
0 0 3 1 00c0 00000000 1 R5 LDG.E.SYS 1 R8 4 1 0x0 0 
0 0 3 0 00c0 0000ffff 1 R5 LDG.E.SYS 1 R8 4 1 0x7f03fcc000c0 4 
0 0 3 2 00e0 ffffffff 1 R0 IMAD.MOV.U32 2 R255 R255 0 
0 0 1 1 00c0 00000000 1 R5 LDG.E.SYS 1 R8 4 1 0x0 0 
0 0 1 0 00c0 0000ffff 1 R5 LDG.E.SYS 1 R8 4 1 0x7f03fcc00040 4 
0 0 2 0 00d0 ffffffff 0 ISETP.GE.U32.AND 1 R3 0 
0 0 1 3 00c0 00000000 1 R5 LDG.E.SYS 1 R8 4 1 0x0 0 
0 0 4 0 00c0 0000ffff 1 R5 LDG.E.SYS 1 R8 4 1 0x7f03fcc00100 4 
0 0 1 2 00c0 00000000 1 R5 LDG.E.SYS 1 R8 4 1 0x0 0 
0 0 4 1 00b0 ffffffff 1 R3 IMAD.MOV.U32 2 R255 R255 0 
0 0 0 2 00c0 00000000 1 R5 LDG.E.SYS 1 R8 4 1 0x0 0 
0 0 2 3 00c0 00000000 1 R5 LDG.E.SYS 1 R8 4 1 0x0 0 
0 0 4 3 00e0 ffffffff 1 R0 IMAD.MOV.U32 2 R255 R255 0 
0 0 0 1 00c0 00000000 1 R5 LDG.E.SYS 1 R8 4 1 0x0 0 
0 0 0 0 00c0 0000ffff 1 R5 LDG.E.SYS 1 R8 4 1 0x7f03fcc00000 4 
0 0 0 3 00c0 00000000 1 R5 LDG.E.SYS 1 R8 4 1 0x0 0 
0 0 2 1 00c0 00000000 1 R5 LDG.E.SYS 1 R8 4 1 0x0 0 
0 0 2 2 00c0 00000000 1 R5 LDG.E.SYS 1 R8 4 1 0x0 0 
0 0 4 2 00b0 ffffffff 1 R3 IMAD.MOV.U32 2 R255 R255 0 
0 0 3 2 00f0 ffffffff 1 R4 IMAD.MOV.U32 2 R255 R255 0 
0 0 3 3 00d0 ffffffff 0 ISETP.GE.U32.AND 1 R3 0 
0 0 3 1 00d0 ffffffff 0 ISETP.GE.U32.AND 1 R3 0 
0 0 3 0 00d0 ffffffff 0 ISETP.GE.U32.AND 1 R3 0 
0 0 1 3 00d0 ffffffff 0 ISETP.GE.U32.AND 1 R3 0 
0 0 1 1 00d0 ffffffff 0 ISETP.GE.U32.AND 1 R3 0 
0 0 1 0 00d0 ffffffff 0 ISETP.GE.U32.AND 1 R3 0 
0 0 4 0 00d0 ffffffff 0 ISETP.GE.U32.AND 1 R3 0 
0 0 2 0 00e0 ffffffff 1 R0 IMAD.MOV.U32 2 R255 R255 0 
0 0 1 2 00d0 ffffffff 0 ISETP.GE.U32.AND 1 R3 0 
0 0 4 3 00f0 ffffffff 1 R4 IMAD.MOV.U32 2 R255 R255 0 
0 0 0 0 00d0 ffffffff 0 ISETP.GE.U32.AND 1 R3 0 
0 0 3 2 0100 ffffffff 0 BRA 0 0 
0 0 2 3 00d0 ffffffff 0 ISETP.GE.U32.AND 1 R3 0 
0 0 2 1 00d0 ffffffff 0 ISETP.GE.U32.AND 1 R3 0 
0 0 0 2 00d0 ffffffff 0 ISETP.GE.U32.AND 1 R3 0 
0 0 0 3 00d0 ffffffff 0 ISETP.GE.U32.AND 1 R3 0 
0 0 0 1 00d0 ffffffff 0 ISETP.GE.U32.AND 1 R3 0 
0 0 2 2 00d0 ffffffff 0 ISETP.GE.U32.AND 1 R3 0 
0 0 3 3 00e0 ffffffff 1 R0 IMAD.MOV.U32 2 R255 R255 0 
0 0 3 1 00e0 ffffffff 1 R0 IMAD.MOV.U32 2 R255 R255 0 
0 0 3 0 00e0 ffffffff 1 R0 IMAD.MOV.U32 2 R255 R255 0 
0 0 4 1 00c0 00000000 1 R5 LDG.E.SYS 1 R8 4 1 0x0 0 
0 0 1 3 00e0 ffffffff 1 R0 IMAD.MOV.U32 2 R255 R255 0 
0 0 2 0 00f0 ffffffff 1 R4 IMAD.MOV.U32 2 R255 R255 0 
0 0 4 2 00c0 00000000 1 R5 LDG.E.SYS 1 R8 4 1 0x0 0 
0 0 1 0 00e0 ffffffff 1 R0 IMAD.MOV.U32 2 R255 R255 0 
0 0 4 3 0100 ffffffff 0 BRA 0 0 
0 0 1 1 00e0 ffffffff 1 R0 IMAD.MOV.U32 2 R255 R255 0 
0 0 4 0 00e0 ffffffff 1 R0 IMAD.MOV.U32 2 R255 R255 0 
0 0 1 2 00e0 ffffffff 1 R0 IMAD.MOV.U32 2 R255 R255 0 
0 0 3 2 0790 ffffffff 1 R2 IMAD.SHL.U32 2 R6 R255 0 
0 0 2 2 00e0 ffffffff 1 R0 IMAD.MOV.U32 2 R255 R255 0 
0 0 2 1 00e0 ffffffff 1 R0 IMAD.MOV.U32 2 R255 R255 0 
0 0 0 0 00e0 ffffffff 1 R0 IMAD.MOV.U32 2 R255 R255 0 
0 0 2 3 00e0 ffffffff 1 R0 IMAD.MOV.U32 2 R255 R255 0 
0 0 3 3 00f0 ffffffff 1 R4 IMAD.MOV.U32 2 R255 R255 0 
0 0 0 2 00e0 ffffffff 1 R0 IMAD.MOV.U32 2 R255 R255 0 
0 0 3 1 00f0 ffffffff 1 R4 IMAD.MOV.U32 2 R255 R255 0 
0 0 0 3 00e0 ffffffff 1 R0 IMAD.MOV.U32 2 R255 R255 0 
0 0 0 1 00e0 ffffffff 1 R0 IMAD.MOV.U32 2 R255 R255 0 
0 0 3 0 00f0 ffffffff 1 R4 IMAD.MOV.U32 2 R255 R255 0 
0 0 2 0 0100 ffffffff 0 BRA 0 0 
0 0 1 0 00f0 ffffffff 1 R4 IMAD.MOV.U32 2 R255 R255 0 
0 0 1 3 00f0 ffffffff 1 R4 IMAD.MOV.U32 2 R255 R255 0 
0 0 1 1 00f0 ffffffff 1 R4 IMAD.MOV.U32 2 R255 R255 0 
0 0 4 1 00d0 ffffffff 0 ISETP.GE.U32.AND 1 R3 0 
0 0 4 3 0790 ffffffff 1 R2 IMAD.SHL.U32 2 R6 R255 0 
0 0 1 2 00f0 ffffffff 1 R4 IMAD.MOV.U32 2 R255 R255 0 
0 0 4 2 00d0 ffffffff 0 ISETP.GE.U32.AND 1 R3 0 
0 0 4 0 00f0 ffffffff 1 R4 IMAD.MOV.U32 2 R255 R255 0 
0 0 3 2 07a0 ffffffff 1 R7 IMAD.MOV.U32 2 R255 R255 0 
0 0 2 1 00f0 ffffffff 1 R4 IMAD.MOV.U32 2 R255 R255 0 
0 0 3 1 0100 ffffffff 0 BRA 0 0 
0 0 3 3 0100 ffffffff 0 BRA 0 0 
0 0 2 3 00f0 ffffffff 1 R4 IMAD.MOV.U32 2 R255 R255 0 
0 0 2 2 00f0 ffffffff 1 R4 IMAD.MOV.U32 2 R255 R255 0 
0 0 0 2 00f0 ffffffff 1 R4 IMAD.MOV.U32 2 R255 R255 0 
0 0 0 1 00f0 ffffffff 1 R4 IMAD.MOV.U32 2 R255 R255 0 
0 0 0 3 00f0 ffffffff 1 R4 IMAD.MOV.U32 2 R255 R255 0 
0 0 3 0 0100 ffffffff 0 BRA 0 0 
0 0 0 0 00f0 ffffffff 1 R4 IMAD.MOV.U32 2 R255 R255 0 
0 0 2 0 0790 ffffffff 1 R2 IMAD.SHL.U32 2 R6 R255 0 
0 0 1 3 0100 ffffffff 0 BRA 0 0 
0 0 1 0 0100 ffffffff 0 BRA 0 0 
0 0 1 1 0100 ffffffff 0 BRA 0 0 
0 0 4 3 07a0 ffffffff 1 R7 IMAD.MOV.U32 2 R255 R255 0 
0 0 1 2 0100 ffffffff 0 BRA 0 0 
0 0 3 2 07b0 ffffffff 0 ISETP.GE.AND 1 R7 0 
0 0 4 0 0100 ffffffff 0 BRA 0 0 
0 0 4 1 00e0 ffffffff 1 R0 IMAD.MOV.U32 2 R255 R255 0 
0 0 4 2 00e0 ffffffff 1 R0 IMAD.MOV.U32 2 R255 R255 0 
0 0 3 1 0790 ffffffff 1 R2 IMAD.SHL.U32 2 R6 R255 0 
0 0 3 3 0790 ffffffff 1 R2 IMAD.SHL.U32 2 R6 R255 0 
0 0 2 2 0100 ffffffff 0 BRA 0 0 
0 0 2 3 0100 ffffffff 0 BRA 0 0 
0 0 2 1 0100 ffffffff 0 BRA 0 0 
0 0 3 0 0790 ffffffff 1 R2 IMAD.SHL.U32 2 R6 R255 0 
0 0 0 1 0100 ffffffff 0 BRA 0 0 
0 0 0 3 0100 ffffffff 0 BRA 0 0 
0 0 0 0 0100 ffffffff 0 BRA 0 0 
0 0 0 2 0100 ffffffff 0 BRA 0 0 
0 0 1 1 0790 ffffffff 1 R2 IMAD.SHL.U32 2 R6 R255 0 
0 0 1 0 0790 ffffffff 1 R2 IMAD.SHL.U32 2 R6 R255 0 
0 0 2 0 07a0 ffffffff 1 R7 IMAD.MOV.U32 2 R255 R255 0 
0 0 4 3 07b0 ffffffff 0 ISETP.GE.AND 1 R7 0 
0 0 1 2 0790 ffffffff 1 R2 IMAD.SHL.U32 2 R6 R255 0 
0 0 1 3 0790 ffffffff 1 R2 IMAD.SHL.U32 2 R6 R255 0 
0 0 4 0 0790 ffffffff 1 R2 IMAD.SHL.U32 2 R6 R255 0 
0 0 3 3 07a0 ffffffff 1 R7 IMAD.MOV.U32 2 R255 R255 0 
0 0 3 2 07c0 ffffffff 0 STS 2 R2 R5 4 1 0x100 4 
0 0 2 1 0790 ffffffff 1 R2 IMAD.SHL.U32 2 R6 R255 0 
0 0 3 0 07a0 ffffffff 1 R7 IMAD.MOV.U32 2 R255 R255 0 
0 0 4 2 00f0 ffffffff 1 R4 IMAD.MOV.U32 2 R255 R255 0 
0 0 2 2 0790 ffffffff 1 R2 IMAD.SHL.U32 2 R6 R255 0 
0 0 4 1 00f0 ffffffff 1 R4 IMAD.MOV.U32 2 R255 R255 0 
0 0 3 1 07a0 ffffffff 1 R7 IMAD.MOV.U32 2 R255 R255 0 
0 0 2 3 0790 ffffffff 1 R2 IMAD.SHL.U32 2 R6 R255 0 
0 0 0 3 0790 ffffffff 1 R2 IMAD.SHL.U32 2 R6 R255 0 
0 0 0 1 0790 ffffffff 1 R2 IMAD.SHL.U32 2 R6 R255 0 
0 0 0 2 0790 ffffffff 1 R2 IMAD.SHL.U32 2 R6 R255 0 
0 0 0 0 0790 ffffffff 1 R2 IMAD.SHL.U32 2 R6 R255 0 
0 0 1 0 07a0 ffffffff 1 R7 IMAD.MOV.U32 2 R255 R255 0 
0 0 2 0 07b0 ffffffff 0 ISETP.GE.AND 1 R7 0 
0 0 1 2 07a0 ffffffff 1 R7 IMAD.MOV.U32 2 R255 R255 0 
0 0 1 3 07a0 ffffffff 1 R7 IMAD.MOV.U32 2 R255 R255 0 
0 0 3 2 07d0 ffffffff 0 BRA 0 0 
0 0 4 0 07a0 ffffffff 1 R7 IMAD.MOV.U32 2 R255 R255 0 
0 0 1 1 07a0 ffffffff 1 R7 IMAD.MOV.U32 2 R255 R255 0 
0 0 4 3 07c0 ffffffff 0 STS 2 R2 R5 4 1 0x180 4 
0 0 3 3 07b0 ffffffff 0 ISETP.GE.AND 1 R7 0 
0 0 3 0 07b0 ffffffff 0 ISETP.GE.AND 1 R7 0 
0 0 2 2 07a0 ffffffff 1 R7 IMAD.MOV.U32 2 R255 R255 0 
0 0 2 3 07a0 ffffffff 1 R7 IMAD.MOV.U32 2 R255 R255 0 
0 0 3 1 07b0 ffffffff 0 ISETP.GE.AND 1 R7 0 
0 0 2 1 07a0 ffffffff 1 R7 IMAD.MOV.U32 2 R255 R255 0 
0 0 0 1 07a0 ffffffff 1 R7 IMAD.MOV.U32 2 R255 R255 0 
0 0 4 1 0100 ffffffff 0 BRA 0 0 
0 0 0 3 07a0 ffffffff 1 R7 IMAD.MOV.U32 2 R255 R255 0 
0 0 4 2 0100 ffffffff 0 BRA 0 0 
0 0 0 0 07a0 ffffffff 1 R7 IMAD.MOV.U32 2 R255 R255 0 
0 0 0 2 07a0 ffffffff 1 R7 IMAD.MOV.U32 2 R255 R255 0 
0 0 4 3 07d0 ffffffff 0 BRA 0 0 
0 0 4 0 07b0 ffffffff 0 ISETP.GE.AND 1 R7 0 
0 0 1 0 07b0 ffffffff 0 ISETP.GE.AND 1 R7 0 
0 0 3 2 0940 ffffffff 0 NOP 0 0 
0 0 1 1 07b0 ffffffff 0 ISETP.GE.AND 1 R7 0 
0 0 1 3 07b0 ffffffff 0 ISETP.GE.AND 1 R7 0 
0 0 1 2 07b0 ffffffff 0 ISETP.GE.AND 1 R7 0 
0 0 2 0 07c0 ffffffff 0 STS 2 R2 R5 4 1 0x0 4 
0 0 2 1 07b0 ffffffff 0 ISETP.GE.AND 1 R7 0 
0 0 2 2 07b0 ffffffff 0 ISETP.GE.AND 1 R7 0 
0 0 3 3 07c0 ffffffff 0 STS 2 R2 R5 4 1 0x180 4 
0 0 2 3 07b0 ffffffff 0 ISETP.GE.AND 1 R7 0 
0 0 3 0 07c0 ffffffff 0 STS 2 R2 R5 4 1 0x0 4 
0 0 0 1 07b0 ffffffff 0 ISETP.GE.AND 1 R7 0 
0 0 3 1 07c0 ffffffff 0 STS 2 R2 R5 4 1 0x80 4 
0 0 0 3 07b0 ffffffff 0 ISETP.GE.AND 1 R7 0 
0 0 0 2 07b0 ffffffff 0 ISETP.GE.AND 1 R7 0 
0 0 4 1 0790 ffffffff 1 R2 IMAD.SHL.U32 2 R6 R255 0 
0 0 0 0 07b0 ffffffff 0 ISETP.GE.AND 1 R7 0 
0 0 3 2 0950 ffffffff 0 BAR.SYNC 0 0 
0 0 4 3 0940 ffffffff 0 NOP 0 0 
0 0 4 2 0790 ffffffff 1 R2 IMAD.SHL.U32 2 R6 R255 0 
0 0 4 0 07c0 ffffffff 0 STS 2 R2 R5 4 1 0x0 4 
0 0 2 0 07d0 ffffffff 0 BRA 0 0 
0 0 1 1 07c0 ffffffff 0 STS 2 R2 R5 4 1 0x80 4 
0 0 1 3 07c0 ffffffff 0 STS 2 R2 R5 4 1 0x180 4 
0 0 1 0 07c0 ffffffff 0 STS 2 R2 R5 4 1 0x0 4 
0 0 1 2 07c0 ffffffff 0 STS 2 R2 R5 4 1 0x100 4 
0 0 3 3 07d0 ffffffff 0 BRA 0 0 
0 0 3 0 07d0 ffffffff 0 BRA 0 0 
0 0 3 1 07d0 ffffffff 0 BRA 0 0 
0 0 2 3 07c0 ffffffff 0 STS 2 R2 R5 4 1 0x180 4 
0 0 2 1 07c0 ffffffff 0 STS 2 R2 R5 4 1 0x80 4 
0 0 2 2 07c0 ffffffff 0 STS 2 R2 R5 4 1 0x100 4 
0 0 4 3 0950 ffffffff 0 BAR.SYNC 0 0 
0 0 0 0 07c0 ffffffff 0 STS 2 R2 R5 4 1 0x0 4 
0 0 4 1 07a0 ffffffff 1 R7 IMAD.MOV.U32 2 R255 R255 0 
0 0 0 3 07c0 ffffffff 0 STS 2 R2 R5 4 1 0x180 4 
0 0 4 2 07a0 ffffffff 1 R7 IMAD.MOV.U32 2 R255 R255 0 
0 0 4 0 07d0 ffffffff 0 BRA 0 0 
0 0 0 1 07c0 ffffffff 0 STS 2 R2 R5 4 1 0x80 4 
0 0 2 0 0940 ffffffff 0 NOP 0 0 
0 0 0 2 07c0 ffffffff 0 STS 2 R2 R5 4 1 0x100 4 
0 0 1 1 07d0 ffffffff 0 BRA 0 0 
0 0 1 3 07d0 ffffffff 0 BRA 0 0 
0 0 1 0 07d0 ffffffff 0 BRA 0 0 
0 0 1 2 07d0 ffffffff 0 BRA 0 0 
0 0 3 1 0940 ffffffff 0 NOP 0 0 
0 0 3 3 0940 ffffffff 0 NOP 0 0 
0 0 3 0 0940 ffffffff 0 NOP 0 0 
0 0 2 1 07d0 ffffffff 0 BRA 0 0 
0 0 2 3 07d0 ffffffff 0 BRA 0 0 
0 0 2 2 07d0 ffffffff 0 BRA 0 0 
0 0 2 0 0950 ffffffff 0 BAR.SYNC 0 0 
0 0 4 0 0940 ffffffff 0 NOP 0 0 
0 0 0 0 07d0 ffffffff 0 BRA 0 0 
0 0 4 2 07b0 ffffffff 0 ISETP.GE.AND 1 R7 0 
0 0 0 2 07d0 ffffffff 0 BRA 0 0 
0 0 0 1 07d0 ffffffff 0 BRA 0 0 
0 0 0 3 07d0 ffffffff 0 BRA 0 0 
0 0 1 3 0940 ffffffff 0 NOP 0 0 
0 0 1 0 0940 ffffffff 0 NOP 0 0 
0 0 4 1 07b0 ffffffff 0 ISETP.GE.AND 1 R7 0 
0 0 1 1 0940 ffffffff 0 NOP 0 0 
0 0 3 3 0950 ffffffff 0 BAR.SYNC 0 0 
0 0 3 1 0950 ffffffff 0 BAR.SYNC 0 0 
0 0 3 0 0950 ffffffff 0 BAR.SYNC 0 0 
0 0 1 2 0940 ffffffff 0 NOP 0 0 
0 0 2 1 0940 ffffffff 0 NOP 0 0 
0 0 2 2 0940 ffffffff 0 NOP 0 0 
0 0 2 3 0940 ffffffff 0 NOP 0 0 
0 0 4 0 0950 ffffffff 0 BAR.SYNC 0 0 
0 0 0 2 0940 ffffffff 0 NOP 0 0 
0 0 0 3 0940 ffffffff 0 NOP 0 0 
0 0 1 0 0950 ffffffff 0 BAR.SYNC 0 0 
0 0 1 1 0950 ffffffff 0 BAR.SYNC 0 0 
0 0 3 2 0960 ffffffff 0 ISETP.GT.AND 1 R6 0 
0 0 3 0 0960 ffffffff 0 ISETP.GT.AND 1 R6 0 
0 0 3 1 0960 ffffffff 0 ISETP.GT.AND 1 R6 0 
0 0 3 3 0960 ffffffff 0 ISETP.GT.AND 1 R6 0 
0 0 0 1 0940 ffffffff 0 NOP 0 0 
0 0 0 0 0940 ffffffff 0 NOP 0 0 
0 0 1 2 0950 ffffffff 0 BAR.SYNC 0 0 
0 0 1 3 0950 ffffffff 0 BAR.SYNC 0 0 
0 0 4 2 07c0 ffffffff 0 STS 2 R2 R5 4 1 0x100 4 
0 0 4 1 07c0 ffffffff 0 STS 2 R2 R5 4 1 0x80 4 
0 0 2 2 0950 ffffffff 0 BAR.SYNC 0 0 
0 0 2 3 0950 ffffffff 0 BAR.SYNC 0 0 
0 0 2 1 0950 ffffffff 0 BAR.SYNC 0 0 
0 0 3 2 0970 ffffffff 1 R255 BMOV.32.CLEAR 0 0 
0 0 3 3 0970 ffffffff 1 R255 BMOV.32.CLEAR 0 0 
0 0 3 1 0970 ffffffff 1 R255 BMOV.32.CLEAR 0 0 
0 0 3 0 0970 ffffffff 1 R255 BMOV.32.CLEAR 0 0 
0 0 0 1 0950 ffffffff 0 BAR.SYNC 0 0 
0 0 0 3 0950 ffffffff 0 BAR.SYNC 0 0 
0 0 4 1 07d0 ffffffff 0 BRA 0 0 
0 0 0 0 0950 ffffffff 0 BAR.SYNC 0 0 
0 0 0 2 0950 ffffffff 0 BAR.SYNC 0 0 
0 0 1 0 0960 ffffffff 0 ISETP.GT.AND 1 R6 0 
0 0 1 2 0960 ffffffff 0 ISETP.GT.AND 1 R6 0 
0 0 1 1 0960 ffffffff 0 ISETP.GT.AND 1 R6 0 
0 0 1 3 0960 ffffffff 0 ISETP.GT.AND 1 R6 0 
0 0 4 2 07d0 ffffffff 0 BRA 0 0 
0 0 2 3 0960 ffffffff 0 ISETP.GT.AND 1 R6 0 
0 0 2 1 0960 ffffffff 0 ISETP.GT.AND 1 R6 0 
0 0 2 0 0960 ffffffff 0 ISETP.GT.AND 1 R6 0 
0 0 2 2 0960 ffffffff 0 ISETP.GT.AND 1 R6 0 
0 0 4 1 0940 ffffffff 0 NOP 0 0 
0 0 3 2 0980 ffffffff 0 BSSY 0 0 
0 0 4 2 0940 ffffffff 0 NOP 0 0 
0 0 3 3 0980 ffffffff 0 BSSY 0 0 
0 0 3 0 0980 ffffffff 0 BSSY 0 0 
0 0 3 1 0980 ffffffff 0 BSSY 0 0 
0 0 1 0 0970 ffffffff 1 R255 BMOV.32.CLEAR 0 0 
0 0 1 3 0970 ffffffff 1 R255 BMOV.32.CLEAR 0 0 
0 0 1 1 0970 ffffffff 1 R255 BMOV.32.CLEAR 0 0 
0 0 0 2 0960 ffffffff 0 ISETP.GT.AND 1 R6 0 
0 0 0 0 0960 ffffffff 0 ISETP.GT.AND 1 R6 0 
0 0 0 3 0960 ffffffff 0 ISETP.GT.AND 1 R6 0 
0 0 0 1 0960 ffffffff 0 ISETP.GT.AND 1 R6 0 
0 0 1 2 0970 ffffffff 1 R255 BMOV.32.CLEAR 0 0 
0 0 2 3 0970 ffffffff 1 R255 BMOV.32.CLEAR 0 0 
0 0 4 1 0950 ffffffff 0 BAR.SYNC 0 0 
0 0 2 0 0970 ffffffff 1 R255 BMOV.32.CLEAR 0 0 
0 0 2 1 0970 ffffffff 1 R255 BMOV.32.CLEAR 0 0 
0 0 2 2 0970 ffffffff 1 R255 BMOV.32.CLEAR 0 0 
0 0 4 2 0950 ffffffff 0 BAR.SYNC 0 0 
0 0 3 2 0990 ffffffff 0 BRA 0 0 
0 0 3 3 0990 ffffffff 0 BRA 0 0 
0 0 3 0 0990 fffffff0 0 BRA 0 0 
0 0 3 1 0990 ffffffff 0 BRA 0 0 
0 0 1 1 0980 ffffffff 0 BSSY 0 0 
0 0 1 0 0980 ffffffff 0 BSSY 0 0 
0 0 1 2 0980 ffffffff 0 BSSY 0 0 
0 0 0 2 0970 ffffffff 1 R255 BMOV.32.CLEAR 0 0 
0 0 1 3 0980 ffffffff 0 BSSY 0 0 
0 0 4 0 0960 ffffffff 0 ISETP.GT.AND 1 R6 0 
0 0 4 2 0960 ffffffff 0 ISETP.GT.AND 1 R6 0 
0 0 4 3 0960 ffffffff 0 ISETP.GT.AND 1 R6 0 
0 0 4 1 0960 ffffffff 0 ISETP.GT.AND 1 R6 0 
0 0 0 3 0970 ffffffff 1 R255 BMOV.32.CLEAR 0 0 
0 0 0 0 0970 ffffffff 1 R255 BMOV.32.CLEAR 0 0 
0 0 0 1 0970 ffffffff 1 R255 BMOV.32.CLEAR 0 0 
0 0 2 0 0980 ffffffff 0 BSSY 0 0 
0 0 2 3 0980 ffffffff 0 BSSY 0 0 
0 0 2 1 0980 ffffffff 0 BSSY 0 0 
0 0 2 2 0980 ffffffff 0 BSSY 0 0 
0 0 3 2 1040 ffffffff 0 BSYNC 0 0 
0 0 3 3 1040 ffffffff 0 BSYNC 0 0 
0 0 3 0 09a0 0000000f 1 R5 IADD3 2 R6 R255 0 
0 0 3 1 1040 ffffffff 0 BSYNC 0 0 
0 0 1 0 0990 fffffff0 0 BRA 0 0 
0 0 1 1 0990 ffffffff 0 BRA 0 0 
0 0 1 3 0990 ffffffff 0 BRA 0 0 
0 0 1 2 0990 ffffffff 0 BRA 0 0 
0 0 0 0 0980 ffffffff 0 BSSY 0 0 
0 0 0 1 0980 ffffffff 0 BSSY 0 0 
0 0 0 3 0980 ffffffff 0 BSSY 0 0 
0 0 0 2 0980 ffffffff 0 BSSY 0 0 
0 0 4 3 0970 ffffffff 1 R255 BMOV.32.CLEAR 0 0 
0 0 4 2 0970 ffffffff 1 R255 BMOV.32.CLEAR 0 0 
0 0 4 0 0970 ffffffff 1 R255 BMOV.32.CLEAR 0 0 
0 0 2 0 0990 fffffff0 0 BRA 0 0 
0 0 4 1 0970 ffffffff 1 R255 BMOV.32.CLEAR 0 0 
0 0 2 3 0990 ffffffff 0 BRA 0 0 
0 0 3 2 1050 ffffffff 0 NOP 0 0 
0 0 2 1 0990 ffffffff 0 BRA 0 0 
0 0 2 2 0990 ffffffff 0 BRA 0 0 
0 0 3 3 1050 ffffffff 0 NOP 0 0 
0 0 3 0 09b0 0000000f 1 R255 BMOV.32.CLEAR 0 0 
0 0 3 1 1050 ffffffff 0 NOP 0 0 
0 0 1 3 1040 ffffffff 0 BSYNC 0 0 
0 0 1 0 09a0 0000000f 1 R5 IADD3 2 R6 R255 0 
0 0 1 2 1040 ffffffff 0 BSYNC 0 0 
0 0 1 1 1040 ffffffff 0 BSYNC 0 0 
0 0 3 2 1060 ffffffff 0 BAR.SYNC 0 0 
0 0 4 0 0980 ffffffff 0 BSSY 0 0 
0 0 0 0 0990 fffffff0 0 BRA 0 0 
0 0 2 0 09a0 0000000f 1 R5 IADD3 2 R6 R255 0 
0 0 0 1 0990 ffffffff 0 BRA 0 0 
0 0 0 2 0990 ffffffff 0 BRA 0 0 
0 0 4 3 0980 ffffffff 0 BSSY 0 0 
0 0 0 3 0990 ffffffff 0 BRA 0 0 
0 0 2 3 1040 ffffffff 0 BSYNC 0 0 
0 0 4 2 0980 ffffffff 0 BSSY 0 0 
0 0 2 1 1040 ffffffff 0 BSYNC 0 0 
0 0 4 1 0980 ffffffff 0 BSSY 0 0 
0 0 3 3 1060 ffffffff 0 BAR.SYNC 0 0 
0 0 2 2 1040 ffffffff 0 BSYNC 0 0 
0 0 3 0 09c0 0000000f 0 BSSY 0 0 
0 0 3 1 1060 ffffffff 0 BAR.SYNC 0 0 
0 0 1 0 09b0 0000000f 1 R255 BMOV.32.CLEAR 0 0 
0 0 1 1 1050 ffffffff 0 NOP 0 0 
0 0 1 2 1050 ffffffff 0 NOP 0 0 
0 0 1 3 1050 ffffffff 0 NOP 0 0 
0 0 4 0 0990 fffffff0 0 BRA 0 0 
0 0 2 0 09b0 0000000f 1 R255 BMOV.32.CLEAR 0 0 
0 0 0 2 1040 ffffffff 0 BSYNC 0 0 
0 0 4 3 0990 ffffffff 0 BRA 0 0 
0 0 0 3 1040 ffffffff 0 BSYNC 0 0 
0 0 0 1 1040 ffffffff 0 BSYNC 0 0 
0 0 0 0 09a0 0000000f 1 R5 IADD3 2 R6 R255 0 
0 0 2 1 1050 ffffffff 0 NOP 0 0 
0 0 2 2 1050 ffffffff 0 NOP 0 0 
0 0 2 3 1050 ffffffff 0 NOP 0 0 
0 0 3 0 09d0 0000000f 1 R13 IMAD.MOV.U32 3 R255 R255 R255 0 
0 0 4 2 0990 ffffffff 0 BRA 0 0 
0 0 4 1 0990 ffffffff 0 BRA 0 0 
0 0 1 0 09c0 0000000f 0 BSSY 0 0 
0 0 1 3 1060 ffffffff 0 BAR.SYNC 0 0 
0 0 1 2 1060 ffffffff 0 BAR.SYNC 0 0 
0 0 1 1 1060 ffffffff 0 BAR.SYNC 0 0 
0 0 4 0 09a0 0000000f 1 R5 IADD3 2 R6 R255 0 
0 0 4 3 1040 ffffffff 0 BSYNC 0 0 
0 0 2 0 09c0 0000000f 0 BSSY 0 0 
0 0 3 0 09e0 0000000f 1 R3 LEA.HI 2 R5 R255 0 
0 0 0 0 09b0 0000000f 1 R255 BMOV.32.CLEAR 0 0 
0 0 0 1 1050 ffffffff 0 NOP 0 0 
0 0 0 3 1050 ffffffff 0 NOP 0 0 
0 0 0 2 1050 ffffffff 0 NOP 0 0 
0 0 2 2 1060 ffffffff 0 BAR.SYNC 0 0 
0 0 2 3 1060 ffffffff 0 BAR.SYNC 0 0 
0 0 2 1 1060 ffffffff 0 BAR.SYNC 0 0 
0 0 4 1 1040 ffffffff 0 BSYNC 0 0 
0 0 4 2 1040 ffffffff 0 BSYNC 0 0 
0 0 1 0 09d0 0000000f 1 R13 IMAD.MOV.U32 3 R255 R255 R255 0 
0 0 3 0 09f0 0000000f 1 R7 IMAD.MOV.U32 3 R255 R255 R6 0 
0 0 4 3 1050 ffffffff 0 NOP 0 0 
0 0 2 0 09d0 0000000f 1 R13 IMAD.MOV.U32 3 R255 R255 R255 0 
0 0 4 0 09b0 0000000f 1 R255 BMOV.32.CLEAR 0 0 
0 0 0 3 1060 ffffffff 0 BAR.SYNC 0 0 
0 0 0 2 1060 ffffffff 0 BAR.SYNC 0 0 
0 0 0 0 09c0 0000000f 0 BSSY 0 0 
0 0 0 1 1060 ffffffff 0 BAR.SYNC 0 0 
0 0 1 0 09e0 0000000f 1 R3 LEA.HI 2 R5 R255 0 
0 0 3 0 0a00 0000000f 0 ISETP.GE.U32.AND 1 R5 0 
0 0 4 1 1050 ffffffff 0 NOP 0 0 
0 0 2 0 09e0 0000000f 1 R3 LEA.HI 2 R5 R255 0 
0 0 4 3 1060 ffffffff 0 BAR.SYNC 0 0 
0 0 4 2 1050 ffffffff 0 NOP 0 0 
0 0 4 0 09c0 0000000f 0 BSSY 0 0 
0 0 1 0 09f0 0000000f 1 R7 IMAD.MOV.U32 3 R255 R255 R6 0 
0 0 3 0 0a10 0000000f 1 R3 LOP3.LUT 2 R3 R255 0 
0 0 2 0 09f0 0000000f 1 R7 IMAD.MOV.U32 3 R255 R255 R6 0 
0 0 0 0 09d0 0000000f 1 R13 IMAD.MOV.U32 3 R255 R255 R255 0 
0 0 1 0 0a00 0000000f 0 ISETP.GE.U32.AND 1 R5 0 
0 0 3 0 0a20 0000000f 0 ISETP.NE.AND 2 R3 R255 0 
0 0 4 1 1060 ffffffff 0 BAR.SYNC 0 0 
0 0 4 0 09d0 0000000f 1 R13 IMAD.MOV.U32 3 R255 R255 R255 0 
0 0 4 2 1060 ffffffff 0 BAR.SYNC 0 0 
0 0 2 0 0a00 0000000f 0 ISETP.GE.U32.AND 1 R5 0 
0 0 0 0 09e0 0000000f 1 R3 LEA.HI 2 R5 R255 0 
0 0 1 0 0a10 0000000f 1 R3 LOP3.LUT 2 R3 R255 0 
0 0 3 0 0a30 0000000f 0 BRA 0 0 
0 0 2 0 0a10 0000000f 1 R3 LOP3.LUT 2 R3 R255 0 
0 0 0 0 09f0 0000000f 1 R7 IMAD.MOV.U32 3 R255 R255 R6 0 
0 0 4 0 09e0 0000000f 1 R3 LEA.HI 2 R5 R255 0 
0 0 1 0 0a20 0000000f 0 ISETP.NE.AND 2 R3 R255 0 
0 0 3 0 0ae0 0000000f 0 BSYNC 0 0 
0 0 2 0 0a20 0000000f 0 ISETP.NE.AND 2 R3 R255 0 
0 0 0 0 0a00 0000000f 0 ISETP.GE.U32.AND 1 R5 0 
0 0 4 0 09f0 0000000f 1 R7 IMAD.MOV.U32 3 R255 R255 R6 0 
0 0 1 0 0a30 0000000f 0 BRA 0 0 
0 0 3 0 0af0 0000000f 1 R255 BMOV.32.CLEAR 0 0 
0 0 2 0 0a30 0000000f 0 BRA 0 0 
0 0 0 0 0a10 0000000f 1 R3 LOP3.LUT 2 R3 R255 0 
0 0 4 0 0a00 0000000f 0 ISETP.GE.U32.AND 1 R5 0 
0 0 1 0 0ae0 0000000f 0 BSYNC 0 0 
0 0 3 0 0b00 0000000f 0 BSSY 0 0 
0 0 2 0 0ae0 0000000f 0 BSYNC 0 0 
0 0 0 0 0a20 0000000f 0 ISETP.NE.AND 2 R3 R255 0 
0 0 4 0 0a10 0000000f 1 R3 LOP3.LUT 2 R3 R255 0 
0 0 1 0 0af0 0000000f 1 R255 BMOV.32.CLEAR 0 0 
0 0 3 0 0b10 00000000 0 BRA 0 0 
0 0 2 0 0af0 0000000f 1 R255 BMOV.32.CLEAR 0 0 
0 0 0 0 0a30 0000000f 0 BRA 0 0 
0 0 4 0 0a20 0000000f 0 ISETP.NE.AND 2 R3 R255 0 
0 0 1 0 0b00 0000000f 0 BSSY 0 0 
0 0 3 0 0b20 0000000f 1 R5 IADD3 2 R7 R255 0 
0 0 2 0 0b00 0000000f 0 BSSY 0 0 
0 0 0 0 0ae0 0000000f 0 BSYNC 0 0 
0 0 4 0 0a30 0000000f 0 BRA 0 0 
0 0 1 0 0b10 00000000 0 BRA 0 0 
0 0 3 0 0b30 0000000f 1 R255 BMOV.32.CLEAR 0 0 
0 0 2 0 0b10 00000000 0 BRA 0 0 
0 0 0 0 0af0 0000000f 1 R255 BMOV.32.CLEAR 0 0 
0 0 4 0 0ae0 0000000f 0 BSYNC 0 0 
0 0 1 0 0b20 0000000f 1 R5 IADD3 2 R7 R255 0 
0 0 3 0 0b40 0000000f 0 BSSY 0 0 
0 0 2 0 0b20 0000000f 1 R5 IADD3 2 R7 R255 0 
0 0 0 0 0b00 0000000f 0 BSSY 0 0 
0 0 4 0 0af0 0000000f 1 R255 BMOV.32.CLEAR 0 0 
0 0 1 0 0b30 0000000f 1 R255 BMOV.32.CLEAR 0 0 
0 0 3 0 0b50 0000000f 0 PLOP3.LUT 0 0 
0 0 2 0 0b30 0000000f 1 R255 BMOV.32.CLEAR 0 0 
0 0 0 0 0b10 00000000 0 BRA 0 0 
0 0 4 0 0b00 0000000f 0 BSSY 0 0 
0 0 1 0 0b40 0000000f 0 BSSY 0 0 
0 0 3 0 0b60 0000000f 1 R3 IADD3 2 R5 R255 0 
0 0 2 0 0b40 0000000f 0 BSSY 0 0 
0 0 0 0 0b20 0000000f 1 R5 IADD3 2 R7 R255 0 
0 0 4 0 0b10 00000000 0 BRA 0 0 
0 0 1 0 0b50 0000000f 0 PLOP3.LUT 0 0 
0 0 3 0 0b70 0000000f 0 ISETP.GT.AND 1 R3 0 
0 0 2 0 0b50 0000000f 0 PLOP3.LUT 0 0 
0 0 0 0 0b30 0000000f 1 R255 BMOV.32.CLEAR 0 0 
0 0 4 0 0b20 0000000f 1 R5 IADD3 2 R7 R255 0 
0 0 1 0 0b60 0000000f 1 R3 IADD3 2 R5 R255 0 
0 0 3 0 0b80 0000000f 1 R3 LEA 1 R7 0 
0 0 2 0 0b60 0000000f 1 R3 IADD3 2 R5 R255 0 
0 0 0 0 0b40 0000000f 0 BSSY 0 0 
0 0 4 0 0b30 0000000f 1 R255 BMOV.32.CLEAR 0 0 
0 0 1 0 0b70 0000000f 0 ISETP.GT.AND 1 R3 0 
0 0 3 0 0b90 0000000f 0 BRA 0 0 
0 0 2 0 0b70 0000000f 0 ISETP.GT.AND 1 R3 0 
0 0 0 0 0b50 0000000f 0 PLOP3.LUT 0 0 
0 0 4 0 0b40 0000000f 0 BSSY 0 0 
0 0 1 0 0b80 0000000f 1 R3 LEA 1 R7 0 
0 0 3 0 0df0 0000000f 0 BSYNC 0 0 
0 0 2 0 0b80 0000000f 1 R3 LEA 1 R7 0 
0 0 0 0 0b60 0000000f 1 R3 IADD3 2 R5 R255 0 
0 0 4 0 0b50 0000000f 0 PLOP3.LUT 0 0 
0 0 1 0 0b90 0000000f 0 BRA 0 0 
0 0 3 0 0e00 0000000f 1 R7 IADD3 2 R5 R255 0 
0 0 2 0 0b90 0000000f 0 BRA 0 0 
0 0 0 0 0b70 0000000f 0 ISETP.GT.AND 1 R3 0 
0 0 4 0 0b60 0000000f 1 R3 IADD3 2 R5 R255 0 
0 0 1 0 0df0 0000000f 0 BSYNC 0 0 
0 0 3 0 0e10 0000000f 1 R255 BMOV.32.CLEAR 0 0 
0 0 2 0 0df0 0000000f 0 BSYNC 0 0 
0 0 0 0 0b80 0000000f 1 R3 LEA 1 R7 0 
0 0 4 0 0b70 0000000f 0 ISETP.GT.AND 1 R3 0 
0 0 1 0 0e00 0000000f 1 R7 IADD3 2 R5 R255 0 
0 0 3 0 0e20 0000000f 0 BSSY 0 0 
0 0 2 0 0e00 0000000f 1 R7 IADD3 2 R5 R255 0 
0 0 0 0 0b90 0000000f 0 BRA 0 0 
0 0 4 0 0b80 0000000f 1 R3 LEA 1 R7 0 
0 0 1 0 0e10 0000000f 1 R255 BMOV.32.CLEAR 0 0 
0 0 3 0 0e30 0000000f 0 ISETP.GT.AND 1 R7 0 
0 0 2 0 0e10 0000000f 1 R255 BMOV.32.CLEAR 0 0 
0 0 0 0 0df0 0000000f 0 BSYNC 0 0 
0 0 4 0 0b90 0000000f 0 BRA 0 0 
0 0 1 0 0e20 0000000f 0 BSSY 0 0 
0 0 3 0 0e40 00000000 0 BRA 0 0 
0 0 2 0 0e20 0000000f 0 BSSY 0 0 
0 0 0 0 0e00 0000000f 1 R7 IADD3 2 R5 R255 0 
0 0 4 0 0df0 0000000f 0 BSYNC 0 0 
0 0 1 0 0e30 0000000f 0 ISETP.GT.AND 1 R7 0 
0 0 3 0 0e50 0000000f 1 R8 LDS.U 1 R3 4 1 0x0 4 
0 0 2 0 0e30 0000000f 0 ISETP.GT.AND 1 R7 0 
0 0 0 0 0e10 0000000f 1 R255 BMOV.32.CLEAR 0 0 
0 0 4 0 0e00 0000000f 1 R7 IADD3 2 R5 R255 0 
0 0 1 0 0e40 00000000 0 BRA 0 0 
0 0 3 0 0e60 0000000f 0 PLOP3.LUT 0 0 
0 0 2 0 0e40 00000000 0 BRA 0 0 
0 0 0 0 0e20 0000000f 0 BSSY 0 0 
0 0 4 0 0e10 0000000f 1 R255 BMOV.32.CLEAR 0 0 
0 0 1 0 0e50 0000000f 1 R8 LDS.U 1 R3 4 1 0x0 4 
0 0 3 0 0e70 0000000f 1 R5 IADD3 2 R5 R255 0 
0 0 0 0 0e30 0000000f 0 ISETP.GT.AND 1 R7 0 
0 0 4 0 0e20 0000000f 0 BSSY 0 0 
0 0 2 0 0e50 0000000f 1 R8 LDS.U 1 R3 4 1 0x0 4 
0 0 1 0 0e60 0000000f 0 PLOP3.LUT 0 0 
0 0 3 0 0e80 0000000f 1 R7 LDS.U 1 R3 4 1 0x10 4 
0 0 0 0 0e40 00000000 0 BRA 0 0 
0 0 4 0 0e30 0000000f 0 ISETP.GT.AND 1 R7 0 
0 0 2 0 0e60 0000000f 0 PLOP3.LUT 0 0 
0 0 1 0 0e70 0000000f 1 R5 IADD3 2 R5 R255 0 
0 0 4 0 0e40 00000000 0 BRA 0 0 
0 0 2 0 0e70 0000000f 1 R5 IADD3 2 R5 R255 0 
0 0 3 0 0e90 0000000f 1 R10 LDS.U 1 R3 4 1 0x20 4 
0 0 0 0 0e50 0000000f 1 R8 LDS.U 1 R3 4 1 0x0 4 
0 0 1 0 0e80 0000000f 1 R7 LDS.U 1 R3 4 1 0x10 4 
0 0 0 0 0e60 0000000f 0 PLOP3.LUT 0 0 
0 0 4 0 0e50 0000000f 1 R8 LDS.U 1 R3 4 1 0x0 4 
0 0 2 0 0e80 0000000f 1 R7 LDS.U 1 R3 4 1 0x10 4 
0 0 3 0 0ea0 0000000f 1 R12 LDS.U 1 R3 4 1 0x30 4 
0 0 1 0 0e90 0000000f 1 R10 LDS.U 1 R3 4 1 0x20 4 
0 0 0 0 0e70 0000000f 1 R5 IADD3 2 R5 R255 0 
0 0 4 0 0e60 0000000f 0 PLOP3.LUT 0 0 
0 0 2 0 0e90 0000000f 1 R10 LDS.U 1 R3 4 1 0x20 4 
0 0 3 0 0eb0 0000000f 1 R14 LDS.U 1 R3 4 1 0x40 4 
0 0 1 0 0ea0 0000000f 1 R12 LDS.U 1 R3 4 1 0x30 4 
0 0 4 0 0e70 0000000f 1 R5 IADD3 2 R5 R255 0 
0 0 0 0 0e80 0000000f 1 R7 LDS.U 1 R3 4 1 0x10 4 
0 0 2 0 0ea0 0000000f 1 R12 LDS.U 1 R3 4 1 0x30 4 
0 0 3 0 0ec0 0000000f 1 R16 LDS.U 1 R3 4 1 0x50 4 
0 0 1 0 0eb0 0000000f 1 R14 LDS.U 1 R3 4 1 0x40 4 
0 0 4 0 0e80 0000000f 1 R7 LDS.U 1 R3 4 1 0x10 4 
0 0 0 0 0e90 0000000f 1 R10 LDS.U 1 R3 4 1 0x20 4 
0 0 2 0 0eb0 0000000f 1 R14 LDS.U 1 R3 4 1 0x40 4 
0 0 3 0 0ed0 0000000f 1 R18 LDS.U 1 R3 4 1 0x60 4 
0 0 1 0 0ec0 0000000f 1 R16 LDS.U 1 R3 4 1 0x50 4 
0 0 4 0 0e90 0000000f 1 R10 LDS.U 1 R3 4 1 0x20 4 
0 0 0 0 0ea0 0000000f 1 R12 LDS.U 1 R3 4 1 0x30 4 
0 0 2 0 0ec0 0000000f 1 R16 LDS.U 1 R3 4 1 0x50 4 
0 0 3 0 0ee0 0000000f 1 R20 LDS.U 1 R3 4 1 0x70 4 
0 0 1 0 0ed0 0000000f 1 R18 LDS.U 1 R3 4 1 0x60 4 
0 0 4 0 0ea0 0000000f 1 R12 LDS.U 1 R3 4 1 0x30 4 
0 0 0 0 0eb0 0000000f 1 R14 LDS.U 1 R3 4 1 0x40 4 
0 0 3 0 0ef0 0000000f 1 R3 IADD3 2 R3 R255 0 
0 0 2 0 0ed0 0000000f 1 R18 LDS.U 1 R3 4 1 0x60 4 
0 0 1 0 0ee0 0000000f 1 R20 LDS.U 1 R3 4 1 0x70 4 
0 0 4 0 0eb0 0000000f 1 R14 LDS.U 1 R3 4 1 0x40 4 
0 0 3 0 0f00 0000000f 1 R8 FADD 2 R13 R8 0 
0 0 0 0 0ec0 0000000f 1 R16 LDS.U 1 R3 4 1 0x50 4 
0 0 2 0 0ee0 0000000f 1 R20 LDS.U 1 R3 4 1 0x70 4 
0 0 1 0 0ef0 0000000f 1 R3 IADD3 2 R3 R255 0 
0 0 3 0 0f10 0000000f 1 R7 FADD 2 R8 R7 0 
0 0 4 0 0ec0 0000000f 1 R16 LDS.U 1 R3 4 1 0x50 4 
0 0 0 0 0ed0 0000000f 1 R18 LDS.U 1 R3 4 1 0x60 4 
0 0 2 0 0ef0 0000000f 1 R3 IADD3 2 R3 R255 0 
0 0 1 0 0f00 0000000f 1 R8 FADD 2 R13 R8 0 
0 0 3 0 0f20 0000000f 1 R7 FADD 2 R7 R10 0 
0 0 4 0 0ed0 0000000f 1 R18 LDS.U 1 R3 4 1 0x60 4 
0 0 2 0 0f00 0000000f 1 R8 FADD 2 R13 R8 0 
0 0 0 0 0ee0 0000000f 1 R20 LDS.U 1 R3 4 1 0x70 4 
0 0 1 0 0f10 0000000f 1 R7 FADD 2 R8 R7 0 
0 0 3 0 0f30 0000000f 1 R7 FADD 2 R7 R12 0 
0 0 2 0 0f10 0000000f 1 R7 FADD 2 R8 R7 0 
0 0 0 0 0ef0 0000000f 1 R3 IADD3 2 R3 R255 0 
0 0 4 0 0ee0 0000000f 1 R20 LDS.U 1 R3 4 1 0x70 4 
0 0 1 0 0f20 0000000f 1 R7 FADD 2 R7 R10 0 
0 0 3 0 0f40 0000000f 1 R7 FADD 2 R7 R14 0 
0 0 2 0 0f20 0000000f 1 R7 FADD 2 R7 R10 0 
0 0 4 0 0ef0 0000000f 1 R3 IADD3 2 R3 R255 0 
0 0 0 0 0f00 0000000f 1 R8 FADD 2 R13 R8 0 
0 0 1 0 0f30 0000000f 1 R7 FADD 2 R7 R12 0 
0 0 3 0 0f50 0000000f 1 R7 FADD 2 R7 R16 0 
0 0 2 0 0f30 0000000f 1 R7 FADD 2 R7 R12 0 
0 0 4 0 0f00 0000000f 1 R8 FADD 2 R13 R8 0 
0 0 0 0 0f10 0000000f 1 R7 FADD 2 R8 R7 0 
0 0 1 0 0f40 0000000f 1 R7 FADD 2 R7 R14 0 
0 0 3 0 0f60 0000000f 1 R7 FADD 2 R7 R18 0 
0 0 2 0 0f40 0000000f 1 R7 FADD 2 R7 R14 0 
0 0 4 0 0f10 0000000f 1 R7 FADD 2 R8 R7 0 
0 0 0 0 0f20 0000000f 1 R7 FADD 2 R7 R10 0 
0 0 1 0 0f50 0000000f 1 R7 FADD 2 R7 R16 0 
0 0 3 0 0f70 0000000f 1 R13 FADD 2 R7 R20 0 
0 0 2 0 0f50 0000000f 1 R7 FADD 2 R7 R16 0 
0 0 1 0 0f60 0000000f 1 R7 FADD 2 R7 R18 0 
0 0 4 0 0f20 0000000f 1 R7 FADD 2 R7 R10 0 
0 0 0 0 0f30 0000000f 1 R7 FADD 2 R7 R12 0 
0 0 3 0 0f80 0000000f 0 BSYNC 0 0 
0 0 2 0 0f60 0000000f 1 R7 FADD 2 R7 R18 0 
0 0 1 0 0f70 0000000f 1 R13 FADD 2 R7 R20 0 
0 0 4 0 0f30 0000000f 1 R7 FADD 2 R7 R12 0 
0 0 0 0 0f40 0000000f 1 R7 FADD 2 R7 R14 0 
0 0 3 0 0f90 0000000f 0 ISETP.LT.OR 1 R5 0 
0 0 2 0 0f70 0000000f 1 R13 FADD 2 R7 R20 0 
0 0 1 0 0f80 0000000f 0 BSYNC 0 0 
0 0 4 0 0f40 0000000f 1 R7 FADD 2 R7 R14 0 
0 0 0 0 0f50 0000000f 1 R7 FADD 2 R7 R16 0 
0 0 3 0 0fa0 00000000 1 R8 LDS.U 1 R3 4 1 0x0 0 
0 0 2 0 0f80 0000000f 0 BSYNC 0 0 
0 0 1 0 0f90 0000000f 0 ISETP.LT.OR 1 R5 0 
0 0 4 0 0f50 0000000f 1 R7 FADD 2 R7 R16 0 
0 0 0 0 0f60 0000000f 1 R7 FADD 2 R7 R18 0 
0 0 3 0 0fb0 00000000 1 R5 LDS.U 1 R3 4 1 0x0 0 
0 0 2 0 0f90 0000000f 0 ISETP.LT.OR 1 R5 0 
0 0 4 0 0f60 0000000f 1 R7 FADD 2 R7 R18 0 
0 0 0 0 0f70 0000000f 1 R13 FADD 2 R7 R20 0 
0 0 1 0 0fa0 00000000 1 R8 LDS.U 1 R3 4 1 0x0 0 
0 0 4 0 0f70 0000000f 1 R13 FADD 2 R7 R20 0 
0 0 0 0 0f80 0000000f 0 BSYNC 0 0 
0 0 3 0 0fc0 00000000 1 R10 LDS.U 1 R3 4 1 0x0 0 
0 0 2 0 0fa0 00000000 1 R8 LDS.U 1 R3 4 1 0x0 0 
0 0 1 0 0fb0 00000000 1 R5 LDS.U 1 R3 4 1 0x0 0 
0 0 4 0 0f80 0000000f 0 BSYNC 0 0 
0 0 0 0 0f90 0000000f 0 ISETP.LT.OR 1 R5 0 
0 0 3 0 0fd0 00000000 1 R12 LDS.U 1 R3 4 1 0x0 0 
0 0 2 0 0fb0 00000000 1 R5 LDS.U 1 R3 4 1 0x0 0 
0 0 1 0 0fc0 00000000 1 R10 LDS.U 1 R3 4 1 0x0 0 
0 0 4 0 0f90 0000000f 0 ISETP.LT.OR 1 R5 0 
0 0 0 0 0fa0 00000000 1 R8 LDS.U 1 R3 4 1 0x0 0 
0 0 3 0 0fe0 00000000 1 R8 FADD 2 R13 R8 0 
0 0 2 0 0fc0 00000000 1 R10 LDS.U 1 R3 4 1 0x0 0 
0 0 1 0 0fd0 00000000 1 R12 LDS.U 1 R3 4 1 0x0 0 
0 0 4 0 0fa0 00000000 1 R8 LDS.U 1 R3 4 1 0x0 0 
0 0 3 0 0ff0 00000000 1 R5 FADD 2 R8 R5 0 
0 0 0 0 0fb0 00000000 1 R5 LDS.U 1 R3 4 1 0x0 0 
0 0 2 0 0fd0 00000000 1 R12 LDS.U 1 R3 4 1 0x0 0 
0 0 1 0 0fe0 00000000 1 R8 FADD 2 R13 R8 0 
0 0 3 0 1000 00000000 1 R5 FADD 2 R5 R10 0 
0 0 4 0 0fb0 00000000 1 R5 LDS.U 1 R3 4 1 0x0 0 
0 0 0 0 0fc0 00000000 1 R10 LDS.U 1 R3 4 1 0x0 0 
0 0 2 0 0fe0 00000000 1 R8 FADD 2 R13 R8 0 
0 0 1 0 0ff0 00000000 1 R5 FADD 2 R8 R5 0 
0 0 3 0 1010 00000000 1 R13 FADD 2 R5 R12 0 
0 0 4 0 0fc0 00000000 1 R10 LDS.U 1 R3 4 1 0x0 0 
0 0 2 0 0ff0 00000000 1 R5 FADD 2 R8 R5 0 
0 0 1 0 1000 00000000 1 R5 FADD 2 R5 R10 0 
0 0 0 0 0fd0 00000000 1 R12 LDS.U 1 R3 4 1 0x0 0 
0 0 3 0 1020 0000000f 0 BSYNC 0 0 
0 0 2 0 1000 00000000 1 R5 FADD 2 R5 R10 0 
0 0 1 0 1010 00000000 1 R13 FADD 2 R5 R12 0 
0 0 4 0 0fd0 00000000 1 R12 LDS.U 1 R3 4 1 0x0 0 
0 0 0 0 0fe0 00000000 1 R8 FADD 2 R13 R8 0 
0 0 3 0 1030 0000000f 0 STS 2 R2 R13 4 1 0x0 4 
0 0 1 0 1020 0000000f 0 BSYNC 0 0 
0 0 2 0 1010 00000000 1 R13 FADD 2 R5 R12 0 
0 0 4 0 0fe0 00000000 1 R8 FADD 2 R13 R8 0 
0 0 0 0 0ff0 00000000 1 R5 FADD 2 R8 R5 0 
0 0 3 0 1040 0000000f 0 BSYNC 0 0 
0 0 2 0 1020 0000000f 0 BSYNC 0 0 
0 0 4 0 0ff0 00000000 1 R5 FADD 2 R8 R5 0 
0 0 0 0 1000 00000000 1 R5 FADD 2 R5 R10 0 
0 0 1 0 1030 0000000f 0 STS 2 R2 R13 4 1 0x0 4 
0 0 3 0 1040 fffffff0 0 BSYNC 0 0 
0 0 4 0 1000 00000000 1 R5 FADD 2 R5 R10 0 
0 0 0 0 1010 00000000 1 R13 FADD 2 R5 R12 0 
0 0 1 0 1040 0000000f 0 BSYNC 0 0 
0 0 2 0 1030 0000000f 0 STS 2 R2 R13 4 1 0x0 4 
0 0 3 0 1050 ffffffff 0 NOP 0 0 
0 0 4 0 1010 00000000 1 R13 FADD 2 R5 R12 0 
0 0 0 0 1020 0000000f 0 BSYNC 0 0 
0 0 1 0 1040 fffffff0 0 BSYNC 0 0 
0 0 2 0 1040 0000000f 0 BSYNC 0 0 
0 0 3 0 1060 ffffffff 0 BAR.SYNC 0 0 
0 0 4 0 1020 0000000f 0 BSYNC 0 0 
0 0 1 0 1050 ffffffff 0 NOP 0 0 
0 0 2 0 1040 fffffff0 0 BSYNC 0 0 
0 0 0 0 1030 0000000f 0 STS 2 R2 R13 4 1 0x0 4 
0 0 3 0 1070 ffffffff 0 ISETP.NE.AND 2 R6 R255 0 
0 0 3 2 1070 ffffffff 0 ISETP.NE.AND 2 R6 R255 0 
0 0 3 3 1070 ffffffff 0 ISETP.NE.AND 2 R6 R255 0 
0 0 3 1 1070 ffffffff 0 ISETP.NE.AND 2 R6 R255 0 
0 0 1 0 1060 ffffffff 0 BAR.SYNC 0 0 
0 0 2 0 1050 ffffffff 0 NOP 0 0 
0 0 4 0 1030 0000000f 0 STS 2 R2 R13 4 1 0x0 4 
0 0 0 0 1040 0000000f 0 BSYNC 0 0 
0 0 3 0 1080 fffffffe 0 EXIT 0 0 
0 0 3 2 1080 ffffffff 0 EXIT 0 0 
0 0 3 1 1080 ffffffff 0 EXIT 0 0 
0 0 1 0 1070 ffffffff 0 ISETP.NE.AND 2 R6 R255 0 
0 0 1 1 1070 ffffffff 0 ISETP.NE.AND 2 R6 R255 0 
0 0 1 3 1070 ffffffff 0 ISETP.NE.AND 2 R6 R255 0 
0 0 1 2 1070 ffffffff 0 ISETP.NE.AND 2 R6 R255 0 
0 0 3 3 1080 ffffffff 0 EXIT 0 0 
0 0 2 0 1060 ffffffff 0 BAR.SYNC 0 0 
0 0 4 0 1040 0000000f 0 BSYNC 0 0 
0 0 0 0 1040 fffffff0 0 BSYNC 0 0 
0 0 2 0 1070 ffffffff 0 ISETP.NE.AND 2 R6 R255 0 
0 0 2 1 1070 ffffffff 0 ISETP.NE.AND 2 R6 R255 0 
0 0 2 3 1070 ffffffff 0 ISETP.NE.AND 2 R6 R255 0 
0 0 2 2 1070 ffffffff 0 ISETP.NE.AND 2 R6 R255 0 
0 0 4 0 1040 fffffff0 0 BSYNC 0 0 
0 0 0 0 1050 ffffffff 0 NOP 0 0 
0 0 1 0 1080 fffffffe 0 EXIT 0 0 
0 0 3 0 1090 00000001 0 ISETP.NE.AND 1 R255 0 
0 0 1 1 1080 ffffffff 0 EXIT 0 0 
0 0 1 3 1080 ffffffff 0 EXIT 0 0 
0 0 1 2 1080 ffffffff 0 EXIT 0 0 
0 0 4 0 1050 ffffffff 0 NOP 0 0 
0 0 0 0 1060 ffffffff 0 BAR.SYNC 0 0 
0 0 2 0 1080 fffffffe 0 EXIT 0 0 
0 0 3 0 10a0 00000000 1 R6 MOV 0 0 
0 0 1 0 1090 00000001 0 ISETP.NE.AND 1 R255 0 
0 0 2 2 1080 ffffffff 0 EXIT 0 0 
0 0 2 1 1080 ffffffff 0 EXIT 0 0 
0 0 2 3 1080 ffffffff 0 EXIT 0 0 
0 0 4 0 1060 ffffffff 0 BAR.SYNC 0 0 
0 0 0 0 1070 ffffffff 0 ISETP.NE.AND 2 R6 R255 0 
0 0 0 2 1070 ffffffff 0 ISETP.NE.AND 2 R6 R255 0 
0 0 0 3 1070 ffffffff 0 ISETP.NE.AND 2 R6 R255 0 
0 0 0 1 1070 ffffffff 0 ISETP.NE.AND 2 R6 R255 0 
0 0 3 0 10b0 00000000 1 R7 IMAD.MOV.U32 2 R255 R255 0 
0 0 2 0 1090 00000001 0 ISETP.NE.AND 1 R255 0 
0 0 1 0 10a0 00000000 1 R6 MOV 0 0 
0 0 4 0 1070 ffffffff 0 ISETP.NE.AND 2 R6 R255 0 
0 0 4 3 1070 ffffffff 0 ISETP.NE.AND 2 R6 R255 0 
0 0 4 1 1070 ffffffff 0 ISETP.NE.AND 2 R6 R255 0 
0 0 4 2 1070 ffffffff 0 ISETP.NE.AND 2 R6 R255 0 
0 0 0 0 1080 fffffffe 0 EXIT 0 0 
0 0 3 0 10c0 00000000 1 R4 LDG.E.SYS 1 R6 4 1 0x0 0 
0 0 0 2 1080 ffffffff 0 EXIT 0 0 
0 0 2 0 10a0 00000000 1 R6 MOV 0 0 
0 0 1 0 10b0 00000000 1 R7 IMAD.MOV.U32 2 R255 R255 0 
0 0 0 3 1080 ffffffff 0 EXIT 0 0 
0 0 0 1 1080 ffffffff 0 EXIT 0 0 
0 0 4 0 1080 fffffffe 0 EXIT 0 0 
0 0 3 0 10d0 00000001 1 R5 IMAD.MOV.U32 2 R255 R255 0 
0 0 4 3 1080 ffffffff 0 EXIT 0 0 
0 0 2 0 10b0 00000000 1 R7 IMAD.MOV.U32 2 R255 R255 0 
0 0 4 2 1080 ffffffff 0 EXIT 0 0 
0 0 4 1 1080 ffffffff 0 EXIT 0 0 
0 0 1 0 10c0 00000000 1 R4 LDG.E.SYS 1 R6 4 1 0x0 0 
0 0 0 0 1090 00000001 0 ISETP.NE.AND 1 R255 0 
0 0 3 0 10e0 00000000 1 R12 IMAD.MOV.U32 2 R255 R255 0 
0 0 1 0 10d0 00000001 1 R5 IMAD.MOV.U32 2 R255 R255 0 
0 0 2 0 10c0 00000000 1 R4 LDG.E.SYS 1 R6 4 1 0x0 0 
0 0 4 0 1090 00000001 0 ISETP.NE.AND 1 R255 0 
0 0 0 0 10a0 00000000 1 R6 MOV 0 0 
0 0 3 0 10f0 00000001 1 R2 S2R 0 0 
0 0 1 0 10e0 00000000 1 R12 IMAD.MOV.U32 2 R255 R255 0 
0 0 2 0 10d0 00000001 1 R5 IMAD.MOV.U32 2 R255 R255 0 
0 0 4 0 10a0 00000000 1 R6 MOV 0 0 
0 0 0 0 10b0 00000000 1 R7 IMAD.MOV.U32 2 R255 R255 0 
0 0 3 0 1100 00000000 1 R13 IMAD.MOV.U32 2 R255 R255 0 
0 0 1 0 10f0 00000001 1 R2 S2R 0 0 
0 0 2 0 10e0 00000000 1 R12 IMAD.MOV.U32 2 R255 R255 0 
0 0 4 0 10b0 00000000 1 R7 IMAD.MOV.U32 2 R255 R255 0 
0 0 0 0 10c0 00000000 1 R4 LDG.E.SYS 1 R6 4 1 0x0 0 
0 0 3 0 1110 00000000 1 R0 LDG.E.SYS 1 R12 4 1 0x0 0 
0 0 1 0 1100 00000000 1 R13 IMAD.MOV.U32 2 R255 R255 0 
0 0 2 0 10f0 00000001 1 R2 S2R 0 0 
0 0 4 0 10c0 00000000 1 R4 LDG.E.SYS 1 R6 4 1 0x0 0 
0 0 0 0 10d0 00000001 1 R5 IMAD.MOV.U32 2 R255 R255 0 
0 0 3 0 1120 00000001 1 R10 IMAD.WIDE.U32 2 R2 R255 0 
0 0 2 0 1100 00000000 1 R13 IMAD.MOV.U32 2 R255 R255 0 
0 0 1 0 1110 00000000 1 R0 LDG.E.SYS 1 R12 4 1 0x0 0 
0 0 4 0 10d0 00000001 1 R5 IMAD.MOV.U32 2 R255 R255 0 
0 0 0 0 10e0 00000000 1 R12 IMAD.MOV.U32 2 R255 R255 0 
0 0 3 0 1130 00000001 0 FSETP.NEU.AND 2 R4 R255 0 
0 0 1 0 1120 00000001 1 R10 IMAD.WIDE.U32 2 R2 R255 0 
0 0 2 0 1110 00000000 1 R0 LDG.E.SYS 1 R12 4 1 0x0 0 
0 0 4 0 10e0 00000000 1 R12 IMAD.MOV.U32 2 R255 R255 0 
0 0 0 0 10f0 00000001 1 R2 S2R 0 0 
0 0 3 0 1140 00000001 1 R8 IMAD.WIDE.U32 2 R2 R255 0 
0 0 1 0 1130 00000001 0 FSETP.NEU.AND 2 R4 R255 0 
0 0 2 0 1120 00000001 1 R10 IMAD.WIDE.U32 2 R2 R255 0 
0 0 4 0 10f0 00000001 1 R2 S2R 0 0 
0 0 0 0 1100 00000000 1 R13 IMAD.MOV.U32 2 R255 R255 0 
0 0 3 0 1150 00000001 1 R3 IMAD 2 R2 R9 0 
0 0 1 0 1140 00000001 1 R8 IMAD.WIDE.U32 2 R2 R255 0 
0 0 2 0 1130 00000001 0 FSETP.NEU.AND 2 R4 R255 0 
0 0 4 0 1100 00000000 1 R13 IMAD.MOV.U32 2 R255 R255 0 
0 0 3 0 1160 00000001 1 R14 LEA 1 R8 0 
0 0 0 0 1110 00000000 1 R0 LDG.E.SYS 1 R12 4 1 0x0 0 
0 0 1 0 1150 00000001 1 R3 IMAD 2 R2 R9 0 
0 0 2 0 1140 00000001 1 R8 IMAD.WIDE.U32 2 R2 R255 0 
0 0 4 0 1110 00000000 1 R0 LDG.E.SYS 1 R12 4 1 0x0 0 
0 0 3 0 1170 00000001 1 R15 LEA.HI.X 2 R8 R3 0 
0 0 0 0 1120 00000001 1 R10 IMAD.WIDE.U32 2 R2 R255 0 
0 0 1 0 1160 00000001 1 R14 LEA 1 R8 0 
0 0 2 0 1150 00000001 1 R3 IMAD 2 R2 R9 0 
0 0 4 0 1120 00000001 1 R10 IMAD.WIDE.U32 2 R2 R255 0 
0 0 3 0 1180 00000001 1 R3 IMAD 2 R2 R11 0 
0 0 0 0 1130 00000001 0 FSETP.NEU.AND 2 R4 R255 0 
0 0 1 0 1170 00000001 1 R15 LEA.HI.X 2 R8 R3 0 
0 0 2 0 1160 00000001 1 R14 LEA 1 R8 0 
0 0 4 0 1130 00000001 0 FSETP.NEU.AND 2 R4 R255 0 
0 0 3 0 1190 00000001 0 R2P 1 R5 0 
0 0 0 0 1140 00000001 1 R8 IMAD.WIDE.U32 2 R2 R255 0 
0 0 1 0 1180 00000001 1 R3 IMAD 2 R2 R11 0 
0 0 2 0 1170 00000001 1 R15 LEA.HI.X 2 R8 R3 0 
0 0 4 0 1140 00000001 1 R8 IMAD.WIDE.U32 2 R2 R255 0 
0 0 0 0 1150 00000001 1 R3 IMAD 2 R2 R9 0 
0 0 3 0 11a0 00000001 1 R15 LDG.E.SYS 1 R14 4 2 0x7f03b660100c 
0 0 1 0 1190 00000001 0 R2P 1 R5 0 
0 0 2 0 1180 00000001 1 R3 IMAD 2 R2 R11 0 
0 0 4 0 1150 00000001 1 R3 IMAD 2 R2 R9 0 
0 0 0 0 1160 00000001 1 R14 LEA 1 R8 0 
0 0 3 0 11b0 00000001 1 R6 LEA 1 R10 0 
0 0 2 0 1190 00000001 0 R2P 1 R5 0 
0 0 1 0 11a0 00000001 1 R15 LDG.E.SYS 1 R14 4 2 0x7f03b6601004 
0 0 4 0 1160 00000001 1 R14 LEA 1 R8 0 
0 0 0 0 1170 00000001 1 R15 LEA.HI.X 2 R8 R3 0 
0 0 3 0 11c0 00000001 1 R5 MOV 1 R255 0 
0 0 1 0 11b0 00000001 1 R6 LEA 1 R10 0 
0 0 2 0 11a0 00000001 1 R15 LDG.E.SYS 1 R14 4 2 0x7f03b6601008 
0 0 4 0 1170 00000001 1 R15 LEA.HI.X 2 R8 R3 0 
0 0 0 0 1180 00000001 1 R3 IMAD 2 R2 R11 0 
0 0 3 0 11d0 00000001 1 R7 LEA.HI.X 2 R10 R3 0 
0 0 1 0 11c0 00000001 1 R5 MOV 1 R255 0 
0 0 2 0 11b0 00000001 1 R6 LEA 1 R10 0 
0 0 4 0 1180 00000001 1 R3 IMAD 2 R2 R11 0 
0 0 0 0 1190 00000001 0 R2P 1 R5 0 
0 0 1 0 11d0 00000001 1 R7 LEA.HI.X 2 R10 R3 0 
0 0 3 0 11e0 00000001 1 R8 LDS.U.128 1 R255 16 2 0x0 
0 0 2 0 11c0 00000001 1 R5 MOV 1 R255 0 
0 0 4 0 1190 00000001 0 R2P 1 R5 0 
0 0 0 0 11a0 00000001 1 R15 LDG.E.SYS 1 R14 4 2 0x7f03b6601000 
0 0 2 0 11d0 00000001 1 R7 LEA.HI.X 2 R10 R3 0 
0 0 1 0 11e0 00000001 1 R8 LDS.U.128 1 R255 16 2 0x0 
0 0 3 0 11f0 00000000 1 R5 LDG.E.SYS 1 R6 4 1 0x0 0 
0 0 4 0 11a0 00000001 1 R15 LDG.E.SYS 1 R14 4 2 0x7f03b6601010 
0 0 0 0 11b0 00000001 1 R6 LEA 1 R10 0 
0 0 3 0 1200 00000001 1 R3 IMAD.MOV.U32 3 R255 R255 R255 0 
0 0 2 0 11e0 00000001 1 R8 LDS.U.128 1 R255 16 2 0x0 
0 0 1 0 11f0 00000000 1 R5 LDG.E.SYS 1 R6 4 1 0x0 0 
0 0 4 0 11b0 00000001 1 R6 LEA 1 R10 0 
0 0 0 0 11c0 00000001 1 R5 MOV 1 R255 0 
0 0 3 0 1210 00000001 1 R8 FADD 2 R255 R8 0 
0 0 1 0 1200 00000001 1 R3 IMAD.MOV.U32 3 R255 R255 R255 0 
0 0 4 0 11c0 00000001 1 R5 MOV 1 R255 0 
0 0 2 0 11f0 00000000 1 R5 LDG.E.SYS 1 R6 4 1 0x0 0 
0 0 0 0 11d0 00000001 1 R7 LEA.HI.X 2 R10 R3 0 
0 0 3 0 1220 00000001 1 R9 FADD 2 R8 R9 0 
0 0 1 0 1210 00000001 1 R8 FADD 2 R255 R8 0 
0 0 4 0 11d0 00000001 1 R7 LEA.HI.X 2 R10 R3 0 
0 0 2 0 1200 00000001 1 R3 IMAD.MOV.U32 3 R255 R255 R255 0 
0 0 0 0 11e0 00000001 1 R8 LDS.U.128 1 R255 16 2 0x0 
0 0 3 0 1230 00000001 1 R10 FADD 2 R9 R10 0 
0 0 1 0 1220 00000001 1 R9 FADD 2 R8 R9 0 
0 0 2 0 1210 00000001 1 R8 FADD 2 R255 R8 0 
0 0 4 0 11e0 00000001 1 R8 LDS.U.128 1 R255 16 2 0x0 
0 0 3 0 1240 00000001 1 R11 FADD 2 R10 R11 0 
0 0 0 0 11f0 00000000 1 R5 LDG.E.SYS 1 R6 4 1 0x0 0 
0 0 1 0 1230 00000001 1 R10 FADD 2 R9 R10 0 
0 0 2 0 1220 00000001 1 R9 FADD 2 R8 R9 0 
0 0 4 0 11f0 00000000 1 R5 LDG.E.SYS 1 R6 4 1 0x0 0 
0 0 3 0 1250 00000001 1 R3 FMUL 2 R15 R4 0 
0 0 0 0 1200 00000001 1 R3 IMAD.MOV.U32 3 R255 R255 R255 0 
0 0 1 0 1240 00000001 1 R11 FADD 2 R10 R11 0 
0 0 2 0 1230 00000001 1 R10 FADD 2 R9 R10 0 
0 0 4 0 1200 00000001 1 R3 IMAD.MOV.U32 3 R255 R255 R255 0 
0 0 3 0 1260 00000001 1 R0 FFMA 3 R11 R0 R3 0 
0 0 0 0 1210 00000001 1 R8 FADD 2 R255 R8 0 
0 0 1 0 1250 00000001 1 R3 FMUL 2 R15 R4 0 
0 0 2 0 1240 00000001 1 R11 FADD 2 R10 R11 0 
0 0 4 0 1210 00000001 1 R8 FADD 2 R255 R8 0 
0 0 3 0 1270 00000001 1 R3 FADD 2 R0 R5 0 
0 0 0 0 1220 00000001 1 R9 FADD 2 R8 R9 0 
0 0 1 0 1260 00000001 1 R0 FFMA 3 R11 R0 R3 0 
0 0 2 0 1250 00000001 1 R3 FMUL 2 R15 R4 0 
0 0 3 0 1280 00000001 1 R0 FSEL 1 R255 0 
0 0 4 0 1220 00000001 1 R9 FADD 2 R8 R9 0 
0 0 1 0 1270 00000001 1 R3 FADD 2 R0 R5 0 
0 0 0 0 1230 00000001 1 R10 FADD 2 R9 R10 0 
0 0 2 0 1260 00000001 1 R0 FFMA 3 R11 R0 R3 0 
0 0 3 0 1290 00000001 1 R4 IMAD.WIDE.U32 2 R2 R255 0 
0 0 4 0 1230 00000001 1 R10 FADD 2 R9 R10 0 
0 0 1 0 1280 00000001 1 R0 FSEL 1 R255 0 
0 0 0 0 1240 00000001 1 R11 FADD 2 R10 R11 0 
0 0 2 0 1270 00000001 1 R3 FADD 2 R0 R5 0 
0 0 3 0 12a0 00000001 0 FSETP.GEU.AND 2 R3 R0 0 
0 0 4 0 1240 00000001 1 R11 FADD 2 R10 R11 0 
0 0 1 0 1290 00000001 1 R4 IMAD.WIDE.U32 2 R2 R255 0 
0 0 0 0 1250 00000001 1 R3 FMUL 2 R15 R4 0 
0 0 2 0 1280 00000001 1 R0 FSEL 1 R255 0 
0 0 3 0 12b0 00000001 1 R7 IMAD 2 R2 R5 0 
0 0 4 0 1250 00000001 1 R3 FMUL 2 R15 R4 0 
0 0 1 0 12a0 00000001 0 FSETP.GEU.AND 2 R3 R0 0 
0 0 0 0 1260 00000001 1 R0 FFMA 3 R11 R0 R3 0 
0 0 2 0 1290 00000001 1 R4 IMAD.WIDE.U32 2 R2 R255 0 
0 0 3 0 12c0 00000001 1 R2 LEA 1 R4 0 
0 0 4 0 1260 00000001 1 R0 FFMA 3 R11 R0 R3 0 
0 0 1 0 12b0 00000001 1 R7 IMAD 2 R2 R5 0 
0 0 0 0 1270 00000001 1 R3 FADD 2 R0 R5 0 
0 0 2 0 12a0 00000001 0 FSETP.GEU.AND 2 R3 R0 0 
0 0 3 0 12d0 00000001 1 R5 FSEL 2 R0 R3 0 
0 0 4 0 1270 00000001 1 R3 FADD 2 R0 R5 0 
0 0 1 0 12c0 00000001 1 R2 LEA 1 R4 0 
0 0 0 0 1280 00000001 1 R0 FSEL 1 R255 0 
0 0 2 0 12b0 00000001 1 R7 IMAD 2 R2 R5 0 
0 0 3 0 12e0 00000001 1 R3 LEA.HI.X 2 R4 R7 0 
0 0 4 0 1280 00000001 1 R0 FSEL 1 R255 0 
0 0 1 0 12d0 00000001 1 R5 FSEL 2 R0 R3 0 
0 0 0 0 1290 00000001 1 R4 IMAD.WIDE.U32 2 R2 R255 0 
0 0 2 0 12c0 00000001 1 R2 LEA 1 R4 0 
0 0 4 0 1290 00000001 1 R4 IMAD.WIDE.U32 2 R2 R255 0 
0 0 1 0 12e0 00000001 1 R3 LEA.HI.X 2 R4 R7 0 
0 0 0 0 12a0 00000001 0 FSETP.GEU.AND 2 R3 R0 0 
0 0 3 0 12f0 00000001 0 STG.E.SYS 2 R2 R5 4 2 0x7f03b660100c 
0 0 2 0 12d0 00000001 1 R5 FSEL 2 R0 R3 0 
0 0 4 0 12a0 00000001 0 FSETP.GEU.AND 2 R3 R0 0 
0 0 3 0 1300 00000001 0 EXIT 0 0 
0 0 0 0 12b0 00000001 1 R7 IMAD 2 R2 R5 0 
0 0 1 0 12f0 00000001 0 STG.E.SYS 2 R2 R5 4 2 0x7f03b6601004 
0 0 2 0 12e0 00000001 1 R3 LEA.HI.X 2 R4 R7 0 
0 0 4 0 12b0 00000001 1 R7 IMAD 2 R2 R5 0 
0 0 0 0 12c0 00000001 1 R2 LEA 1 R4 0 
0 0 1 0 1300 00000001 0 EXIT 0 0 
0 0 2 0 12f0 00000001 0 STG.E.SYS 2 R2 R5 4 2 0x7f03b6601008 
0 0 4 0 12c0 00000001 1 R2 LEA 1 R4 0 
0 0 0 0 12d0 00000001 1 R5 FSEL 2 R0 R3 0 
0 0 2 0 1300 00000001 0 EXIT 0 0 
0 0 4 0 12d0 00000001 1 R5 FSEL 2 R0 R3 0 
0 0 0 0 12e0 00000001 1 R3 LEA.HI.X 2 R4 R7 0 
0 0 4 0 12e0 00000001 1 R3 LEA.HI.X 2 R4 R7 0 
0 0 0 0 12f0 00000001 0 STG.E.SYS 2 R2 R5 4 2 0x7f03b6601000 
0 0 4 0 12f0 00000001 0 STG.E.SYS 2 R2 R5 4 2 0x7f03b6601010 
0 0 0 0 1300 00000001 0 EXIT 0 0 
0 0 4 0 1300 00000001 0 EXIT 0 0 
