-kernel name = _ZN2at6native40_GLOBAL__N__0f1a8107_8_Shape_cu_49f7391c26CatArrayBatchedCopy_contigINS1_10OpaqueTypeILj4EEEjLi1ELi128ELi1EEEvPT_NS1_25CatArrInputTensorMetadataIS5_T0_XT2_EXT3_EEENS1_16TensorSizeStrideIS8_Lj4EEEiS8_
-kernel id = 3312
-grid dim = (1,8,1)
-block dim = (128,1,1)
-shmem = 0
-nregs = 18
-binary version = 70
-cuda stream id = 0
-shmem base_addr = 0x00007f045a000000
-local mem base_addr = 0x00007f0458000000
-nvbit version = 1.5.3
-accelsim tracer version = 3

#traces format = threadblock_x threadblock_y threadblock_z warpid_tb PC mask dest_num [reg_dests] opcode src_num [reg_srcs] mem_width [adrrescompress?] [mem_addresses]

0 1 0 0 0000 ffffffff 1 R1 MOV 0 0 
0 4 0 0 0000 ffffffff 1 R1 MOV 0 0 
0 1 0 2 0000 ffffffff 1 R1 MOV 0 0 
0 7 0 0 0000 ffffffff 1 R1 MOV 0 0 
0 3 0 0 0000 ffffffff 1 R1 MOV 0 0 
0 1 0 1 0000 ffffffff 1 R1 MOV 0 0 
0 2 0 0 0000 ffffffff 1 R1 MOV 0 0 
0 1 0 3 0000 ffffffff 1 R1 MOV 0 0 
0 4 0 2 0000 ffffffff 1 R1 MOV 0 0 
0 7 0 2 0000 ffffffff 1 R1 MOV 0 0 
0 4 0 1 0000 ffffffff 1 R1 MOV 0 0 
0 3 0 2 0000 ffffffff 1 R1 MOV 0 0 
0 2 0 2 0000 ffffffff 1 R1 MOV 0 0 
0 7 0 3 0000 ffffffff 1 R1 MOV 0 0 
0 4 0 3 0000 ffffffff 1 R1 MOV 0 0 
0 3 0 1 0000 ffffffff 1 R1 MOV 0 0 
0 2 0 1 0000 ffffffff 1 R1 MOV 0 0 
0 7 0 1 0000 ffffffff 1 R1 MOV 0 0 
0 3 0 3 0000 ffffffff 1 R1 MOV 0 0 
0 2 0 3 0000 ffffffff 1 R1 MOV 0 0 
0 6 0 0 0000 ffffffff 1 R1 MOV 0 0 
0 0 0 0 0000 ffffffff 1 R1 MOV 0 0 
0 6 0 2 0000 ffffffff 1 R1 MOV 0 0 
0 5 0 0 0000 ffffffff 1 R1 MOV 0 0 
0 6 0 1 0000 ffffffff 1 R1 MOV 0 0 
0 0 0 2 0000 ffffffff 1 R1 MOV 0 0 
0 6 0 3 0000 ffffffff 1 R1 MOV 0 0 
0 0 0 1 0000 ffffffff 1 R1 MOV 0 0 
0 5 0 2 0000 ffffffff 1 R1 MOV 0 0 
0 0 0 3 0000 ffffffff 1 R1 MOV 0 0 
0 5 0 1 0000 ffffffff 1 R1 MOV 0 0 
0 5 0 3 0000 ffffffff 1 R1 MOV 0 0 
0 1 0 3 0010 00000000 0 SHFL.IDX 4 R255 R255 R255 R255 0 
0 0 0 0 0010 00000000 0 SHFL.IDX 4 R255 R255 R255 R255 0 
0 3 0 1 0010 00000000 0 SHFL.IDX 4 R255 R255 R255 R255 0 
0 3 0 0 0010 00000000 0 SHFL.IDX 4 R255 R255 R255 R255 0 
0 2 0 1 0010 00000000 0 SHFL.IDX 4 R255 R255 R255 R255 0 
0 1 0 1 0010 00000000 0 SHFL.IDX 4 R255 R255 R255 R255 0 
0 1 0 2 0010 00000000 0 SHFL.IDX 4 R255 R255 R255 R255 0 
0 1 0 0 0010 00000000 0 SHFL.IDX 4 R255 R255 R255 R255 0 
0 3 0 2 0010 00000000 0 SHFL.IDX 4 R255 R255 R255 R255 0 
0 2 0 0 0010 00000000 0 SHFL.IDX 4 R255 R255 R255 R255 0 
0 3 0 3 0010 00000000 0 SHFL.IDX 4 R255 R255 R255 R255 0 
0 0 0 2 0010 00000000 0 SHFL.IDX 4 R255 R255 R255 R255 0 
0 0 0 1 0010 00000000 0 SHFL.IDX 4 R255 R255 R255 R255 0 
0 0 0 3 0010 00000000 0 SHFL.IDX 4 R255 R255 R255 R255 0 
0 2 0 2 0010 00000000 0 SHFL.IDX 4 R255 R255 R255 R255 0 
0 2 0 3 0010 00000000 0 SHFL.IDX 4 R255 R255 R255 R255 0 
0 7 0 0 0010 00000000 0 SHFL.IDX 4 R255 R255 R255 R255 0 
0 5 0 0 0010 00000000 0 SHFL.IDX 4 R255 R255 R255 R255 0 
0 4 0 1 0010 00000000 0 SHFL.IDX 4 R255 R255 R255 R255 0 
0 4 0 0 0010 00000000 0 SHFL.IDX 4 R255 R255 R255 R255 0 
0 4 0 2 0010 00000000 0 SHFL.IDX 4 R255 R255 R255 R255 0 
0 5 0 2 0010 00000000 0 SHFL.IDX 4 R255 R255 R255 R255 0 
0 5 0 3 0010 00000000 0 SHFL.IDX 4 R255 R255 R255 R255 0 
0 7 0 2 0010 00000000 0 SHFL.IDX 4 R255 R255 R255 R255 0 
0 6 0 2 0010 00000000 0 SHFL.IDX 4 R255 R255 R255 R255 0 
0 5 0 1 0010 00000000 0 SHFL.IDX 4 R255 R255 R255 R255 0 
0 6 0 3 0010 00000000 0 SHFL.IDX 4 R255 R255 R255 R255 0 
0 6 0 1 0010 00000000 0 SHFL.IDX 4 R255 R255 R255 R255 0 
0 7 0 1 0010 00000000 0 SHFL.IDX 4 R255 R255 R255 R255 0 
0 7 0 3 0010 00000000 0 SHFL.IDX 4 R255 R255 R255 R255 0 
0 6 0 0 0010 00000000 0 SHFL.IDX 4 R255 R255 R255 R255 0 
0 4 0 3 0010 00000000 0 SHFL.IDX 4 R255 R255 R255 R255 0 
0 1 0 3 0020 ffffffff 1 R2 S2R 0 0 
0 0 0 0 0020 ffffffff 1 R2 S2R 0 0 
0 3 0 1 0020 ffffffff 1 R2 S2R 0 0 
0 3 0 0 0020 ffffffff 1 R2 S2R 0 0 
0 1 0 0 0020 ffffffff 1 R2 S2R 0 0 
0 3 0 2 0020 ffffffff 1 R2 S2R 0 0 
0 3 0 3 0020 ffffffff 1 R2 S2R 0 0 
0 1 0 1 0020 ffffffff 1 R2 S2R 0 0 
0 1 0 2 0020 ffffffff 1 R2 S2R 0 0 
0 2 0 0 0020 ffffffff 1 R2 S2R 0 0 
0 2 0 1 0020 ffffffff 1 R2 S2R 0 0 
0 5 0 2 0020 ffffffff 1 R2 S2R 0 0 
0 0 0 2 0020 ffffffff 1 R2 S2R 0 0 
0 2 0 2 0020 ffffffff 1 R2 S2R 0 0 
0 0 0 1 0020 ffffffff 1 R2 S2R 0 0 
0 0 0 3 0020 ffffffff 1 R2 S2R 0 0 
0 7 0 0 0020 ffffffff 1 R2 S2R 0 0 
0 4 0 1 0020 ffffffff 1 R2 S2R 0 0 
0 2 0 3 0020 ffffffff 1 R2 S2R 0 0 
0 4 0 2 0020 ffffffff 1 R2 S2R 0 0 
0 6 0 3 0020 ffffffff 1 R2 S2R 0 0 
0 5 0 3 0020 ffffffff 1 R2 S2R 0 0 
0 5 0 0 0020 ffffffff 1 R2 S2R 0 0 
0 5 0 1 0020 ffffffff 1 R2 S2R 0 0 
0 7 0 3 0020 ffffffff 1 R2 S2R 0 0 
0 4 0 0 0020 ffffffff 1 R2 S2R 0 0 
0 6 0 1 0020 ffffffff 1 R2 S2R 0 0 
0 7 0 2 0020 ffffffff 1 R2 S2R 0 0 
0 7 0 1 0020 ffffffff 1 R2 S2R 0 0 
0 6 0 0 0020 ffffffff 1 R2 S2R 0 0 
0 6 0 2 0020 ffffffff 1 R2 S2R 0 0 
0 0 0 0 0030 ffffffff 1 R13 MOV 0 0 
0 3 0 1 0030 ffffffff 1 R13 MOV 0 0 
0 1 0 3 0030 ffffffff 1 R13 MOV 0 0 
0 4 0 3 0020 ffffffff 1 R2 S2R 0 0 
0 1 0 0 0030 ffffffff 1 R13 MOV 0 0 
0 3 0 2 0030 ffffffff 1 R13 MOV 0 0 
0 3 0 0 0030 ffffffff 1 R13 MOV 0 0 
0 3 0 3 0030 ffffffff 1 R13 MOV 0 0 
0 1 0 2 0030 ffffffff 1 R13 MOV 0 0 
0 1 0 1 0030 ffffffff 1 R13 MOV 0 0 
0 2 0 1 0030 ffffffff 1 R13 MOV 0 0 
0 2 0 0 0030 ffffffff 1 R13 MOV 0 0 
0 7 0 0 0030 ffffffff 1 R13 MOV 0 0 
0 4 0 1 0030 ffffffff 1 R13 MOV 0 0 
0 5 0 2 0030 ffffffff 1 R13 MOV 0 0 
0 5 0 0 0030 ffffffff 1 R13 MOV 0 0 
0 4 0 2 0030 ffffffff 1 R13 MOV 0 0 
0 5 0 1 0030 ffffffff 1 R13 MOV 0 0 
0 7 0 3 0030 ffffffff 1 R13 MOV 0 0 
0 0 0 3 0030 ffffffff 1 R13 MOV 0 0 
0 2 0 2 0030 ffffffff 1 R13 MOV 0 0 
0 5 0 3 0030 ffffffff 1 R13 MOV 0 0 
0 6 0 3 0030 ffffffff 1 R13 MOV 0 0 
0 2 0 3 0030 ffffffff 1 R13 MOV 0 0 
0 0 0 1 0030 ffffffff 1 R13 MOV 0 0 
0 0 0 2 0030 ffffffff 1 R13 MOV 0 0 
0 3 0 1 0040 ffffffff 1 R0 S2R 0 0 
0 6 0 2 0030 ffffffff 1 R13 MOV 0 0 
0 7 0 1 0030 ffffffff 1 R13 MOV 0 0 
0 6 0 1 0030 ffffffff 1 R13 MOV 0 0 
0 7 0 2 0030 ffffffff 1 R13 MOV 0 0 
0 6 0 0 0030 ffffffff 1 R13 MOV 0 0 
0 4 0 0 0030 ffffffff 1 R13 MOV 0 0 
0 0 0 0 0040 ffffffff 1 R0 S2R 0 0 
0 1 0 3 0040 ffffffff 1 R0 S2R 0 0 
0 1 0 0 0040 ffffffff 1 R0 S2R 0 0 
0 4 0 3 0030 ffffffff 1 R13 MOV 0 0 
0 3 0 0 0040 ffffffff 1 R0 S2R 0 0 
0 3 0 2 0040 ffffffff 1 R0 S2R 0 0 
0 3 0 3 0040 ffffffff 1 R0 S2R 0 0 
0 1 0 1 0040 ffffffff 1 R0 S2R 0 0 
0 1 0 2 0040 ffffffff 1 R0 S2R 0 0 
0 2 0 1 0040 ffffffff 1 R0 S2R 0 0 
0 4 0 1 0040 ffffffff 1 R0 S2R 0 0 
0 5 0 2 0040 ffffffff 1 R0 S2R 0 0 
0 3 0 1 0050 ffffffff 1 R3 S2R 0 0 
0 5 0 0 0040 ffffffff 1 R0 S2R 0 0 
0 5 0 1 0040 ffffffff 1 R0 S2R 0 0 
0 2 0 0 0040 ffffffff 1 R0 S2R 0 0 
0 7 0 0 0040 ffffffff 1 R0 S2R 0 0 
0 6 0 3 0040 ffffffff 1 R0 S2R 0 0 
0 7 0 3 0040 ffffffff 1 R0 S2R 0 0 
0 5 0 3 0040 ffffffff 1 R0 S2R 0 0 
0 4 0 2 0040 ffffffff 1 R0 S2R 0 0 
0 7 0 2 0040 ffffffff 1 R0 S2R 0 0 
0 6 0 1 0040 ffffffff 1 R0 S2R 0 0 
0 2 0 3 0040 ffffffff 1 R0 S2R 0 0 
0 6 0 0 0040 ffffffff 1 R0 S2R 0 0 
0 6 0 2 0040 ffffffff 1 R0 S2R 0 0 
0 2 0 2 0040 ffffffff 1 R0 S2R 0 0 
0 0 0 1 0040 ffffffff 1 R0 S2R 0 0 
0 7 0 1 0040 ffffffff 1 R0 S2R 0 0 
0 0 0 2 0040 ffffffff 1 R0 S2R 0 0 
0 0 0 3 0040 ffffffff 1 R0 S2R 0 0 
0 0 0 0 0050 ffffffff 1 R3 S2R 0 0 
0 4 0 0 0040 ffffffff 1 R0 S2R 0 0 
0 1 0 0 0050 ffffffff 1 R3 S2R 0 0 
0 1 0 3 0050 ffffffff 1 R3 S2R 0 0 
0 3 0 0 0050 ffffffff 1 R3 S2R 0 0 
0 3 0 2 0050 ffffffff 1 R3 S2R 0 0 
0 4 0 3 0040 ffffffff 1 R0 S2R 0 0 
0 1 0 1 0050 ffffffff 1 R3 S2R 0 0 
0 3 0 3 0050 ffffffff 1 R3 S2R 0 0 
0 1 0 2 0050 ffffffff 1 R3 S2R 0 0 
0 2 0 1 0050 ffffffff 1 R3 S2R 0 0 
0 3 0 1 0060 ffffffff 1 R4 IMAD 2 R2 R13 0 
0 4 0 1 0050 ffffffff 1 R3 S2R 0 0 
0 5 0 0 0050 ffffffff 1 R3 S2R 0 0 
0 5 0 2 0050 ffffffff 1 R3 S2R 0 0 
0 5 0 1 0050 ffffffff 1 R3 S2R 0 0 
0 6 0 3 0050 ffffffff 1 R3 S2R 0 0 
0 5 0 3 0050 ffffffff 1 R3 S2R 0 0 
0 7 0 3 0050 ffffffff 1 R3 S2R 0 0 
0 7 0 0 0050 ffffffff 1 R3 S2R 0 0 
0 7 0 2 0050 ffffffff 1 R3 S2R 0 0 
0 6 0 2 0050 ffffffff 1 R3 S2R 0 0 
0 2 0 2 0050 ffffffff 1 R3 S2R 0 0 
0 2 0 0 0050 ffffffff 1 R3 S2R 0 0 
0 6 0 0 0050 ffffffff 1 R3 S2R 0 0 
0 2 0 3 0050 ffffffff 1 R3 S2R 0 0 
0 6 0 1 0050 ffffffff 1 R3 S2R 0 0 
0 4 0 2 0050 ffffffff 1 R3 S2R 0 0 
0 7 0 1 0050 ffffffff 1 R3 S2R 0 0 
0 0 0 0 0060 ffffffff 1 R4 IMAD 2 R2 R13 0 
0 0 0 3 0050 ffffffff 1 R3 S2R 0 0 
0 0 0 2 0050 ffffffff 1 R3 S2R 0 0 
0 1 0 0 0060 ffffffff 1 R4 IMAD 2 R2 R13 0 
0 0 0 1 0050 ffffffff 1 R3 S2R 0 0 
0 3 0 0 0060 ffffffff 1 R4 IMAD 2 R2 R13 0 
0 4 0 0 0050 ffffffff 1 R3 S2R 0 0 
0 4 0 3 0050 ffffffff 1 R3 S2R 0 0 
0 3 0 2 0060 ffffffff 1 R4 IMAD 2 R2 R13 0 
0 1 0 1 0060 ffffffff 1 R4 IMAD 2 R2 R13 0 
0 3 0 3 0060 ffffffff 1 R4 IMAD 2 R2 R13 0 
0 3 0 1 0070 ffffffff 1 R9 LDC 0 0 
0 1 0 3 0060 ffffffff 1 R4 IMAD 2 R2 R13 0 
0 1 0 2 0060 ffffffff 1 R4 IMAD 2 R2 R13 0 
0 2 0 1 0060 ffffffff 1 R4 IMAD 2 R2 R13 0 
0 5 0 1 0060 ffffffff 1 R4 IMAD 2 R2 R13 0 
0 4 0 1 0060 ffffffff 1 R4 IMAD 2 R2 R13 0 
0 5 0 2 0060 ffffffff 1 R4 IMAD 2 R2 R13 0 
0 6 0 3 0060 ffffffff 1 R4 IMAD 2 R2 R13 0 
0 5 0 0 0060 ffffffff 1 R4 IMAD 2 R2 R13 0 
0 5 0 3 0060 ffffffff 1 R4 IMAD 2 R2 R13 0 
0 7 0 3 0060 ffffffff 1 R4 IMAD 2 R2 R13 0 
0 7 0 0 0060 ffffffff 1 R4 IMAD 2 R2 R13 0 
0 6 0 0 0060 ffffffff 1 R4 IMAD 2 R2 R13 0 
0 6 0 2 0060 ffffffff 1 R4 IMAD 2 R2 R13 0 
0 6 0 1 0060 ffffffff 1 R4 IMAD 2 R2 R13 0 
0 7 0 2 0060 ffffffff 1 R4 IMAD 2 R2 R13 0 
0 4 0 2 0060 ffffffff 1 R4 IMAD 2 R2 R13 0 
0 2 0 0 0060 ffffffff 1 R4 IMAD 2 R2 R13 0 
0 2 0 2 0060 ffffffff 1 R4 IMAD 2 R2 R13 0 
0 7 0 1 0060 ffffffff 1 R4 IMAD 2 R2 R13 0 
0 2 0 3 0060 ffffffff 1 R4 IMAD 2 R2 R13 0 
0 1 0 0 0070 ffffffff 1 R9 LDC 0 0 
0 0 0 1 0060 ffffffff 1 R4 IMAD 2 R2 R13 0 
0 0 0 0 0070 ffffffff 1 R9 LDC 0 0 
0 0 0 3 0060 ffffffff 1 R4 IMAD 2 R2 R13 0 
0 3 0 2 0070 ffffffff 1 R9 LDC 0 0 
0 3 0 1 0080 ffffffff 1 R0 IMAD 2 R0 R3 0 
0 0 0 2 0060 ffffffff 1 R4 IMAD 2 R2 R13 0 
0 3 0 0 0070 ffffffff 1 R9 LDC 0 0 
0 4 0 3 0060 ffffffff 1 R4 IMAD 2 R2 R13 0 
0 3 0 3 0070 ffffffff 1 R9 LDC 0 0 
0 1 0 3 0070 ffffffff 1 R9 LDC 0 0 
0 4 0 0 0060 ffffffff 1 R4 IMAD 2 R2 R13 0 
0 2 0 1 0070 ffffffff 1 R9 LDC 0 0 
0 1 0 1 0070 ffffffff 1 R9 LDC 0 0 
0 1 0 2 0070 ffffffff 1 R9 LDC 0 0 
0 6 0 3 0070 ffffffff 1 R9 LDC 0 0 
0 5 0 2 0070 ffffffff 1 R9 LDC 0 0 
0 5 0 1 0070 ffffffff 1 R9 LDC 0 0 
0 4 0 1 0070 ffffffff 1 R9 LDC 0 0 
0 5 0 0 0070 ffffffff 1 R9 LDC 0 0 
0 5 0 3 0070 ffffffff 1 R9 LDC 0 0 
0 6 0 2 0070 ffffffff 1 R9 LDC 0 0 
0 4 0 2 0070 ffffffff 1 R9 LDC 0 0 
0 7 0 0 0070 ffffffff 1 R9 LDC 0 0 
0 6 0 0 0070 ffffffff 1 R9 LDC 0 0 
0 6 0 1 0070 ffffffff 1 R9 LDC 0 0 
0 7 0 3 0070 ffffffff 1 R9 LDC 0 0 
0 7 0 1 0070 ffffffff 1 R9 LDC 0 0 
0 2 0 0 0070 ffffffff 1 R9 LDC 0 0 
0 2 0 3 0070 ffffffff 1 R9 LDC 0 0 
0 7 0 2 0070 ffffffff 1 R9 LDC 0 0 
0 3 0 1 0090 ffffffff 0 ISETP.GE.U32.AND 2 R0 R9 0 
0 2 0 2 0070 ffffffff 1 R9 LDC 0 0 
0 1 0 0 0080 ffffffff 1 R0 IMAD 2 R0 R3 0 
0 0 0 3 0070 ffffffff 1 R9 LDC 0 0 
0 3 0 3 0080 ffffffff 1 R0 IMAD 2 R0 R3 0 
0 3 0 2 0080 ffffffff 1 R0 IMAD 2 R0 R3 0 
0 3 0 0 0080 ffffffff 1 R0 IMAD 2 R0 R3 0 
0 0 0 0 0080 ffffffff 1 R0 IMAD 2 R0 R3 0 
0 2 0 1 0080 ffffffff 1 R0 IMAD 2 R0 R3 0 
0 0 0 1 0070 ffffffff 1 R9 LDC 0 0 
0 0 0 2 0070 ffffffff 1 R9 LDC 0 0 
0 1 0 1 0080 ffffffff 1 R0 IMAD 2 R0 R3 0 
0 1 0 2 0080 ffffffff 1 R0 IMAD 2 R0 R3 0 
0 6 0 3 0080 ffffffff 1 R0 IMAD 2 R0 R3 0 
0 4 0 0 0070 ffffffff 1 R9 LDC 0 0 
0 4 0 3 0070 ffffffff 1 R9 LDC 0 0 
0 1 0 3 0080 ffffffff 1 R0 IMAD 2 R0 R3 0 
0 5 0 0 0080 ffffffff 1 R0 IMAD 2 R0 R3 0 
0 5 0 2 0080 ffffffff 1 R0 IMAD 2 R0 R3 0 
0 4 0 1 0080 ffffffff 1 R0 IMAD 2 R0 R3 0 
0 5 0 1 0080 ffffffff 1 R0 IMAD 2 R0 R3 0 
0 4 0 2 0080 ffffffff 1 R0 IMAD 2 R0 R3 0 
0 5 0 3 0080 ffffffff 1 R0 IMAD 2 R0 R3 0 
0 6 0 1 0080 ffffffff 1 R0 IMAD 2 R0 R3 0 
0 3 0 1 00a0 ffffffff 0 EXIT 0 0 
0 7 0 0 0080 ffffffff 1 R0 IMAD 2 R0 R3 0 
0 7 0 3 0080 ffffffff 1 R0 IMAD 2 R0 R3 0 
0 6 0 0 0080 ffffffff 1 R0 IMAD 2 R0 R3 0 
0 6 0 2 0080 ffffffff 1 R0 IMAD 2 R0 R3 0 
0 7 0 2 0080 ffffffff 1 R0 IMAD 2 R0 R3 0 
0 2 0 2 0080 ffffffff 1 R0 IMAD 2 R0 R3 0 
0 2 0 3 0080 ffffffff 1 R0 IMAD 2 R0 R3 0 
0 7 0 1 0080 ffffffff 1 R0 IMAD 2 R0 R3 0 
0 2 0 0 0080 ffffffff 1 R0 IMAD 2 R0 R3 0 
0 1 0 0 0090 ffffffff 0 ISETP.GE.U32.AND 2 R0 R9 0 
0 3 0 0 0090 ffffffff 0 ISETP.GE.U32.AND 2 R0 R9 0 
0 3 0 2 0090 ffffffff 0 ISETP.GE.U32.AND 2 R0 R9 0 
0 2 0 1 0090 ffffffff 0 ISETP.GE.U32.AND 2 R0 R9 0 
0 3 0 3 0090 ffffffff 0 ISETP.GE.U32.AND 2 R0 R9 0 
0 6 0 3 0090 ffffffff 0 ISETP.GE.U32.AND 2 R0 R9 0 
0 0 0 0 0090 ffffffff 0 ISETP.GE.U32.AND 2 R0 R9 0 
0 0 0 1 0080 ffffffff 1 R0 IMAD 2 R0 R3 0 
0 0 0 2 0080 ffffffff 1 R0 IMAD 2 R0 R3 0 
0 0 0 3 0080 ffffffff 1 R0 IMAD 2 R0 R3 0 
0 1 0 3 0090 ffffffff 0 ISETP.GE.U32.AND 2 R0 R9 0 
0 4 0 1 0090 ffffffff 0 ISETP.GE.U32.AND 2 R0 R9 0 
0 5 0 0 0090 ffffffff 0 ISETP.GE.U32.AND 2 R0 R9 0 
0 5 0 1 0090 ffffffff 0 ISETP.GE.U32.AND 2 R0 R9 0 
0 1 0 2 0090 ffffffff 0 ISETP.GE.U32.AND 2 R0 R9 0 
0 5 0 2 0090 ffffffff 0 ISETP.GE.U32.AND 2 R0 R9 0 
0 4 0 0 0080 ffffffff 1 R0 IMAD 2 R0 R3 0 
0 1 0 1 0090 ffffffff 0 ISETP.GE.U32.AND 2 R0 R9 0 
0 4 0 3 0080 ffffffff 1 R0 IMAD 2 R0 R3 0 
0 5 0 3 0090 ffffffff 0 ISETP.GE.U32.AND 2 R0 R9 0 
0 4 0 2 0090 ffffffff 0 ISETP.GE.U32.AND 2 R0 R9 0 
0 6 0 2 0090 ffffffff 0 ISETP.GE.U32.AND 2 R0 R9 0 
0 6 0 1 0090 ffffffff 0 ISETP.GE.U32.AND 2 R0 R9 0 
0 7 0 0 0090 ffffffff 0 ISETP.GE.U32.AND 2 R0 R9 0 
0 7 0 3 0090 ffffffff 0 ISETP.GE.U32.AND 2 R0 R9 0 
0 6 0 0 0090 ffffffff 0 ISETP.GE.U32.AND 2 R0 R9 0 
0 7 0 2 0090 ffffffff 0 ISETP.GE.U32.AND 2 R0 R9 0 
0 1 0 0 00a0 fffffff8 0 EXIT 0 0 
0 7 0 1 0090 ffffffff 0 ISETP.GE.U32.AND 2 R0 R9 0 
0 2 0 0 0090 ffffffff 0 ISETP.GE.U32.AND 2 R0 R9 0 
0 2 0 3 0090 ffffffff 0 ISETP.GE.U32.AND 2 R0 R9 0 
0 2 0 2 0090 ffffffff 0 ISETP.GE.U32.AND 2 R0 R9 0 
0 2 0 1 00a0 ffffffff 0 EXIT 0 0 
0 3 0 0 00a0 fffffff8 0 EXIT 0 0 
0 3 0 2 00a0 ffffffff 0 EXIT 0 0 
0 3 0 3 00a0 ffffffff 0 EXIT 0 0 
0 6 0 3 00a0 ffffffff 0 EXIT 0 0 
0 5 0 2 00a0 ffffffff 0 EXIT 0 0 
0 4 0 1 00a0 ffffffff 0 EXIT 0 0 
0 0 0 0 00a0 fffffff8 0 EXIT 0 0 
0 0 0 3 0090 ffffffff 0 ISETP.GE.U32.AND 2 R0 R9 0 
0 0 0 1 0090 ffffffff 0 ISETP.GE.U32.AND 2 R0 R9 0 
0 5 0 1 00a0 ffffffff 0 EXIT 0 0 
0 5 0 0 00a0 fffffff8 0 EXIT 0 0 
0 1 0 2 00a0 ffffffff 0 EXIT 0 0 
0 0 0 2 0090 ffffffff 0 ISETP.GE.U32.AND 2 R0 R9 0 
0 1 0 1 00a0 ffffffff 0 EXIT 0 0 
0 1 0 3 00a0 ffffffff 0 EXIT 0 0 
0 4 0 0 0090 ffffffff 0 ISETP.GE.U32.AND 2 R0 R9 0 
0 5 0 3 00a0 ffffffff 0 EXIT 0 0 
0 4 0 2 00a0 ffffffff 0 EXIT 0 0 
0 1 0 0 00b0 00000007 1 R2 SHF.L.U32 2 R2 R255 0 
0 6 0 0 00a0 fffffff8 0 EXIT 0 0 
0 6 0 2 00a0 ffffffff 0 EXIT 0 0 
0 7 0 0 00a0 fffffff8 0 EXIT 0 0 
0 6 0 1 00a0 ffffffff 0 EXIT 0 0 
0 7 0 3 00a0 ffffffff 0 EXIT 0 0 
0 7 0 1 00a0 ffffffff 0 EXIT 0 0 
0 7 0 2 00a0 ffffffff 0 EXIT 0 0 
0 4 0 3 0090 ffffffff 0 ISETP.GE.U32.AND 2 R0 R9 0 
0 3 0 0 00b0 00000007 1 R2 SHF.L.U32 2 R2 R255 0 
0 2 0 0 00a0 fffffff8 0 EXIT 0 0 
0 2 0 2 00a0 ffffffff 0 EXIT 0 0 
0 2 0 3 00a0 ffffffff 0 EXIT 0 0 
0 5 0 0 00b0 00000007 1 R2 SHF.L.U32 2 R2 R255 0 
0 0 0 0 00b0 00000007 1 R2 SHF.L.U32 2 R2 R255 0 
0 0 0 2 00a0 ffffffff 0 EXIT 0 0 
0 0 0 1 00a0 ffffffff 0 EXIT 0 0 
0 0 0 3 00a0 ffffffff 0 EXIT 0 0 
0 1 0 0 00c0 00000007 1 R4 LDC 0 0 
0 4 0 0 00a0 fffffff8 0 EXIT 0 0 
0 6 0 0 00b0 00000007 1 R2 SHF.L.U32 2 R2 R255 0 
0 3 0 0 00c0 00000007 1 R4 LDC 0 0 
0 7 0 0 00b0 00000007 1 R2 SHF.L.U32 2 R2 R255 0 
0 4 0 3 00a0 ffffffff 0 EXIT 0 0 
0 2 0 0 00b0 00000007 1 R2 SHF.L.U32 2 R2 R255 0 
0 5 0 0 00c0 00000007 1 R4 LDC 0 0 
0 1 0 0 00d0 00000007 1 R2 LDC.64 0 0 
0 6 0 0 00c0 00000007 1 R4 LDC 0 0 
0 3 0 0 00d0 00000007 1 R2 LDC.64 0 0 
0 4 0 0 00b0 00000007 1 R2 SHF.L.U32 2 R2 R255 0 
0 0 0 0 00c0 00000007 1 R4 LDC 0 0 
0 7 0 0 00c0 00000007 1 R4 LDC 0 0 
0 2 0 0 00c0 00000007 1 R4 LDC 0 0 
0 5 0 0 00d0 00000007 1 R2 LDC.64 0 0 
0 1 0 0 00e0 00000007 1 R11 IMAD 2 R4 R255 0 
0 6 0 0 00d0 00000007 1 R2 LDC.64 0 0 
0 3 0 0 00e0 00000007 1 R11 IMAD 2 R4 R255 0 
0 4 0 0 00c0 00000007 1 R4 LDC 0 0 
0 0 0 0 00d0 00000007 1 R2 LDC.64 0 0 
0 7 0 0 00d0 00000007 1 R2 LDC.64 0 0 
0 2 0 0 00d0 00000007 1 R2 LDC.64 0 0 
0 5 0 0 00e0 00000007 1 R11 IMAD 2 R4 R255 0 
0 1 0 0 00f0 00000007 1 R4 IMAD.WIDE.U32 2 R0 R2 0 
0 6 0 0 00e0 00000007 1 R11 IMAD 2 R4 R255 0 
0 3 0 0 00f0 00000007 1 R4 IMAD.WIDE.U32 2 R0 R2 0 
0 4 0 0 00d0 00000007 1 R2 LDC.64 0 0 
0 7 0 0 00e0 00000007 1 R11 IMAD 2 R4 R255 0 
0 0 0 0 00e0 00000007 1 R11 IMAD 2 R4 R255 0 
0 2 0 0 00e0 00000007 1 R11 IMAD 2 R4 R255 0 
0 5 0 0 00f0 00000007 1 R4 IMAD.WIDE.U32 2 R0 R2 0 
0 6 0 0 00f0 00000007 1 R4 IMAD.WIDE.U32 2 R0 R2 0 
0 4 0 0 00e0 00000007 1 R11 IMAD 2 R4 R255 0 
0 1 0 0 0100 00000007 1 R5 LDG.E.SYS 1 R4 4 1 0x7f03b66002e8 4 
0 7 0 0 00f0 00000007 1 R4 IMAD.WIDE.U32 2 R0 R2 0 
0 0 0 0 00f0 00000007 1 R4 IMAD.WIDE.U32 2 R0 R2 0 
0 3 0 0 0100 00000007 1 R5 LDG.E.SYS 1 R4 4 1 0x7f03b6600384 4 
0 2 0 0 00f0 00000007 1 R4 IMAD.WIDE.U32 2 R0 R2 0 
0 5 0 0 0100 00000007 1 R5 LDG.E.SYS 1 R4 4 1 0x7f03b66003c0 4 
0 4 0 0 00f0 00000007 1 R4 IMAD.WIDE.U32 2 R0 R2 0 
0 1 0 0 0110 00000007 1 R6 IMAD 2 R0 R11 0 
0 6 0 0 0100 00000007 1 R5 LDG.E.SYS 1 R4 4 1 0x7f03b6600420 4 
0 3 0 0 0110 00000007 1 R6 IMAD 2 R0 R11 0 
0 7 0 0 0100 00000007 1 R5 LDG.E.SYS 1 R4 4 1 0x7f03b6600438 4 
0 0 0 0 0100 00000007 1 R5 LDG.E.SYS 1 R4 4 1 0x7f03b6600288 4 
0 2 0 0 0100 00000007 1 R5 LDG.E.SYS 1 R4 4 1 0x7f03b6600378 4 
0 5 0 0 0110 00000007 1 R6 IMAD 2 R0 R11 0 
0 1 0 0 0120 00000007 1 R15 MOV 0 0 
0 3 0 0 0120 00000007 1 R15 MOV 0 0 
0 6 0 0 0110 00000007 1 R6 IMAD 2 R0 R11 0 
0 4 0 0 0100 00000007 1 R5 LDG.E.SYS 1 R4 4 1 0x7f03b66003a8 4 
0 7 0 0 0110 00000007 1 R6 IMAD 2 R0 R11 0 
0 0 0 0 0110 00000007 1 R6 IMAD 2 R0 R11 0 
0 2 0 0 0110 00000007 1 R6 IMAD 2 R0 R11 0 
0 5 0 0 0120 00000007 1 R15 MOV 0 0 
0 1 0 0 0130 00000007 1 R6 IMAD.WIDE.U32 2 R6 R13 0 
0 3 0 0 0130 00000007 1 R6 IMAD.WIDE.U32 2 R6 R13 0 
0 6 0 0 0120 00000007 1 R15 MOV 0 0 
0 4 0 0 0110 00000007 1 R6 IMAD 2 R0 R11 0 
0 7 0 0 0120 00000007 1 R15 MOV 0 0 
0 0 0 0 0120 00000007 1 R15 MOV 0 0 
0 2 0 0 0120 00000007 1 R15 MOV 0 0 
0 5 0 0 0130 00000007 1 R6 IMAD.WIDE.U32 2 R6 R13 0 
0 1 0 0 0140 00000007 1 R0 IMAD 2 R15 R0 0 
0 3 0 0 0140 00000007 1 R0 IMAD 2 R15 R0 0 
0 6 0 0 0130 00000007 1 R6 IMAD.WIDE.U32 2 R6 R13 0 
0 4 0 0 0120 00000007 1 R15 MOV 0 0 
0 7 0 0 0130 00000007 1 R6 IMAD.WIDE.U32 2 R6 R13 0 
0 0 0 0 0130 00000007 1 R6 IMAD.WIDE.U32 2 R6 R13 0 
0 2 0 0 0130 00000007 1 R6 IMAD.WIDE.U32 2 R6 R13 0 
0 5 0 0 0140 00000007 1 R0 IMAD 2 R15 R0 0 
0 1 0 0 0150 00000007 0 ISETP.GE.U32.AND 2 R0 R9 0 
0 3 0 0 0150 00000007 0 ISETP.GE.U32.AND 2 R0 R9 0 
0 6 0 0 0140 00000007 1 R0 IMAD 2 R15 R0 0 
0 4 0 0 0130 00000007 1 R6 IMAD.WIDE.U32 2 R6 R13 0 
0 7 0 0 0140 00000007 1 R0 IMAD 2 R15 R0 0 
0 0 0 0 0140 00000007 1 R0 IMAD 2 R15 R0 0 
0 2 0 0 0140 00000007 1 R0 IMAD 2 R15 R0 0 
0 5 0 0 0150 00000007 0 ISETP.GE.U32.AND 2 R0 R9 0 
0 6 0 0 0150 00000007 0 ISETP.GE.U32.AND 2 R0 R9 0 
0 4 0 0 0140 00000007 1 R0 IMAD 2 R15 R0 0 
0 1 0 0 0160 00000007 0 STG.E.SYS 2 R6 R5 4 1 0x7f03b660120c 4 
0 7 0 0 0150 00000007 0 ISETP.GE.U32.AND 2 R0 R9 0 
0 0 0 0 0150 00000007 0 ISETP.GE.U32.AND 2 R0 R9 0 
0 3 0 0 0160 00000007 0 STG.E.SYS 2 R6 R5 4 1 0x7f03b6601224 4 
0 2 0 0 0150 00000007 0 ISETP.GE.U32.AND 2 R0 R9 0 
0 5 0 0 0160 00000007 0 STG.E.SYS 2 R6 R5 4 1 0x7f03b660123c 4 
0 4 0 0 0150 00000007 0 ISETP.GE.U32.AND 2 R0 R9 0 
0 1 0 0 0170 00000000 0 BRA 0 0 
0 3 0 0 0170 00000000 0 BRA 0 0 
0 6 0 0 0160 00000007 0 STG.E.SYS 2 R6 R5 4 1 0x7f03b6601248 4 
0 7 0 0 0160 00000007 0 STG.E.SYS 2 R6 R5 4 1 0x7f03b6601254 4 
0 0 0 0 0160 00000007 0 STG.E.SYS 2 R6 R5 4 1 0x7f03b6601200 4 
0 2 0 0 0160 00000007 0 STG.E.SYS 2 R6 R5 4 1 0x7f03b6601218 4 
0 5 0 0 0170 00000000 0 BRA 0 0 
0 1 0 0 0180 00000007 0 EXIT 0 0 
0 3 0 0 0180 00000007 0 EXIT 0 0 
0 6 0 0 0170 00000000 0 BRA 0 0 
0 4 0 0 0160 00000007 0 STG.E.SYS 2 R6 R5 4 1 0x7f03b6601230 4 
0 7 0 0 0170 00000000 0 BRA 0 0 
0 0 0 0 0170 00000000 0 BRA 0 0 
0 2 0 0 0170 00000000 0 BRA 0 0 
0 5 0 0 0180 00000007 0 EXIT 0 0 
0 6 0 0 0180 00000007 0 EXIT 0 0 
0 4 0 0 0170 00000000 0 BRA 0 0 
0 7 0 0 0180 00000007 0 EXIT 0 0 
0 0 0 0 0180 00000007 0 EXIT 0 0 
0 2 0 0 0180 00000007 0 EXIT 0 0 
0 4 0 0 0180 00000007 0 EXIT 0 0 
