-kernel name = _ZN2at6native13reduce_kernelILi512ELi1ENS0_8ReduceOpIfNS0_10NormTwoOpsIfffEEjfLi4EEEEEvT1_
-kernel id = 20570
-grid dim = (2,1,1)
-block dim = (2,16,1)
-shmem = 16
-nregs = 28
-binary version = 70
-cuda stream id = 0
-shmem base_addr = 0x00007f045a000000
-local mem base_addr = 0x00007f0458000000
-nvbit version = 1.5.3
-accelsim tracer version = 3

#traces format = threadblock_x threadblock_y threadblock_z warpid_tb PC mask dest_num [reg_dests] opcode src_num [reg_srcs] mem_width [adrrescompress?] [mem_addresses]

1 0 0 0 0000 ffffffff 1 R1 MOV 0 0 
0 0 0 0 0000 ffffffff 1 R1 MOV 0 0 
1 0 0 0 0010 00000000 0 SHFL.IDX 4 R255 R255 R255 R255 0 
0 0 0 0 0010 00000000 0 SHFL.IDX 4 R255 R255 R255 R255 0 
1 0 0 0 0020 ffffffff 1 R0 S2R 0 0 
0 0 0 0 0020 ffffffff 1 R0 S2R 0 0 
1 0 0 0 0030 ffffffff 0 ISETP.NE.AND 1 R255 0 
0 0 0 0 0030 ffffffff 0 ISETP.NE.AND 1 R255 0 
1 0 0 0 0040 ffffffff 1 R2 IMAD.MOV.U32 3 R255 R255 R255 0 
0 0 0 0 0040 ffffffff 1 R2 IMAD.MOV.U32 3 R255 R255 R255 0 
1 0 0 0 0050 00000000 0 BRA 0 0 
0 0 0 0 0050 00000000 0 BRA 0 0 
1 0 0 0 0060 ffffffff 1 R3 S2R 0 0 
0 0 0 0 0060 ffffffff 1 R3 S2R 0 0 
1 0 0 0 0070 ffffffff 1 R2 IMAD 2 R0 R255 0 
0 0 0 0 0070 ffffffff 1 R2 IMAD 2 R0 R255 0 
1 0 0 0 0080 ffffffff 1 R8 MOV 0 0 
0 0 0 0 0080 ffffffff 1 R8 MOV 0 0 
1 0 0 0 0090 ffffffff 1 R5 S2R 0 0 
0 0 0 0 0090 ffffffff 1 R5 S2R 0 0 
1 0 0 0 00a0 ffffffff 0 ISETP.NE.AND 1 R8 0 
0 0 0 0 00a0 ffffffff 0 ISETP.NE.AND 1 R8 0 
1 0 0 0 00b0 ffffffff 1 R2 IMAD 2 R3 R2 0 
0 0 0 0 00b0 ffffffff 1 R2 IMAD 2 R3 R2 0 
1 0 0 0 00c0 ffffffff 1 R3 IMAD 2 R5 R2 0 
0 0 0 0 00c0 ffffffff 1 R3 IMAD 2 R5 R2 0 
1 0 0 0 00d0 ffffffff 1 R2 MOV 1 R255 0 
0 0 0 0 00d0 ffffffff 1 R2 MOV 1 R255 0 
1 0 0 0 00e0 ffffffff 1 R4 IMAD.WIDE.U32 2 R3 R2 0 
0 0 0 0 00e0 ffffffff 1 R4 IMAD.WIDE.U32 2 R3 R2 0 
1 0 0 0 00f0 ffffffff 1 R5 SHF.R.U32.HI 2 R255 R5 0 
0 0 0 0 00f0 ffffffff 1 R5 SHF.R.U32.HI 2 R255 R5 0 
1 0 0 0 0100 ffffffff 1 R2 IMAD.MOV 3 R255 R255 R5 0 
0 0 0 0 0100 ffffffff 1 R2 IMAD.MOV 3 R255 R255 R5 0 
1 0 0 0 0110 ffffffff 1 R2 IMAD 2 R2 R3 0 
0 0 0 0 0110 ffffffff 1 R2 IMAD 2 R2 R3 0 
1 0 0 0 0120 ffffffff 1 R2 IMAD 2 R2 R255 0 
0 0 0 0 0120 ffffffff 1 R2 IMAD 2 R2 R255 0 
1 0 0 0 0130 ffffffff 0 BRA 0 0 
0 0 0 0 0130 ffffffff 0 BRA 0 0 
1 0 0 0 0d10 ffffffff 1 R3 S2R 0 0 
0 0 0 0 0d10 ffffffff 1 R3 S2R 0 0 
1 0 0 0 0d20 ffffffff 1 R4 IMAD 2 R0 R255 0 
0 0 0 0 0d20 ffffffff 1 R4 IMAD 2 R0 R255 0 
1 0 0 0 0d30 ffffffff 1 R255 BMOV.32.CLEAR 0 0 
0 0 0 0 0d30 ffffffff 1 R255 BMOV.32.CLEAR 0 0 
1 0 0 0 0d40 ffffffff 1 R6 IMAD 2 R0 R255 0 
0 0 0 0 0d40 ffffffff 1 R6 IMAD 2 R0 R255 0 
1 0 0 0 0d50 ffffffff 1 R8 S2R 0 0 
0 0 0 0 0d50 ffffffff 1 R8 S2R 0 0 
1 0 0 0 0d60 ffffffff 0 BSSY 0 0 
0 0 0 0 0d60 ffffffff 0 BSSY 0 0 
1 0 0 0 0d70 ffffffff 1 R13 S2R 0 0 
0 0 0 0 0d70 ffffffff 1 R13 S2R 0 0 
1 0 0 0 0d80 ffffffff 1 R21 IMAD 2 R3 R4 0 
0 0 0 0 0d80 ffffffff 1 R21 IMAD 2 R3 R4 0 
1 0 0 0 0d90 ffffffff 1 R6 IMAD 2 R3 R6 0 
0 0 0 0 0d90 ffffffff 1 R6 IMAD 2 R3 R6 0 
1 0 0 0 0da0 ffffffff 1 R21 IMAD 2 R8 R21 0 
0 0 0 0 0da0 ffffffff 1 R21 IMAD 2 R8 R21 0 
1 0 0 0 0db0 ffffffff 1 R13 IMAD 2 R13 R6 0 
0 0 0 0 0db0 ffffffff 1 R13 IMAD 2 R13 R6 0 
1 0 0 0 0dc0 ffffffff 0 ISETP.GE.U32.AND 1 R21 0 
0 0 0 0 0dc0 ffffffff 0 ISETP.GE.U32.AND 1 R21 0 
1 0 0 0 0dd0 ffffffff 0 ISETP.GE.U32.OR 1 R13 0 
0 0 0 0 0dd0 ffffffff 0 ISETP.GE.U32.OR 1 R13 0 
1 0 0 0 0de0 fffffffc 0 BRA 0 0 
0 0 0 0 0de0 00000000 0 BRA 0 0 
1 0 0 0 0df0 00000003 1 R4 LDC.U8 0 0 
0 0 0 0 0df0 ffffffff 1 R4 LDC.U8 0 0 
1 0 0 0 0e00 00000003 1 R10 IADD3 2 R2 R255 0 
0 0 0 0 0e00 ffffffff 1 R10 IADD3 2 R2 R255 0 
1 0 0 0 0e10 00000003 1 R11 IMAD.X 2 R255 R255 0 
0 0 0 0 0e10 ffffffff 1 R11 IMAD.X 2 R255 R255 0 
1 0 0 0 0e20 00000003 0 ISETP.NE.AND 2 R4 R255 0 
0 0 0 0 0e20 ffffffff 0 ISETP.NE.AND 2 R4 R255 0 
1 0 0 0 0e30 00000003 0 BRA 0 0 
0 0 0 0 0e30 ffffffff 0 BRA 0 0 
1 0 0 0 1400 00000003 1 R20 MOV 0 0 
0 0 0 0 1400 ffffffff 1 R20 MOV 0 0 
1 0 0 0 1410 00000003 1 R2 IMAD.MOV.U32 2 R255 R255 0 
0 0 0 0 1410 ffffffff 1 R2 IMAD.MOV.U32 2 R255 R255 0 
1 0 0 0 1420 00000003 1 R20 SHF.R.U32.HI 2 R255 R20 0 
0 0 0 0 1420 ffffffff 1 R20 SHF.R.U32.HI 2 R255 R20 0 
1 0 0 0 1430 00000003 0 ISETP.EQ.AND 1 R2 0 
0 0 0 0 1430 ffffffff 0 ISETP.EQ.AND 1 R2 0 
1 0 0 0 1440 00000003 0 ISETP.NE.AND 1 R20 0 
0 0 0 0 1440 ffffffff 0 ISETP.NE.AND 1 R20 0 
1 0 0 0 1450 00000003 0 ISETP.NE.AND 1 R2 0 
0 0 0 0 1450 ffffffff 0 ISETP.NE.AND 1 R2 0 
1 0 0 0 1460 00000003 0 BRA 0 0 
0 0 0 0 1460 ffffffff 0 BRA 0 0 
1 0 0 0 89d0 00000003 1 R6 MOV 0 0 
0 0 0 0 89d0 ffffffff 1 R6 MOV 0 0 
1 0 0 0 89e0 00000003 1 R255 BMOV.32.CLEAR 0 0 
0 0 0 0 89e0 ffffffff 1 R255 BMOV.32.CLEAR 0 0 
1 0 0 0 89f0 00000003 0 BSSY 0 0 
0 0 0 0 89f0 ffffffff 0 BSSY 0 0 
1 0 0 0 8a00 00000003 1 R4 MOV 0 0 
0 0 0 0 8a00 ffffffff 1 R4 MOV 0 0 
1 0 0 0 8a10 00000003 1 R5 IMAD.MOV.U32 2 R255 R255 0 
0 0 0 0 8a10 ffffffff 1 R5 IMAD.MOV.U32 2 R255 R255 0 
1 0 0 0 8a20 00000003 1 R7 MOV 0 0 
0 0 0 0 8a20 ffffffff 1 R7 MOV 0 0 
1 0 0 0 8a30 00000003 1 R2 IMAD 2 R6 R21 0 
0 0 0 0 8a30 ffffffff 1 R2 IMAD 2 R6 R21 0 
1 0 0 0 8a40 00000003 0 ISETP.GE.U32.AND 1 R2 0 
0 0 0 0 8a40 ffffffff 0 ISETP.GE.U32.AND 1 R2 0 
1 0 0 0 8a50 00000003 1 R2 MOV 0 0 
0 0 0 0 8a50 ffffffff 1 R2 MOV 0 0 
1 0 0 0 8a60 00000003 0 BRA 0 0 
0 0 0 0 8a60 ffffffff 0 BRA 0 0 
1 0 0 0 8c10 00000003 0 BSYNC 0 0 
0 0 0 0 8c10 ffffffff 0 BSYNC 0 0 
1 0 0 0 8c20 00000003 0 ISETP.GE.U32.AND 1 R21 0 
0 0 0 0 8c20 ffffffff 0 ISETP.GE.U32.AND 1 R21 0 
1 0 0 0 8c30 00000003 1 R255 BMOV.32.CLEAR 0 0 
0 0 0 0 8c30 ffffffff 1 R255 BMOV.32.CLEAR 0 0 
1 0 0 0 8c40 00000003 0 BSSY 0 0 
0 0 0 0 8c40 ffffffff 0 BSSY 0 0 
1 0 0 0 8c50 00000000 0 BRA 0 0 
0 0 0 0 8c50 00000000 0 BRA 0 0 
1 0 0 0 8c60 00000003 1 R8 IMAD.WIDE.U32 2 R21 R10 0 
0 0 0 0 8c60 ffffffff 1 R8 IMAD.WIDE.U32 2 R21 R10 0 
1 0 0 0 8c70 00000003 1 R15 LDG.E.SYS 1 R8 4 1 0x7f03b66024c0 4 
0 0 0 0 8c70 ffffffff 1 R15 LDG.E.SYS 1 R8 4 2 0x7f03b6602400 4 8 4 8 4 8 4 8 4 8 4 8 4 8 4 8 4 8 4 8 4 8 4 8 4 8 4 8 4 8 4 
1 0 0 0 8c80 00000003 1 R17 IADD3 2 R21 R255 0 
0 0 0 0 8c80 ffffffff 1 R17 IADD3 2 R21 R255 0 
1 0 0 0 8c90 00000003 0 ISETP.GE.U32.AND 1 R17 0 
0 0 0 0 8c90 ffffffff 0 ISETP.GE.U32.AND 1 R17 0 
1 0 0 0 8ca0 00000002 0 BRA 0 0 
0 0 0 0 8ca0 aaaaaaaa 0 BRA 0 0 
1 0 0 0 8cb0 00000001 1 R8 IMAD.WIDE.U32 2 R17 R10 0 
0 0 0 0 8cb0 55555555 1 R8 IMAD.WIDE.U32 2 R17 R10 0 
1 0 0 0 8cc0 00000001 1 R14 LDG.E.SYS 1 R8 4 2 0x7f03b66024c8 
0 0 0 0 8cc0 55555555 1 R14 LDG.E.SYS 1 R8 4 2 0x7f03b6602408 12 12 12 12 12 12 12 12 12 12 12 12 12 12 12 
1 0 0 0 8cd0 00000001 1 R17 IADD3 2 R17 R255 0 
0 0 0 0 8cd0 55555555 1 R17 IADD3 2 R17 R255 0 
1 0 0 0 8ce0 00000001 0 ISETP.GE.U32.AND 1 R17 0 
0 0 0 0 8ce0 55555555 0 ISETP.GE.U32.AND 1 R17 0 
1 0 0 0 8cf0 00000001 0 BRA 0 0 
0 0 0 0 8cf0 55555555 0 BRA 0 0 
1 0 0 0 8d60 00000001 0 BSYNC 0 0 
0 0 0 0 8d60 55555555 0 BSYNC 0 0 
1 0 0 0 8d60 00000002 0 BSYNC 0 0 
0 0 0 0 8d60 aaaaaaaa 0 BSYNC 0 0 
1 0 0 0 8d70 00000003 1 R255 BMOV.32.CLEAR 0 0 
0 0 0 0 8d70 ffffffff 1 R255 BMOV.32.CLEAR 0 0 
1 0 0 0 8d80 00000003 0 BSSY 0 0 
0 0 0 0 8d80 ffffffff 0 BSSY 0 0 
1 0 0 0 8d90 00000000 0 BRA 0 0 
0 0 0 0 8d90 00000000 0 BRA 0 0 
1 0 0 0 8da0 00000003 1 R6 IADD3 2 R21 R255 0 
0 0 0 0 8da0 ffffffff 1 R6 IADD3 2 R21 R255 0 
1 0 0 0 8db0 00000003 1 R2 FFMA 3 R15 R15 R2 0 
0 0 0 0 8db0 ffffffff 1 R2 FFMA 3 R15 R15 R2 0 
1 0 0 0 8dc0 00000003 0 ISETP.GE.U32.AND 1 R6 0 
0 0 0 0 8dc0 ffffffff 0 ISETP.GE.U32.AND 1 R6 0 
1 0 0 0 8dd0 00000002 0 BRA 0 0 
1 0 0 0 8de0 00000001 1 R6 IADD3 2 R6 R255 0 
0 0 0 0 8dd0 aaaaaaaa 0 BRA 0 0 
1 0 0 0 8df0 00000001 1 R7 FFMA 3 R14 R14 R7 0 
0 0 0 0 8de0 55555555 1 R6 IADD3 2 R6 R255 0 
1 0 0 0 8e00 00000001 0 ISETP.GE.U32.AND 1 R6 0 
0 0 0 0 8df0 55555555 1 R7 FFMA 3 R14 R14 R7 0 
1 0 0 0 8e10 00000001 0 BRA 0 0 
0 0 0 0 8e00 55555555 0 ISETP.GE.U32.AND 1 R6 0 
1 0 0 0 8e60 00000001 0 BSYNC 0 0 
0 0 0 0 8e10 55555555 0 BRA 0 0 
1 0 0 0 8e60 00000002 0 BSYNC 0 0 
0 0 0 0 8e60 55555555 0 BSYNC 0 0 
1 0 0 0 8e70 00000003 1 R2 FADD 2 R2 R7 0 
0 0 0 0 8e60 aaaaaaaa 0 BSYNC 0 0 
1 0 0 0 8e80 00000003 1 R5 FADD 2 R2 R5 0 
0 0 0 0 8e70 ffffffff 1 R2 FADD 2 R2 R7 0 
1 0 0 0 8e90 00000003 1 R2 FADD 2 R5 R4 0 
0 0 0 0 8e80 ffffffff 1 R5 FADD 2 R2 R5 0 
1 0 0 0 8ea0 00000003 0 BSYNC 0 0 
0 0 0 0 8e90 ffffffff 1 R2 FADD 2 R5 R4 0 
1 0 0 0 8ea0 fffffffc 0 BSYNC 0 0 
0 0 0 0 8ea0 ffffffff 0 BSYNC 0 0 
1 0 0 0 8eb0 ffffffff 0 ISETP.NE.AND 1 R255 0 
0 0 0 0 8eb0 ffffffff 0 ISETP.NE.AND 1 R255 0 
1 0 0 0 8ec0 ffffffff 0 BRA 0 0 
0 0 0 0 8ec0 ffffffff 0 BRA 0 0 
1 0 0 0 9030 ffffffff 0 ISETP.NE.AND 1 R255 0 
0 0 0 0 9030 ffffffff 0 ISETP.NE.AND 1 R255 0 
1 0 0 0 9040 00000000 0 BRA 0 0 
0 0 0 0 9040 00000000 0 BRA 0 0 
1 0 0 0 9050 ffffffff 1 R5 IMAD.MOV.U32 2 R255 R255 0 
0 0 0 0 9050 ffffffff 1 R5 IMAD.MOV.U32 2 R255 R255 0 
1 0 0 0 9060 ffffffff 1 R4 MOV 0 0 
0 0 0 0 9060 ffffffff 1 R4 MOV 0 0 
1 0 0 0 9070 ffffffff 0 ISETP.GT.AND 1 R5 0 
0 0 0 0 9070 ffffffff 0 ISETP.GT.AND 1 R5 0 
1 0 0 0 9080 ffffffff 0 BRA 0 0 
0 0 0 0 9080 ffffffff 0 BRA 0 0 
1 0 0 0 91f0 ffffffff 0 NOP 0 0 
0 0 0 0 91f0 ffffffff 0 NOP 0 0 
1 0 0 0 9200 ffffffff 0 BAR.SYNC 0 0 
0 0 0 0 9200 ffffffff 0 BAR.SYNC 0 0 
1 0 0 0 9210 ffffffff 0 ISETP.GE.AND 1 R4 0 
0 0 0 0 9210 ffffffff 0 ISETP.GE.AND 1 R4 0 
1 0 0 0 9220 00000000 0 BRA 0 0 
0 0 0 0 9220 00000000 0 BRA 0 0 
1 0 0 0 9230 ffffffff 1 R5 MOV 0 0 
0 0 0 0 9230 ffffffff 1 R5 MOV 0 0 
1 0 0 0 9240 ffffffff 0 SHFL.DOWN 3 R7 R2 R5 0 
0 0 0 0 9240 ffffffff 0 SHFL.DOWN 3 R7 R2 R5 0 
1 0 0 0 9250 ffffffff 1 R5 SHF.L.U32 2 R5 R255 0 
0 0 0 0 9250 ffffffff 1 R5 SHF.L.U32 2 R5 R255 0 
1 0 0 0 9260 ffffffff 0 ISETP.GE.AND 2 R5 R4 0 
0 0 0 0 9260 ffffffff 0 ISETP.GE.AND 2 R5 R4 0 
1 0 0 0 9270 ffffffff 1 R2 FADD 2 R7 R2 0 
0 0 0 0 9270 ffffffff 1 R2 FADD 2 R7 R2 0 
1 0 0 0 9280 00000000 0 BRA 0 0 
0 0 0 0 9280 00000000 0 BRA 0 0 
1 0 0 0 9290 ffffffff 0 ISETP.NE.AND 1 R255 0 
0 0 0 0 9290 ffffffff 0 ISETP.NE.AND 1 R255 0 
1 0 0 0 92a0 ffffffff 1 R16 IMAD.MOV.U32 3 R255 R255 R255 0 
0 0 0 0 92a0 ffffffff 1 R16 IMAD.MOV.U32 3 R255 R255 R255 0 
1 0 0 0 92b0 00000000 0 BRA 0 0 
0 0 0 0 92b0 00000000 0 BRA 0 0 
1 0 0 0 92c0 ffffffff 1 R12 MOV 1 R255 0 
0 0 0 0 92c0 ffffffff 1 R12 MOV 1 R255 0 
1 0 0 0 92d0 ffffffff 1 R6 IMAD.MOV.U32 2 R255 R255 0 
0 0 0 0 92d0 ffffffff 1 R6 IMAD.MOV.U32 2 R255 R255 0 
1 0 0 0 92e0 ffffffff 1 R4 IMAD.WIDE.U32 2 R13 R12 0 
0 0 0 0 92e0 ffffffff 1 R4 IMAD.WIDE.U32 2 R13 R12 0 
1 0 0 0 92f0 ffffffff 0 ISETP.NE.AND 1 R6 0 
0 0 0 0 92f0 ffffffff 0 ISETP.NE.AND 1 R6 0 
1 0 0 0 9300 ffffffff 1 R5 SHF.R.U32.HI 2 R255 R5 0 
0 0 0 0 9300 ffffffff 1 R5 SHF.R.U32.HI 2 R255 R5 0 
1 0 0 0 9310 ffffffff 1 R7 IADD3 3 R5 R255 R255 0 
0 0 0 0 9310 ffffffff 1 R7 IADD3 3 R5 R255 R255 0 
1 0 0 0 9320 ffffffff 1 R7 IMAD 2 R7 R13 0 
0 0 0 0 9320 ffffffff 1 R7 IMAD 2 R7 R13 0 
1 0 0 0 9330 ffffffff 1 R16 IMAD 2 R7 R255 0 
0 0 0 0 9330 ffffffff 1 R16 IMAD 2 R7 R255 0 
1 0 0 0 9340 ffffffff 0 BRA 0 0 
0 0 0 0 9340 ffffffff 0 BRA 0 0 
1 0 0 0 9f30 ffffffff 0 ISETP.NE.U32.AND 1 R255 0 
0 0 0 0 9f30 ffffffff 0 ISETP.NE.U32.AND 1 R255 0 
1 0 0 0 9f40 ffffffff 1 R4 CS2R 0 0 
0 0 0 0 9f40 ffffffff 1 R4 CS2R 0 0 
1 0 0 0 9f50 ffffffff 1 R6 IADD3 2 R16 R255 0 
0 0 0 0 9f50 ffffffff 1 R6 IADD3 2 R16 R255 0 
1 0 0 0 9f60 ffffffff 0 ISETP.NE.AND.EX 1 R255 0 
0 0 0 0 9f60 ffffffff 0 ISETP.NE.AND.EX 1 R255 0 
1 0 0 0 9f70 ffffffff 1 R9 MOV 1 R255 0 
0 0 0 0 9f70 ffffffff 1 R9 MOV 1 R255 0 
1 0 0 0 9f80 ffffffff 1 R7 IADD3.X 2 R255 R255 0 
0 0 0 0 9f80 ffffffff 1 R7 IADD3.X 2 R255 R255 0 
1 0 0 0 9f90 00000000 1 R4 IADD3 2 R16 R255 0 
0 0 0 0 9f90 00000000 1 R4 IADD3 2 R16 R255 0 
1 0 0 0 9fa0 00000000 1 R5 IMAD.X 2 R255 R255 0 
0 0 0 0 9fa0 00000000 1 R5 IMAD.X 2 R255 R255 0 
1 0 0 0 9fb0 00000000 1 R9 MOV 1 R5 0 
0 0 0 0 9fb0 00000000 1 R9 MOV 1 R5 0 
1 0 0 0 9fc0 ffffffff 0 ISETP.NE.AND 1 R255 0 
0 0 0 0 9fc0 ffffffff 0 ISETP.NE.AND 1 R255 0 
1 0 0 0 9fd0 ffffffff 0 BRA 0 0 
0 0 0 0 9fd0 ffffffff 0 BRA 0 0 
1 0 0 0 bbf0 ffffffff 0 ISETP.GE.AND 1 R13 0 
0 0 0 0 bbf0 ffffffff 0 ISETP.GE.AND 1 R13 0 
1 0 0 0 bc00 fffffffc 0 EXIT 0 0 
0 0 0 0 bc00 00000000 0 EXIT 0 0 
1 0 0 0 bc10 00000003 0 ISETP.NE.AND 2 R0 R255 0 
0 0 0 0 bc10 ffffffff 0 ISETP.NE.AND 2 R0 R255 0 
1 0 0 0 bc20 00000003 0 ISETP.NE.AND 1 R255 0 
0 0 0 0 bc20 ffffffff 0 ISETP.NE.AND 1 R255 0 
1 0 0 0 bc30 00000003 0 EXIT 0 0 
0 0 0 0 bc30 ffffffff 0 EXIT 0 0 
1 0 0 0 bc40 00000001 0 ISETP.NE.AND 2 R3 R255 0 
0 0 0 0 bc40 55555555 0 ISETP.NE.AND 2 R3 R255 0 
1 0 0 0 bc50 00000001 0 ISETP.NE.AND 1 R255 0 
0 0 0 0 bc50 55555555 0 ISETP.NE.AND 1 R255 0 
1 0 0 0 bc60 00000000 0 EXIT 0 0 
0 0 0 0 bc60 00000000 0 EXIT 0 0 
1 0 0 0 bc70 00000001 1 R0 LDC.U8 0 0 
0 0 0 0 bc70 55555555 1 R0 LDC.U8 0 0 
1 0 0 0 bc80 00000001 0 ISETP.NE.U32.AND 2 R4 R255 0 
0 0 0 0 bc80 55555555 0 ISETP.NE.U32.AND 2 R4 R255 0 
1 0 0 0 bc90 00000001 0 ISETP.NE.AND.EX 2 R9 R255 0 
0 0 0 0 bc90 55555555 0 ISETP.NE.AND.EX 2 R9 R255 0 
1 0 0 0 bca0 00000001 0 BRA 0 0 
0 0 0 0 bca0 55555555 0 BRA 0 0 
1 0 0 0 bf70 00000001 1 R3 LDC.U8 0 0 
0 0 0 0 bf70 55555555 1 R3 LDC.U8 0 0 
1 0 0 0 bf80 00000001 0 ISETP.NE.AND 2 R0 R255 0 
0 0 0 0 bf80 55555555 0 ISETP.NE.AND 2 R0 R255 0 
1 0 0 0 bf90 00000001 0 ISETP.NE.AND 2 R3 R255 0 
0 0 0 0 bf90 55555555 0 ISETP.NE.AND 2 R3 R255 0 
1 0 0 0 bfa0 00000001 0 BRA 0 0 
0 0 0 0 bfa0 55555555 0 BRA 0 0 
1 0 0 0 bfd0 00000000 0 BRA 0 0 
0 0 0 0 bfd0 00000000 0 BRA 0 0 
1 0 0 0 bfe0 00000001 1 R0 IMAD.MOV.U32 2 R255 R255 0 
0 0 0 0 bfe0 55555555 1 R0 IMAD.MOV.U32 2 R255 R255 0 
1 0 0 0 bff0 00000001 0 ISETP.NE.AND 1 R0 0 
0 0 0 0 bff0 55555555 0 ISETP.NE.AND 1 R0 0 
1 0 0 0 c000 00000001 0 BRA 0 0 
0 0 0 0 c000 55555555 0 BRA 0 0 
1 0 0 0 c0d0 00000001 1 R0 IADD3 2 R2 R255 0 
0 0 0 0 c0d0 55555555 1 R0 IADD3 2 R2 R255 0 
1 0 0 0 c0e0 00000001 1 R5 MUFU.RSQ 1 R2 0 
0 0 0 0 c0e0 55555555 1 R5 MUFU.RSQ 1 R2 0 
1 0 0 0 c0f0 00000001 1 R16 IADD3 2 R16 R255 0 
0 0 0 0 c0f0 55555555 1 R16 IADD3 2 R16 R255 0 
1 0 0 0 c100 00000001 1 R255 BMOV.32.CLEAR 0 0 
0 0 0 0 c100 55555555 1 R255 BMOV.32.CLEAR 0 0 
1 0 0 0 c110 00000001 0 ISETP.GT.U32.AND 1 R0 0 
0 0 0 0 c110 55555555 0 ISETP.GT.U32.AND 1 R0 0 
1 0 0 0 c120 00000001 0 BSSY 0 0 
0 0 0 0 c120 55555555 0 BSSY 0 0 
1 0 0 0 c130 00000001 1 R17 IADD3.X 2 R255 R255 0 
0 0 0 0 c130 55555555 1 R17 IADD3.X 2 R255 R255 0 
1 0 0 0 c140 00000001 0 BRA 0 0 
0 0 0 0 c140 55555555 0 BRA 0 0 
1 0 0 0 c1a0 00000001 1 R3 FMUL.FTZ 2 R5 R2 0 
0 0 0 0 c1a0 55555555 1 R3 FMUL.FTZ 2 R5 R2 0 
1 0 0 0 c1b0 00000001 1 R0 FMUL.FTZ 1 R5 0 
0 0 0 0 c1b0 55555555 1 R0 FMUL.FTZ 1 R5 0 
1 0 0 0 c1c0 00000001 1 R2 FFMA 3 R3 R3 R2 0 
0 0 0 0 c1c0 55555555 1 R2 FFMA 3 R3 R3 R2 0 
1 0 0 0 c1d0 00000001 1 R3 FFMA 3 R2 R0 R3 0 
0 0 0 0 c1d0 55555555 1 R3 FFMA 3 R2 R0 R3 0 
1 0 0 0 c1e0 00000001 0 BSYNC 0 0 
0 0 0 0 c1e0 55555555 0 BSYNC 0 0 
1 0 0 0 c1f0 00000001 0 STG.E.SYS 2 R16 R3 4 2 0x7f03b6601440 
0 0 0 0 c1f0 55555555 0 STG.E.SYS 2 R16 R3 4 2 0x7f03b6601400 4 4 4 4 4 4 4 4 4 4 4 4 4 4 4 
1 0 0 0 c200 00000001 0 EXIT 0 0 
0 0 0 0 c200 55555555 0 EXIT 0 0 
