-kernel name = _ZN2at6native13reduce_kernelILi256ELi2ENS0_8ReduceOpIfNS0_10NormTwoOpsIfffEEjfLi4EEEEEvT1_
-kernel id = 14604
-grid dim = (2,1,1)
-block dim = (4,1,1)
-shmem = 16
-nregs = 33
-binary version = 70
-cuda stream id = 0
-shmem base_addr = 0x00007f045a000000
-local mem base_addr = 0x00007f0458000000
-nvbit version = 1.5.3
-accelsim tracer version = 3

#traces format = threadblock_x threadblock_y threadblock_z warpid_tb PC mask dest_num [reg_dests] opcode src_num [reg_srcs] mem_width [adrrescompress?] [mem_addresses]

1 0 0 0 0000 0000000f 1 R1 MOV 0 0 
0 0 0 0 0000 0000000f 1 R1 MOV 0 0 
1 0 0 0 0010 00000000 0 SHFL.IDX 4 R255 R255 R255 R255 0 
0 0 0 0 0010 00000000 0 SHFL.IDX 4 R255 R255 R255 R255 0 
1 0 0 0 0020 0000000f 1 R19 S2R 0 0 
0 0 0 0 0020 0000000f 1 R19 S2R 0 0 
1 0 0 0 0030 0000000f 0 ISETP.NE.AND 1 R255 0 
0 0 0 0 0030 0000000f 0 ISETP.NE.AND 1 R255 0 
1 0 0 0 0040 0000000f 1 R16 IMAD.MOV.U32 3 R255 R255 R255 0 
0 0 0 0 0040 0000000f 1 R16 IMAD.MOV.U32 3 R255 R255 R255 0 
1 0 0 0 0050 00000000 0 BRA 0 0 
0 0 0 0 0050 00000000 0 BRA 0 0 
1 0 0 0 0060 0000000f 1 R3 S2R 0 0 
0 0 0 0 0060 0000000f 1 R3 S2R 0 0 
1 0 0 0 0070 0000000f 1 R0 IMAD 2 R19 R255 0 
0 0 0 0 0070 0000000f 1 R0 IMAD 2 R19 R255 0 
1 0 0 0 0080 0000000f 1 R2 IMAD.MOV.U32 3 R255 R255 R255 0 
0 0 0 0 0080 0000000f 1 R2 IMAD.MOV.U32 3 R255 R255 R255 0 
1 0 0 0 0090 0000000f 1 R5 S2R 0 0 
0 0 0 0 0090 0000000f 1 R5 S2R 0 0 
1 0 0 0 00a0 0000000f 1 R0 IMAD 2 R3 R0 0 
0 0 0 0 00a0 0000000f 1 R0 IMAD 2 R3 R0 0 
1 0 0 0 00b0 0000000f 1 R0 IMAD 2 R5 R0 0 
0 0 0 0 00b0 0000000f 1 R0 IMAD 2 R5 R0 0 
1 0 0 0 00c0 0000000f 1 R3 SHF.L.U32 2 R0 R255 0 
0 0 0 0 00c0 0000000f 1 R3 SHF.L.U32 2 R0 R255 0 
1 0 0 0 00d0 0000000f 1 R0 IMAD.MOV.U32 2 R255 R255 0 
0 0 0 0 00d0 0000000f 1 R0 IMAD.MOV.U32 2 R255 R255 0 
1 0 0 0 00e0 0000000f 1 R4 IMAD.WIDE.U32 2 R3 R2 0 
0 0 0 0 00e0 0000000f 1 R4 IMAD.WIDE.U32 2 R3 R2 0 
1 0 0 0 00f0 0000000f 0 ISETP.NE.AND 1 R0 0 
0 0 0 0 00f0 0000000f 0 ISETP.NE.AND 1 R0 0 
1 0 0 0 0100 0000000f 1 R5 SHF.R.U32.HI 2 R255 R5 0 
0 0 0 0 0100 0000000f 1 R5 SHF.R.U32.HI 2 R255 R5 0 
1 0 0 0 0110 0000000f 1 R2 IADD3 3 R5 R255 R255 0 
0 0 0 0 0110 0000000f 1 R2 IADD3 3 R5 R255 R255 0 
1 0 0 0 0120 0000000f 1 R2 IMAD 2 R2 R3 0 
0 0 0 0 0120 0000000f 1 R2 IMAD 2 R2 R3 0 
1 0 0 0 0130 0000000f 1 R16 IMAD 2 R2 R255 0 
0 0 0 0 0130 0000000f 1 R16 IMAD 2 R2 R255 0 
1 0 0 0 0140 0000000f 0 BRA 0 0 
0 0 0 0 0140 0000000f 0 BRA 0 0 
1 0 0 0 0d20 0000000f 1 R2 S2R 0 0 
0 0 0 0 0d20 0000000f 1 R2 S2R 0 0 
1 0 0 0 0d30 0000000f 1 R5 IMAD 2 R19 R255 0 
0 0 0 0 0d30 0000000f 1 R5 IMAD 2 R19 R255 0 
1 0 0 0 0d40 0000000f 1 R255 BMOV.32.CLEAR 0 0 
0 0 0 0 0d40 0000000f 1 R255 BMOV.32.CLEAR 0 0 
1 0 0 0 0d50 0000000f 1 R3 IMAD 2 R19 R255 0 
0 0 0 0 0d50 0000000f 1 R3 IMAD 2 R19 R255 0 
1 0 0 0 0d60 0000000f 1 R0 S2R 0 0 
0 0 0 0 0d60 0000000f 1 R0 S2R 0 0 
1 0 0 0 0d70 0000000f 0 BSSY 0 0 
0 0 0 0 0d70 0000000f 0 BSSY 0 0 
1 0 0 0 0d80 0000000f 1 R18 S2R 0 0 
0 0 0 0 0d80 0000000f 1 R18 S2R 0 0 
1 0 0 0 0d90 0000000f 1 R5 IMAD 2 R2 R5 0 
0 0 0 0 0d90 0000000f 1 R5 IMAD 2 R2 R5 0 
1 0 0 0 0da0 0000000f 1 R3 IMAD 2 R2 R3 0 
0 0 0 0 0da0 0000000f 1 R3 IMAD 2 R2 R3 0 
1 0 0 0 0db0 0000000f 1 R0 IMAD 2 R0 R5 0 
0 0 0 0 0db0 0000000f 1 R0 IMAD 2 R0 R5 0 
1 0 0 0 0dc0 0000000f 1 R3 IMAD 2 R18 R3 0 
0 0 0 0 0dc0 0000000f 1 R3 IMAD 2 R18 R3 0 
1 0 0 0 0dd0 0000000f 1 R25 SHF.L.U32 2 R0 R255 0 
0 0 0 0 0dd0 0000000f 1 R25 SHF.L.U32 2 R0 R255 0 
1 0 0 0 0de0 0000000f 0 ISETP.GE.U32.AND 1 R3 0 
0 0 0 0 0de0 0000000f 0 ISETP.GE.U32.AND 1 R3 0 
1 0 0 0 0df0 0000000f 0 ISETP.GE.U32.OR 1 R25 0 
0 0 0 0 0df0 0000000f 0 ISETP.GE.U32.OR 1 R25 0 
1 0 0 0 0e00 00000008 0 BRA 0 0 
0 0 0 0 0e00 00000000 0 BRA 0 0 
1 0 0 0 9460 00000008 0 BSYNC 0 0 
0 0 0 0 0e10 0000000f 1 R0 LDC.U8 0 0 
1 0 0 0 0e10 00000007 1 R0 LDC.U8 0 0 
0 0 0 0 0e20 0000000f 1 R16 IADD3 2 R16 R255 0 
1 0 0 0 0e20 00000007 1 R16 IADD3 2 R16 R255 0 
0 0 0 0 0e30 0000000f 1 R17 IMAD.X 2 R255 R255 0 
1 0 0 0 0e30 00000007 1 R17 IMAD.X 2 R255 R255 0 
0 0 0 0 0e40 0000000f 0 ISETP.NE.AND 2 R0 R255 0 
1 0 0 0 0e40 00000007 0 ISETP.NE.AND 2 R0 R255 0 
0 0 0 0 0e50 0000000f 0 BRA 0 0 
1 0 0 0 0e50 00000007 0 BRA 0 0 
0 0 0 0 1520 0000000f 1 R0 MOV 0 0 
1 0 0 0 1520 00000007 1 R0 MOV 0 0 
0 0 0 0 1530 0000000f 1 R4 IMAD.MOV.U32 2 R255 R255 0 
1 0 0 0 1530 00000007 1 R4 IMAD.MOV.U32 2 R255 R255 0 
0 0 0 0 1540 0000000f 1 R0 SHF.R.U32.HI 2 R255 R0 0 
1 0 0 0 1540 00000007 1 R0 SHF.R.U32.HI 2 R255 R0 0 
0 0 0 0 1550 0000000f 0 ISETP.EQ.AND 1 R4 0 
1 0 0 0 1550 00000007 0 ISETP.EQ.AND 1 R4 0 
0 0 0 0 1560 0000000f 0 ISETP.NE.AND 1 R0 0 
1 0 0 0 1560 00000007 0 ISETP.NE.AND 1 R0 0 
0 0 0 0 1570 0000000f 0 ISETP.NE.AND 1 R4 0 
1 0 0 0 1570 00000007 0 ISETP.NE.AND 1 R4 0 
0 0 0 0 1580 0000000f 0 BRA 0 0 
1 0 0 0 1580 00000007 0 BRA 0 0 
0 0 0 0 1590 0000000f 1 R22 MOV 0 0 
1 0 0 0 1590 00000007 1 R22 MOV 0 0 
0 0 0 0 15a0 0000000f 1 R4 IMAD.MOV.U32 2 R255 R255 0 
1 0 0 0 15a0 00000007 1 R4 IMAD.MOV.U32 2 R255 R255 0 
0 0 0 0 15b0 0000000f 1 R5 IMAD 2 R22 R3 0 
1 0 0 0 15b0 00000007 1 R5 IMAD 2 R22 R3 0 
0 0 0 0 15c0 00000000 0 BRA 0 0 
1 0 0 0 15c0 00000000 0 BRA 0 0 
0 0 0 0 15d0 0000000f 0 ISETP.GE.U32.AND 1 R5 0 
1 0 0 0 15d0 00000007 0 ISETP.GE.U32.AND 1 R5 0 
0 0 0 0 15e0 0000000f 1 R255 BMOV.32.CLEAR 0 0 
1 0 0 0 15e0 00000007 1 R255 BMOV.32.CLEAR 0 0 
0 0 0 0 15f0 0000000f 0 BSSY 0 0 
1 0 0 0 15f0 00000007 0 BSSY 0 0 
0 0 0 0 1600 0000000f 1 R0 MOV 0 0 
1 0 0 0 1600 00000007 1 R0 MOV 0 0 
0 0 0 0 1610 0000000f 1 R5 IMAD.MOV.U32 2 R255 R255 0 
1 0 0 0 1610 00000007 1 R5 IMAD.MOV.U32 2 R255 R255 0 
0 0 0 0 1620 0000000f 1 R6 MOV 0 0 
1 0 0 0 1620 00000007 1 R6 MOV 0 0 
0 0 0 0 1630 0000000f 1 R7 IMAD.MOV.U32 2 R255 R255 0 
1 0 0 0 1630 00000007 1 R7 IMAD.MOV.U32 2 R255 R255 0 
0 0 0 0 1640 0000000f 1 R8 MOV 0 0 
1 0 0 0 1640 00000007 1 R8 MOV 0 0 
0 0 0 0 1650 0000000f 1 R18 IMAD.MOV.U32 2 R255 R255 0 
1 0 0 0 1650 00000007 1 R18 IMAD.MOV.U32 2 R255 R255 0 
0 0 0 0 1660 0000000f 1 R9 MOV 0 0 
1 0 0 0 1660 00000007 1 R9 MOV 0 0 
0 0 0 0 1670 0000000f 0 BRA 0 0 
1 0 0 0 1670 00000007 0 BRA 0 0 
0 0 0 0 5150 0000000f 0 BSYNC 0 0 
1 0 0 0 5150 00000007 0 BSYNC 0 0 
0 0 0 0 5160 0000000f 0 ISETP.GE.U32.AND 1 R3 0 
1 0 0 0 5160 00000007 0 ISETP.GE.U32.AND 1 R3 0 
0 0 0 0 5170 0000000f 1 R255 BMOV.32.CLEAR 0 0 
1 0 0 0 5170 00000007 1 R255 BMOV.32.CLEAR 0 0 
0 0 0 0 5180 0000000f 0 BSSY 0 0 
1 0 0 0 5180 00000007 0 BSSY 0 0 
0 0 0 0 5190 00000000 0 BRA 0 0 
1 0 0 0 5190 00000000 0 BRA 0 0 
0 0 0 0 51a0 0000000f 0 ISETP.NE.AND 1 R255 0 
1 0 0 0 51a0 00000007 0 ISETP.NE.AND 1 R255 0 
0 0 0 0 51b0 0000000f 1 R28 IMAD.MOV.U32 3 R255 R255 R255 0 
1 0 0 0 51b0 00000007 1 R28 IMAD.MOV.U32 3 R255 R255 R255 0 
0 0 0 0 51c0 0000000f 0 BRA 0 0 
1 0 0 0 51c0 00000007 0 BRA 0 0 
0 0 0 0 5e40 0000000f 1 R11 LOP3.LUT 2 R28 R255 0 
1 0 0 0 5e40 00000007 1 R11 LOP3.LUT 2 R28 R255 0 
0 0 0 0 5e50 0000000f 1 R10 IADD3 3 R16 R11 R255 0 
1 0 0 0 5e50 00000007 1 R10 IADD3 3 R16 R11 R255 0 
0 0 0 0 5e60 0000000f 1 R11 IADD3.X 3 R255 R17 R255 0 
1 0 0 0 5e60 00000007 1 R11 IADD3.X 3 R255 R17 R255 0 
0 0 0 0 5e70 0000000f 1 R10 LDG.E.64.SYS 1 R10 8 1 0x7f03b6602600 8 
1 0 0 0 5e70 00000007 1 R10 LDG.E.64.SYS 1 R10 8 1 0x7f03b6602620 8 
0 0 0 0 5e80 0000000f 1 R21 IADD3 2 R3 R255 0 
1 0 0 0 5e80 00000007 1 R21 IADD3 2 R3 R255 0 
0 0 0 0 5e90 0000000f 0 ISETP.GE.U32.AND 1 R21 0 
1 0 0 0 5e90 00000007 0 ISETP.GE.U32.AND 1 R21 0 
0 0 0 0 5ea0 0000000f 0 BRA 0 0 
1 0 0 0 5ea0 00000007 0 BRA 0 0 
0 0 0 0 8550 0000000f 0 BSYNC 0 0 
1 0 0 0 8550 00000007 0 BSYNC 0 0 
0 0 0 0 8560 0000000f 1 R255 BMOV.32.CLEAR 0 0 
1 0 0 0 8560 00000007 1 R255 BMOV.32.CLEAR 0 0 
1 0 0 0 8570 00000007 0 BSSY 0 0 
0 0 0 0 8570 0000000f 0 BSSY 0 0 
1 0 0 0 8580 00000000 0 BRA 0 0 
0 0 0 0 8580 00000000 0 BRA 0 0 
1 0 0 0 8590 00000007 1 R3 IADD3 2 R3 R255 0 
0 0 0 0 8590 0000000f 1 R3 IADD3 2 R3 R255 0 
1 0 0 0 85a0 00000007 1 R9 FFMA 3 R10 R10 R9 0 
0 0 0 0 85a0 0000000f 1 R9 FFMA 3 R10 R10 R9 0 
1 0 0 0 85b0 00000007 1 R18 FFMA 3 R11 R11 R18 0 
0 0 0 0 85b0 0000000f 1 R18 FFMA 3 R11 R11 R18 0 
1 0 0 0 85c0 00000007 0 ISETP.GE.U32.AND 1 R3 0 
0 0 0 0 85c0 0000000f 0 ISETP.GE.U32.AND 1 R3 0 
1 0 0 0 85d0 00000007 0 BRA 0 0 
0 0 0 0 85d0 0000000f 0 BRA 0 0 
1 0 0 0 8690 00000007 0 BSYNC 0 0 
0 0 0 0 8690 0000000f 0 BSYNC 0 0 
1 0 0 0 86a0 00000007 1 R18 FADD 2 R7 R18 0 
0 0 0 0 86a0 0000000f 1 R18 FADD 2 R7 R18 0 
1 0 0 0 86b0 00000007 1 R9 FADD 2 R8 R9 0 
0 0 0 0 86b0 0000000f 1 R9 FADD 2 R8 R9 0 
1 0 0 0 86c0 00000007 1 R5 FADD 2 R18 R5 0 
0 0 0 0 86c0 0000000f 1 R5 FADD 2 R18 R5 0 
1 0 0 0 86d0 00000007 1 R9 FADD 2 R9 R6 0 
0 0 0 0 86d0 0000000f 1 R9 FADD 2 R9 R6 0 
1 0 0 0 86e0 00000007 1 R17 FADD 2 R5 R4 0 
0 0 0 0 86e0 0000000f 1 R17 FADD 2 R5 R4 0 
1 0 0 0 86f0 00000007 1 R16 FADD 2 R9 R0 0 
0 0 0 0 86f0 0000000f 1 R16 FADD 2 R9 R0 0 
1 0 0 0 8700 00000007 0 BRA 0 0 
0 0 0 0 8700 0000000f 0 BRA 0 0 
1 0 0 0 9460 00000007 0 BSYNC 0 0 
0 0 0 0 9460 0000000f 0 BSYNC 0 0 
1 0 0 0 9470 0000000f 0 ISETP.NE.AND 1 R255 0 
0 0 0 0 9470 0000000f 0 ISETP.NE.AND 1 R255 0 
1 0 0 0 9480 0000000f 0 BRA 0 0 
0 0 0 0 9480 0000000f 0 BRA 0 0 
1 0 0 0 9610 0000000f 0 ISETP.NE.AND 1 R255 0 
0 0 0 0 9610 0000000f 0 ISETP.NE.AND 1 R255 0 
1 0 0 0 9620 0000000f 0 BRA 0 0 
0 0 0 0 9620 0000000f 0 BRA 0 0 
1 0 0 0 98c0 0000000f 0 ISETP.NE.AND 1 R255 0 
0 0 0 0 98c0 0000000f 0 ISETP.NE.AND 1 R255 0 
1 0 0 0 98d0 0000000f 1 R22 IMAD.MOV.U32 3 R255 R255 R255 0 
0 0 0 0 98d0 0000000f 1 R22 IMAD.MOV.U32 3 R255 R255 R255 0 
1 0 0 0 98e0 0000000f 1 R18 MOV 1 R255 0 
0 0 0 0 98e0 0000000f 1 R18 MOV 1 R255 0 
1 0 0 0 98f0 00000000 0 BRA 0 0 
0 0 0 0 98f0 00000000 0 BRA 0 0 
1 0 0 0 9900 0000000f 1 R24 MOV 1 R255 0 
0 0 0 0 9900 0000000f 1 R24 MOV 1 R255 0 
1 0 0 0 9910 0000000f 1 R0 MOV 0 0 
0 0 0 0 9910 0000000f 1 R0 MOV 0 0 
1 0 0 0 9920 0000000f 1 R4 IMAD.WIDE.U32 2 R25 R24 0 
0 0 0 0 9920 0000000f 1 R4 IMAD.WIDE.U32 2 R25 R24 0 
1 0 0 0 9930 0000000f 0 ISETP.NE.AND 1 R0 0 
0 0 0 0 9930 0000000f 0 ISETP.NE.AND 1 R0 0 
1 0 0 0 9940 0000000f 1 R5 SHF.R.U32.HI 2 R255 R5 0 
0 0 0 0 9940 0000000f 1 R5 SHF.R.U32.HI 2 R255 R5 0 
1 0 0 0 9950 0000000f 1 R3 IMAD.MOV 3 R255 R255 R5 0 
0 0 0 0 9950 0000000f 1 R3 IMAD.MOV 3 R255 R255 R5 0 
1 0 0 0 9960 0000000f 1 R3 IMAD 2 R3 R25 0 
0 0 0 0 9960 0000000f 1 R3 IMAD 2 R3 R25 0 
1 0 0 0 9970 0000000f 1 R18 IMAD 2 R3 R255 0 
0 0 0 0 9970 0000000f 1 R18 IMAD 2 R3 R255 0 
1 0 0 0 9980 0000000f 0 BRA 0 0 
0 0 0 0 9980 0000000f 0 BRA 0 0 
1 0 0 0 a570 0000000f 1 R6 IADD3 2 R18 R255 0 
0 0 0 0 a570 0000000f 1 R6 IADD3 2 R18 R255 0 
1 0 0 0 a580 0000000f 1 R7 IMAD.X 2 R255 R255 0 
0 0 0 0 a580 0000000f 1 R7 IMAD.X 2 R255 R255 0 
1 0 0 0 a590 00000000 0 BRA 0 0 
0 0 0 0 a590 00000000 0 BRA 0 0 
1 0 0 0 a5a0 0000000f 1 R5 IADD3 2 R25 R255 0 
0 0 0 0 a5a0 0000000f 1 R5 IADD3 2 R25 R255 0 
1 0 0 0 a5b0 0000000f 1 R0 IMAD.MOV.U32 2 R255 R255 0 
0 0 0 0 a5b0 0000000f 1 R0 IMAD.MOV.U32 2 R255 R255 0 
1 0 0 0 a5c0 0000000f 1 R4 MOV 1 R255 0 
0 0 0 0 a5c0 0000000f 1 R4 MOV 1 R255 0 
1 0 0 0 a5d0 0000000f 0 ISETP.NE.AND 1 R0 0 
0 0 0 0 a5d0 0000000f 0 ISETP.NE.AND 1 R0 0 
1 0 0 0 a5e0 0000000f 1 R8 IMAD.WIDE.U32 2 R5 R4 0 
0 0 0 0 a5e0 0000000f 1 R8 IMAD.WIDE.U32 2 R5 R4 0 
1 0 0 0 a5f0 0000000f 1 R9 SHF.R.U32.HI 2 R255 R9 0 
0 0 0 0 a5f0 0000000f 1 R9 SHF.R.U32.HI 2 R255 R9 0 
1 0 0 0 a600 0000000f 1 R4 IADD3 3 R9 R255 R255 0 
0 0 0 0 a600 0000000f 1 R4 IADD3 3 R9 R255 R255 0 
1 0 0 0 a610 0000000f 1 R4 IMAD 2 R4 R5 0 
0 0 0 0 a610 0000000f 1 R4 IMAD 2 R4 R5 0 
1 0 0 0 a620 0000000f 1 R22 IMAD 2 R4 R255 0 
0 0 0 0 a620 0000000f 1 R22 IMAD 2 R4 R255 0 
1 0 0 0 a630 0000000f 0 BRA 0 0 
0 0 0 0 a630 0000000f 0 BRA 0 0 
1 0 0 0 b210 0000000f 0 ISETP.NE.U32.AND 1 R255 0 
0 0 0 0 b210 0000000f 0 ISETP.NE.U32.AND 1 R255 0 
1 0 0 0 b220 0000000f 1 R4 CS2R 0 0 
0 0 0 0 b220 0000000f 1 R4 CS2R 0 0 
1 0 0 0 b230 0000000f 1 R8 IADD3 2 R22 R255 0 
0 0 0 0 b230 0000000f 1 R8 IADD3 2 R22 R255 0 
1 0 0 0 b240 0000000f 0 ISETP.NE.AND.EX 1 R255 0 
0 0 0 0 b240 0000000f 0 ISETP.NE.AND.EX 1 R255 0 
1 0 0 0 b250 0000000f 1 R3 MOV 1 R255 0 
0 0 0 0 b250 0000000f 1 R3 MOV 1 R255 0 
1 0 0 0 b260 0000000f 1 R9 IMAD.X 2 R255 R255 0 
0 0 0 0 b260 0000000f 1 R9 IMAD.X 2 R255 R255 0 
1 0 0 0 b270 00000000 1 R4 IADD3 2 R18 R255 0 
0 0 0 0 b270 00000000 1 R4 IADD3 2 R18 R255 0 
1 0 0 0 b280 00000000 1 R5 IADD3.X 2 R255 R255 0 
0 0 0 0 b280 00000000 1 R5 IADD3.X 2 R255 R255 0 
1 0 0 0 b290 00000000 1 R3 MOV 1 R5 0 
0 0 0 0 b290 00000000 1 R3 MOV 1 R5 0 
1 0 0 0 b2a0 0000000f 0 ISETP.NE.AND 1 R255 0 
0 0 0 0 b2a0 0000000f 0 ISETP.NE.AND 1 R255 0 
1 0 0 0 b2b0 0000000f 0 BRA 0 0 
0 0 0 0 b2b0 0000000f 0 BRA 0 0 
1 0 0 0 e0e0 0000000f 0 ISETP.GE.AND 1 R25 0 
0 0 0 0 e0e0 0000000f 0 ISETP.GE.AND 1 R25 0 
1 0 0 0 e0f0 00000008 0 EXIT 0 0 
0 0 0 0 e0f0 00000000 0 EXIT 0 0 
1 0 0 0 e100 00000007 0 ISETP.NE.AND 2 R19 R255 0 
0 0 0 0 e100 0000000f 0 ISETP.NE.AND 2 R19 R255 0 
1 0 0 0 e110 00000007 0 ISETP.NE.AND 1 R255 0 
0 0 0 0 e110 0000000f 0 ISETP.NE.AND 1 R255 0 
1 0 0 0 e120 00000000 0 EXIT 0 0 
0 0 0 0 e120 00000000 0 EXIT 0 0 
1 0 0 0 e130 00000007 0 ISETP.NE.AND 2 R2 R255 0 
0 0 0 0 e130 0000000f 0 ISETP.NE.AND 2 R2 R255 0 
1 0 0 0 e140 00000007 0 ISETP.NE.AND 1 R255 0 
0 0 0 0 e140 0000000f 0 ISETP.NE.AND 1 R255 0 
1 0 0 0 e150 00000000 0 EXIT 0 0 
0 0 0 0 e150 00000000 0 EXIT 0 0 
1 0 0 0 e160 00000007 1 R0 LDC.U8 0 0 
0 0 0 0 e160 0000000f 1 R0 LDC.U8 0 0 
1 0 0 0 e170 00000007 0 ISETP.NE.U32.AND 2 R4 R255 0 
0 0 0 0 e170 0000000f 0 ISETP.NE.U32.AND 2 R4 R255 0 
1 0 0 0 e180 00000007 0 ISETP.NE.AND.EX 2 R3 R255 0 
0 0 0 0 e180 0000000f 0 ISETP.NE.AND.EX 2 R3 R255 0 
1 0 0 0 e190 00000007 0 BRA 0 0 
0 0 0 0 e190 0000000f 0 BRA 0 0 
1 0 0 0 e680 00000007 1 R2 LDC.U8 0 0 
0 0 0 0 e680 0000000f 1 R2 LDC.U8 0 0 
1 0 0 0 e690 00000007 0 ISETP.NE.AND 2 R0 R255 0 
0 0 0 0 e690 0000000f 0 ISETP.NE.AND 2 R0 R255 0 
1 0 0 0 e6a0 00000007 0 ISETP.NE.AND 2 R2 R255 0 
0 0 0 0 e6a0 0000000f 0 ISETP.NE.AND 2 R2 R255 0 
1 0 0 0 e6b0 00000007 0 BRA 0 0 
0 0 0 0 e6b0 0000000f 0 BRA 0 0 
1 0 0 0 e700 00000000 0 BRA 0 0 
0 0 0 0 e700 00000000 0 BRA 0 0 
1 0 0 0 e710 00000007 1 R2 MOV 0 0 
0 0 0 0 e710 0000000f 1 R2 MOV 0 0 
1 0 0 0 e720 00000007 0 ISETP.NE.AND 1 R2 0 
0 0 0 0 e720 0000000f 0 ISETP.NE.AND 1 R2 0 
1 0 0 0 e730 00000007 1 R0 P2R 1 R255 0 
0 0 0 0 e730 0000000f 1 R0 P2R 1 R255 0 
1 0 0 0 e740 00000007 0 BRA 0 0 
0 0 0 0 e740 0000000f 0 BRA 0 0 
1 0 0 0 e810 00000007 1 R0 IADD3 2 R16 R255 0 
0 0 0 0 e810 0000000f 1 R0 IADD3 2 R16 R255 0 
1 0 0 0 e820 00000007 1 R5 MUFU.RSQ 1 R16 0 
0 0 0 0 e820 0000000f 1 R5 MUFU.RSQ 1 R16 0 
1 0 0 0 e830 00000007 1 R18 IADD3 2 R18 R255 0 
0 0 0 0 e830 0000000f 1 R18 IADD3 2 R18 R255 0 
1 0 0 0 e840 00000007 1 R255 BMOV.32.CLEAR 0 0 
0 0 0 0 e840 0000000f 1 R255 BMOV.32.CLEAR 0 0 
1 0 0 0 e850 00000007 0 ISETP.GT.U32.AND 1 R0 0 
0 0 0 0 e850 0000000f 0 ISETP.GT.U32.AND 1 R0 0 
1 0 0 0 e860 00000007 0 BSSY 0 0 
0 0 0 0 e860 0000000f 0 BSSY 0 0 
1 0 0 0 e870 00000007 1 R19 IMAD.X 2 R255 R255 0 
0 0 0 0 e870 0000000f 1 R19 IMAD.X 2 R255 R255 0 
1 0 0 0 e880 00000007 0 BRA 0 0 
0 0 0 0 e880 0000000f 0 BRA 0 0 
1 0 0 0 e8c0 00000007 1 R3 FMUL.FTZ 2 R5 R16 0 
0 0 0 0 e8c0 0000000f 1 R3 FMUL.FTZ 2 R5 R16 0 
1 0 0 0 e8d0 00000007 1 R4 FMUL.FTZ 1 R5 0 
0 0 0 0 e8d0 0000000f 1 R4 FMUL.FTZ 1 R5 0 
1 0 0 0 e8e0 00000007 1 R0 FFMA 3 R3 R3 R16 0 
0 0 0 0 e8e0 0000000f 1 R0 FFMA 3 R3 R3 R16 0 
1 0 0 0 e8f0 00000007 1 R3 FFMA 3 R0 R4 R3 0 
0 0 0 0 e8f0 0000000f 1 R3 FFMA 3 R0 R4 R3 0 
1 0 0 0 e900 00000007 0 BSYNC 0 0 
0 0 0 0 e900 0000000f 0 BSYNC 0 0 
1 0 0 0 e910 00000007 0 STG.E.SYS 2 R18 R3 4 1 0x7f03b6601820 8 
0 0 0 0 e910 0000000f 0 STG.E.SYS 2 R18 R3 4 1 0x7f03b6601800 8 
1 0 0 0 e920 00000007 0 ISETP.NE.AND 1 R2 0 
0 0 0 0 e920 0000000f 0 ISETP.NE.AND 1 R2 0 
1 0 0 0 e930 00000007 0 BRA 0 0 
0 0 0 0 e930 0000000f 0 BRA 0 0 
1 0 0 0 ea00 00000007 1 R0 IADD3 2 R17 R255 0 
0 0 0 0 ea00 0000000f 1 R0 IADD3 2 R17 R255 0 
1 0 0 0 ea10 00000007 1 R2 MUFU.RSQ 1 R17 0 
0 0 0 0 ea10 0000000f 1 R2 MUFU.RSQ 1 R17 0 
1 0 0 0 ea20 00000007 1 R22 IADD3 2 R22 R255 0 
0 0 0 0 ea20 0000000f 1 R22 IADD3 2 R22 R255 0 
1 0 0 0 ea30 00000007 1 R255 BMOV.32.CLEAR 0 0 
0 0 0 0 ea30 0000000f 1 R255 BMOV.32.CLEAR 0 0 
1 0 0 0 ea40 00000007 0 ISETP.GT.U32.AND 1 R0 0 
0 0 0 0 ea40 0000000f 0 ISETP.GT.U32.AND 1 R0 0 
1 0 0 0 ea50 00000007 0 BSSY 0 0 
0 0 0 0 ea50 0000000f 0 BSSY 0 0 
1 0 0 0 ea60 00000007 1 R23 IADD3.X 2 R255 R255 0 
0 0 0 0 ea60 0000000f 1 R23 IADD3.X 2 R255 R255 0 
1 0 0 0 ea70 00000007 0 BRA 0 0 
0 0 0 0 ea70 0000000f 0 BRA 0 0 
1 0 0 0 eac0 00000007 1 R0 FMUL.FTZ 2 R2 R17 0 
0 0 0 0 eac0 0000000f 1 R0 FMUL.FTZ 2 R2 R17 0 
1 0 0 0 ead0 00000007 1 R2 FMUL.FTZ 1 R2 0 
0 0 0 0 ead0 0000000f 1 R2 FMUL.FTZ 1 R2 0 
1 0 0 0 eae0 00000007 1 R3 FFMA 3 R0 R0 R17 0 
0 0 0 0 eae0 0000000f 1 R3 FFMA 3 R0 R0 R17 0 
1 0 0 0 eaf0 00000007 1 R3 FFMA 3 R3 R2 R0 0 
0 0 0 0 eaf0 0000000f 1 R3 FFMA 3 R3 R2 R0 0 
1 0 0 0 eb00 00000007 0 BSYNC 0 0 
0 0 0 0 eb00 0000000f 0 BSYNC 0 0 
1 0 0 0 eb10 00000007 0 STG.E.SYS 2 R22 R3 4 1 0x7f03b6601824 8 
1 0 0 0 eb20 00000007 0 EXIT 0 0 
0 0 0 0 eb10 0000000f 0 STG.E.SYS 2 R22 R3 4 1 0x7f03b6601804 8 
0 0 0 0 eb20 0000000f 0 EXIT 0 0 
