-kernel name = _Z14gemvNSP_kernelIffffLi1ELi32ELi4ELi1024ELb0E18cublasGemvParamsExIi30cublasGemvTensorStridedBatchedIKfES3_S1_IfEfEEvT8_
-kernel id = 38596
-grid dim = (1,1,1)
-block dim = (8,32,1)
-shmem = 1024
-nregs = 32
-binary version = 70
-cuda stream id = 0
-shmem base_addr = 0x00007f045a000000
-local mem base_addr = 0x00007f0458000000
-nvbit version = 1.5.3
-accelsim tracer version = 3

#traces format = threadblock_x threadblock_y threadblock_z warpid_tb PC mask dest_num [reg_dests] opcode src_num [reg_srcs] mem_width [adrrescompress?] [mem_addresses]

0 0 0 5 0000 ffffffff 1 R1 IMAD.MOV.U32 2 R255 R255 0 
0 0 0 6 0000 ffffffff 1 R1 IMAD.MOV.U32 2 R255 R255 0 
0 0 0 1 0000 ffffffff 1 R1 IMAD.MOV.U32 2 R255 R255 0 
0 0 0 4 0000 ffffffff 1 R1 IMAD.MOV.U32 2 R255 R255 0 
0 0 0 2 0000 ffffffff 1 R1 IMAD.MOV.U32 2 R255 R255 0 
0 0 0 0 0000 ffffffff 1 R1 IMAD.MOV.U32 2 R255 R255 0 
0 0 0 7 0000 ffffffff 1 R1 IMAD.MOV.U32 2 R255 R255 0 
0 0 0 3 0000 ffffffff 1 R1 IMAD.MOV.U32 2 R255 R255 0 
0 0 0 6 0010 00000000 0 SHFL.IDX 4 R255 R255 R255 R255 0 
0 0 0 5 0010 00000000 0 SHFL.IDX 4 R255 R255 R255 R255 0 
0 0 0 2 0010 00000000 0 SHFL.IDX 4 R255 R255 R255 R255 0 
0 0 0 1 0010 00000000 0 SHFL.IDX 4 R255 R255 R255 R255 0 
0 0 0 4 0010 00000000 0 SHFL.IDX 4 R255 R255 R255 R255 0 
0 0 0 3 0010 00000000 0 SHFL.IDX 4 R255 R255 R255 R255 0 
0 0 0 0 0010 00000000 0 SHFL.IDX 4 R255 R255 R255 R255 0 
0 0 0 7 0010 00000000 0 SHFL.IDX 4 R255 R255 R255 R255 0 
0 0 0 1 0020 ffffffff 1 R5 S2R 0 0 
0 0 0 5 0020 ffffffff 1 R5 S2R 0 0 
0 0 0 6 0020 ffffffff 1 R5 S2R 0 0 
0 0 0 2 0020 ffffffff 1 R5 S2R 0 0 
0 0 0 3 0020 ffffffff 1 R5 S2R 0 0 
0 0 0 4 0020 ffffffff 1 R5 S2R 0 0 
0 0 0 7 0020 ffffffff 1 R5 S2R 0 0 
0 0 0 0 0020 ffffffff 1 R5 S2R 0 0 
0 0 0 2 0030 ffffffff 1 R3 IMAD.MOV.U32 2 R255 R255 0 
0 0 0 3 0030 ffffffff 1 R3 IMAD.MOV.U32 2 R255 R255 0 
0 0 0 6 0030 ffffffff 1 R3 IMAD.MOV.U32 2 R255 R255 0 
0 0 0 5 0030 ffffffff 1 R3 IMAD.MOV.U32 2 R255 R255 0 
0 0 0 1 0030 ffffffff 1 R3 IMAD.MOV.U32 2 R255 R255 0 
0 0 0 0 0030 ffffffff 1 R3 IMAD.MOV.U32 2 R255 R255 0 
0 0 0 7 0030 ffffffff 1 R3 IMAD.MOV.U32 2 R255 R255 0 
0 0 0 4 0030 ffffffff 1 R3 IMAD.MOV.U32 2 R255 R255 0 
0 0 0 1 0040 ffffffff 0 ISETP.NE.AND 1 R255 0 
0 0 0 6 0040 ffffffff 0 ISETP.NE.AND 1 R255 0 
0 0 0 5 0040 ffffffff 0 ISETP.NE.AND 1 R255 0 
0 0 0 7 0040 ffffffff 0 ISETP.NE.AND 1 R255 0 
0 0 0 3 0040 ffffffff 0 ISETP.NE.AND 1 R255 0 
0 0 0 2 0040 ffffffff 0 ISETP.NE.AND 1 R255 0 
0 0 0 0 0040 ffffffff 0 ISETP.NE.AND 1 R255 0 
0 0 0 4 0040 ffffffff 0 ISETP.NE.AND 1 R255 0 
0 0 0 1 0050 ffffffff 1 R2 IMAD.MOV.U32 2 R255 R255 0 
0 0 0 6 0050 ffffffff 1 R2 IMAD.MOV.U32 2 R255 R255 0 
0 0 0 5 0050 ffffffff 1 R2 IMAD.MOV.U32 2 R255 R255 0 
0 0 0 3 0050 ffffffff 1 R2 IMAD.MOV.U32 2 R255 R255 0 
0 0 0 7 0050 ffffffff 1 R2 IMAD.MOV.U32 2 R255 R255 0 
0 0 0 2 0050 ffffffff 1 R2 IMAD.MOV.U32 2 R255 R255 0 
0 0 0 0 0050 ffffffff 1 R2 IMAD.MOV.U32 2 R255 R255 0 
0 0 0 4 0050 ffffffff 1 R2 IMAD.MOV.U32 2 R255 R255 0 
0 0 0 1 0060 ffffffff 1 R22 S2R 0 0 
0 0 0 6 0060 ffffffff 1 R22 S2R 0 0 
0 0 0 5 0060 ffffffff 1 R22 S2R 0 0 
0 0 0 2 0060 ffffffff 1 R22 S2R 0 0 
0 0 0 7 0060 ffffffff 1 R22 S2R 0 0 
0 0 0 3 0060 ffffffff 1 R22 S2R 0 0 
0 0 0 0 0060 ffffffff 1 R22 S2R 0 0 
0 0 0 4 0060 ffffffff 1 R22 S2R 0 0 
0 0 0 6 0070 ffffffff 1 R255 BMOV.32.CLEAR 0 0 
0 0 0 1 0070 ffffffff 1 R255 BMOV.32.CLEAR 0 0 
0 0 0 2 0070 ffffffff 1 R255 BMOV.32.CLEAR 0 0 
0 0 0 3 0070 ffffffff 1 R255 BMOV.32.CLEAR 0 0 
0 0 0 5 0070 ffffffff 1 R255 BMOV.32.CLEAR 0 0 
0 0 0 7 0070 ffffffff 1 R255 BMOV.32.CLEAR 0 0 
0 0 0 0 0070 ffffffff 1 R255 BMOV.32.CLEAR 0 0 
0 0 0 4 0070 ffffffff 1 R255 BMOV.32.CLEAR 0 0 
0 0 0 1 0080 ffffffff 1 R3 IADD3 2 R3 R255 0 
0 0 0 6 0080 ffffffff 1 R3 IADD3 2 R3 R255 0 
0 0 0 3 0080 ffffffff 1 R3 IADD3 2 R3 R255 0 
0 0 0 2 0080 ffffffff 1 R3 IADD3 2 R3 R255 0 
0 0 0 5 0080 ffffffff 1 R3 IADD3 2 R3 R255 0 
0 0 0 7 0080 ffffffff 1 R3 IADD3 2 R3 R255 0 
0 0 0 0 0080 ffffffff 1 R3 IADD3 2 R3 R255 0 
0 0 0 4 0080 ffffffff 1 R3 IADD3 2 R3 R255 0 
0 0 0 1 0090 ffffffff 0 BSSY 0 0 
0 0 0 6 0090 ffffffff 0 BSSY 0 0 
0 0 0 2 0090 ffffffff 0 BSSY 0 0 
0 0 0 3 0090 ffffffff 0 BSSY 0 0 
0 0 0 5 0090 ffffffff 0 BSSY 0 0 
0 0 0 7 0090 ffffffff 0 BSSY 0 0 
0 0 0 0 0090 ffffffff 0 BSSY 0 0 
0 0 0 4 0090 ffffffff 0 BSSY 0 0 
0 0 0 1 00a0 ffffffff 1 R27 S2R 0 0 
0 0 0 3 00a0 ffffffff 1 R27 S2R 0 0 
0 0 0 6 00a0 ffffffff 1 R27 S2R 0 0 
0 0 0 2 00a0 ffffffff 1 R27 S2R 0 0 
0 0 0 5 00a0 ffffffff 1 R27 S2R 0 0 
0 0 0 7 00a0 ffffffff 1 R27 S2R 0 0 
0 0 0 0 00a0 ffffffff 1 R27 S2R 0 0 
0 0 0 4 00a0 ffffffff 1 R27 S2R 0 0 
0 0 0 1 00b0 ffffffff 1 R9 IMAD.MOV.U32 3 R255 R255 R255 0 
0 0 0 6 00b0 ffffffff 1 R9 IMAD.MOV.U32 3 R255 R255 R255 0 
0 0 0 3 00b0 ffffffff 1 R9 IMAD.MOV.U32 3 R255 R255 R255 0 
0 0 0 2 00b0 ffffffff 1 R9 IMAD.MOV.U32 3 R255 R255 R255 0 
0 0 0 7 00b0 ffffffff 1 R9 IMAD.MOV.U32 3 R255 R255 R255 0 
0 0 0 5 00b0 ffffffff 1 R9 IMAD.MOV.U32 3 R255 R255 R255 0 
0 0 0 0 00b0 ffffffff 1 R9 IMAD.MOV.U32 3 R255 R255 R255 0 
0 0 0 4 00b0 ffffffff 1 R9 IMAD.MOV.U32 3 R255 R255 R255 0 
0 0 0 1 00c0 ffffffff 1 R28 S2R 0 0 
0 0 0 3 00c0 ffffffff 1 R28 S2R 0 0 
0 0 0 6 00c0 ffffffff 1 R28 S2R 0 0 
0 0 0 2 00c0 ffffffff 1 R28 S2R 0 0 
0 0 0 5 00c0 ffffffff 1 R28 S2R 0 0 
0 0 0 7 00c0 ffffffff 1 R28 S2R 0 0 
0 0 0 0 00c0 ffffffff 1 R28 S2R 0 0 
0 0 0 4 00c0 ffffffff 1 R28 S2R 0 0 
0 0 0 1 00d0 ffffffff 1 R0 S2R 0 0 
0 0 0 6 00d0 ffffffff 1 R0 S2R 0 0 
0 0 0 2 00d0 ffffffff 1 R0 S2R 0 0 
0 0 0 3 00d0 ffffffff 1 R0 S2R 0 0 
0 0 0 5 00d0 ffffffff 1 R0 S2R 0 0 
0 0 0 7 00d0 ffffffff 1 R0 S2R 0 0 
0 0 0 0 00d0 ffffffff 1 R0 S2R 0 0 
0 0 0 4 00d0 ffffffff 1 R0 S2R 0 0 
0 0 0 1 00e0 ffffffff 1 R26 IMAD 2 R5 R22 0 
0 0 0 6 00e0 ffffffff 1 R26 IMAD 2 R5 R22 0 
0 0 0 2 00e0 ffffffff 1 R26 IMAD 2 R5 R22 0 
0 0 0 3 00e0 ffffffff 1 R26 IMAD 2 R5 R22 0 
0 0 0 5 00e0 ffffffff 1 R26 IMAD 2 R5 R22 0 
0 0 0 7 00e0 ffffffff 1 R26 IMAD 2 R5 R22 0 
0 0 0 4 00e0 ffffffff 1 R26 IMAD 2 R5 R22 0 
0 0 0 0 00e0 ffffffff 1 R26 IMAD 2 R5 R22 0 
0 0 0 6 00f0 ffffffff 0 ISETP.GE.AND 1 R26 0 
0 0 0 2 00f0 ffffffff 0 ISETP.GE.AND 1 R26 0 
0 0 0 1 00f0 ffffffff 0 ISETP.GE.AND 1 R26 0 
0 0 0 3 00f0 ffffffff 0 ISETP.GE.AND 1 R26 0 
0 0 0 5 00f0 ffffffff 0 ISETP.GE.AND 1 R26 0 
0 0 0 7 00f0 ffffffff 0 ISETP.GE.AND 1 R26 0 
0 0 0 4 00f0 ffffffff 0 ISETP.GE.AND 1 R26 0 
0 0 0 0 00f0 ffffffff 0 ISETP.GE.AND 1 R26 0 
0 0 0 6 0100 ffffffff 1 R27 IMAD 2 R27 R28 0 
0 0 0 2 0100 ffffffff 1 R27 IMAD 2 R27 R28 0 
0 0 0 1 0100 ffffffff 1 R27 IMAD 2 R27 R28 0 
0 0 0 3 0100 ffffffff 1 R27 IMAD 2 R27 R28 0 
0 0 0 5 0100 ffffffff 1 R27 IMAD 2 R27 R28 0 
0 0 0 7 0100 ffffffff 1 R27 IMAD 2 R27 R28 0 
0 0 0 4 0100 ffffffff 1 R27 IMAD 2 R27 R28 0 
0 0 0 0 0100 ffffffff 1 R27 IMAD 2 R27 R28 0 
0 0 0 1 0110 ffffffff 0 ISETP.EQ.AND 2 R0 R3 0 
0 0 0 6 0110 ffffffff 0 ISETP.EQ.AND 2 R0 R3 0 
0 0 0 2 0110 ffffffff 0 ISETP.EQ.AND 2 R0 R3 0 
0 0 0 3 0110 ffffffff 0 ISETP.EQ.AND 2 R0 R3 0 
0 0 0 5 0110 ffffffff 0 ISETP.EQ.AND 2 R0 R3 0 
0 0 0 7 0110 ffffffff 0 ISETP.EQ.AND 2 R0 R3 0 
0 0 0 4 0110 ffffffff 0 ISETP.EQ.AND 2 R0 R3 0 
0 0 0 0 0110 ffffffff 0 ISETP.EQ.AND 2 R0 R3 0 
0 0 0 1 0120 ffffffff 1 R27 IMAD.SHL.U32 2 R27 R255 0 
0 0 0 6 0120 ffffffff 1 R27 IMAD.SHL.U32 2 R27 R255 0 
0 0 0 2 0120 ffffffff 1 R27 IMAD.SHL.U32 2 R27 R255 0 
0 0 0 3 0120 ffffffff 1 R27 IMAD.SHL.U32 2 R27 R255 0 
0 0 0 7 0120 ffffffff 1 R27 IMAD.SHL.U32 2 R27 R255 0 
0 0 0 5 0120 ffffffff 1 R27 IMAD.SHL.U32 2 R27 R255 0 
0 0 0 1 0130 ffffffff 1 R2 SEL 1 R2 0 
0 0 0 4 0120 ffffffff 1 R27 IMAD.SHL.U32 2 R27 R255 0 
0 0 0 0 0120 ffffffff 1 R27 IMAD.SHL.U32 2 R27 R255 0 
0 0 0 2 0130 ffffffff 1 R2 SEL 1 R2 0 
0 0 0 6 0130 ffffffff 1 R2 SEL 1 R2 0 
0 0 0 3 0130 ffffffff 1 R2 SEL 1 R2 0 
0 0 0 7 0130 ffffffff 1 R2 SEL 1 R2 0 
0 0 0 5 0130 ffffffff 1 R2 SEL 1 R2 0 
0 0 0 1 0140 ffffffff 0 ISETP.GE.OR 2 R27 R2 0 
0 0 0 3 0140 ffffffff 0 ISETP.GE.OR 2 R27 R2 0 
0 0 0 6 0140 ffffffff 0 ISETP.GE.OR 2 R27 R2 0 
0 0 0 2 0140 ffffffff 0 ISETP.GE.OR 2 R27 R2 0 
0 0 0 0 0130 ffffffff 1 R2 SEL 1 R2 0 
0 0 0 7 0140 ffffffff 0 ISETP.GE.OR 2 R27 R2 0 
0 0 0 4 0130 ffffffff 1 R2 SEL 1 R2 0 
0 0 0 5 0140 ffffffff 0 ISETP.GE.OR 2 R27 R2 0 
0 0 0 1 0150 ffffffff 0 BRA 0 0 
0 0 0 3 0150 ffffffff 0 BRA 0 0 
0 0 0 7 0150 ffffffff 0 BRA 0 0 
0 0 0 6 0150 ffffffff 0 BRA 0 0 
0 0 0 2 0150 ffffffff 0 BRA 0 0 
0 0 0 0 0140 ffffffff 0 ISETP.GE.OR 2 R27 R2 0 
0 0 0 4 0140 ffffffff 0 ISETP.GE.OR 2 R27 R2 0 
0 0 0 5 0150 ffffffff 0 BRA 0 0 
0 0 0 1 2020 ffffffff 0 BSYNC 0 0 
0 0 0 3 2020 ffffffff 0 BSYNC 0 0 
0 0 0 7 2020 ffffffff 0 BSYNC 0 0 
0 0 0 6 2020 ffffffff 0 BSYNC 0 0 
0 0 0 2 2020 ffffffff 0 BSYNC 0 0 
0 0 0 0 0150 fff8f8f8 0 BRA 0 0 
0 0 0 4 0150 ffffffff 0 BRA 0 0 
0 0 0 5 2020 ffffffff 0 BSYNC 0 0 
0 0 0 1 2030 ffffffff 1 R2 IMAD 2 R28 R22 0 
0 0 0 3 2030 ffffffff 1 R2 IMAD 2 R28 R22 0 
0 0 0 7 2030 ffffffff 1 R2 IMAD 2 R28 R22 0 
0 0 0 6 2030 ffffffff 1 R2 IMAD 2 R28 R22 0 
0 0 0 2 2030 ffffffff 1 R2 IMAD 2 R28 R22 0 
0 0 0 0 0160 00070707 1 R4 IMAD.MOV.U32 3 R255 R255 R255 0 
0 0 0 4 2020 ffffffff 0 BSYNC 0 0 
0 0 0 5 2030 ffffffff 1 R2 IMAD 2 R28 R22 0 
0 0 0 1 2040 ffffffff 0 ISETP.GT.AND 1 R28 0 
0 0 0 3 2040 ffffffff 0 ISETP.GT.AND 1 R28 0 
0 0 0 7 2040 ffffffff 0 ISETP.GT.AND 1 R28 0 
0 0 0 2 2040 ffffffff 0 ISETP.GT.AND 1 R28 0 
0 0 0 6 2040 ffffffff 0 ISETP.GT.AND 1 R28 0 
0 0 0 0 0170 00070707 1 R5 IMAD.MOV.U32 3 R255 R255 R27 0 
0 0 0 4 2030 ffffffff 1 R2 IMAD 2 R28 R22 0 
0 0 0 5 2040 ffffffff 0 ISETP.GT.AND 1 R28 0 
0 0 0 1 2050 ffffffff 1 R3 IMAD.MOV.U32 2 R255 R255 0 
0 0 0 3 2050 ffffffff 1 R3 IMAD.MOV.U32 2 R255 R255 0 
0 0 0 7 2050 ffffffff 1 R3 IMAD.MOV.U32 2 R255 R255 0 
0 0 0 2 2050 ffffffff 1 R3 IMAD.MOV.U32 2 R255 R255 0 
0 0 0 6 2050 ffffffff 1 R3 IMAD.MOV.U32 2 R255 R255 0 
0 0 0 0 0180 00000000 0 SHFL.IDX 4 R255 R255 R255 R255 0 
0 0 0 4 2040 ffffffff 0 ISETP.GT.AND 1 R28 0 
0 0 0 5 2050 ffffffff 1 R3 IMAD.MOV.U32 2 R255 R255 0 
0 0 0 3 2060 ffffffff 1 R2 IMAD.SHL.U32 2 R2 R255 0 
0 0 0 1 2060 ffffffff 1 R2 IMAD.SHL.U32 2 R2 R255 0 
0 0 0 7 2060 ffffffff 1 R2 IMAD.SHL.U32 2 R2 R255 0 
0 0 0 6 2060 ffffffff 1 R2 IMAD.SHL.U32 2 R2 R255 0 
0 0 0 2 2060 ffffffff 1 R2 IMAD.SHL.U32 2 R2 R255 0 
0 0 0 0 0190 00070707 1 R29 IMAD.MOV.U32 2 R255 R255 0 
0 0 0 4 2050 ffffffff 1 R3 IMAD.MOV.U32 2 R255 R255 0 
0 0 0 5 2060 ffffffff 1 R2 IMAD.SHL.U32 2 R2 R255 0 
0 0 0 1 2070 ffffffff 0 ISETP.NE.AND 1 R3 0 
0 0 0 3 2070 ffffffff 0 ISETP.NE.AND 1 R3 0 
0 0 0 7 2070 ffffffff 0 ISETP.NE.AND 1 R3 0 
0 0 0 6 2070 ffffffff 0 ISETP.NE.AND 1 R3 0 
0 0 0 2 2070 ffffffff 0 ISETP.NE.AND 1 R3 0 
0 0 0 0 01a0 00070707 1 R7 IADD3 2 R5 R255 0 
0 0 0 4 2060 ffffffff 1 R2 IMAD.SHL.U32 2 R2 R255 0 
0 0 0 5 2070 ffffffff 0 ISETP.NE.AND 1 R3 0 
0 0 0 3 2080 ffffffff 0 STS 2 R2 R9 4 1 0x180 4 
0 0 0 1 2080 ffffffff 0 STS 2 R2 R9 4 1 0x80 4 
0 0 0 7 2080 ffffffff 0 STS 2 R2 R9 4 1 0x380 4 
0 0 0 2 2080 ffffffff 0 STS 2 R2 R9 4 1 0x100 4 
0 0 0 6 2080 ffffffff 0 STS 2 R2 R9 4 1 0x300 4 
0 0 0 0 01b0 00070707 1 R255 BMOV.32.CLEAR 0 0 
0 0 0 4 2070 ffffffff 0 ISETP.NE.AND 1 R3 0 
0 0 0 3 2090 ffffffff 1 R5 IMAD.MOV.U32 2 R255 R255 0 
0 0 0 5 2080 ffffffff 0 STS 2 R2 R9 4 1 0x280 4 
0 0 0 1 2090 ffffffff 1 R5 IMAD.MOV.U32 2 R255 R255 0 
0 0 0 7 2090 00000000 1 R5 IMAD.MOV.U32 2 R255 R255 0 
0 0 0 6 2090 00000000 1 R5 IMAD.MOV.U32 2 R255 R255 0 
0 0 0 2 2090 ffffffff 1 R5 IMAD.MOV.U32 2 R255 R255 0 
0 0 0 0 01c0 00070707 1 R6 IADD3 3 R27 R2 R255 0 
0 0 0 5 2090 00000000 1 R5 IMAD.MOV.U32 2 R255 R255 0 
0 0 0 3 20a0 ffffffff 1 R5 IMAD 2 R5 R2 0 
0 0 0 4 2080 ffffffff 0 STS 2 R2 R9 4 1 0x200 4 
0 0 0 1 20a0 ffffffff 1 R5 IMAD 2 R5 R2 0 
0 0 0 7 20a0 00000000 1 R5 IMAD 2 R5 R2 0 
0 0 0 6 20a0 00000000 1 R5 IMAD 2 R5 R2 0 
0 0 0 2 20a0 ffffffff 1 R5 IMAD 2 R5 R2 0 
0 0 0 0 01d0 00070707 1 R3 IMAD 2 R29 R255 0 
0 0 0 5 20a0 00000000 1 R5 IMAD 2 R5 R2 0 
0 0 0 4 2090 00000000 1 R5 IMAD.MOV.U32 2 R255 R255 0 
0 0 0 1 20b0 ffffffff 0 BRA 0 0 
0 0 0 3 20b0 ffffffff 0 BRA 0 0 
0 0 0 2 20b0 ffffffff 0 BRA 0 0 
0 0 0 6 20b0 ffffffff 0 BRA 0 0 
0 0 0 7 20b0 ffffffff 0 BRA 0 0 
0 0 0 0 01e0 00070707 0 ISETP.GT.AND 2 R7 R2 0 
0 0 0 5 20b0 ffffffff 0 BRA 0 0 
0 0 0 4 20a0 00000000 1 R5 IMAD 2 R5 R2 0 
0 0 0 1 2170 ffffffff 0 NOP 0 0 
0 0 0 3 2170 ffffffff 0 NOP 0 0 
0 0 0 2 2170 ffffffff 0 NOP 0 0 
0 0 0 7 2170 ffffffff 0 NOP 0 0 
0 0 0 6 2170 ffffffff 0 NOP 0 0 
0 0 0 0 01f0 00070707 0 BSSY 0 0 
0 0 0 5 2170 ffffffff 0 NOP 0 0 
0 0 0 1 2180 ffffffff 0 BAR.SYNC 0 0 
0 0 0 4 20b0 ffffffff 0 BRA 0 0 
0 0 0 3 2180 ffffffff 0 BAR.SYNC 0 0 
0 0 0 2 2180 ffffffff 0 BAR.SYNC 0 0 
0 0 0 6 2180 ffffffff 0 BAR.SYNC 0 0 
0 0 0 7 2180 ffffffff 0 BAR.SYNC 0 0 
0 0 0 0 0200 00070707 1 R3 IMAD.SHL.U32 2 R3 R255 0 
0 0 0 5 2180 ffffffff 0 BAR.SYNC 0 0 
0 0 0 4 2170 ffffffff 0 NOP 0 0 
0 0 0 0 0210 00070707 1 R3 IMAD 3 R3 R4 R6 0 
0 0 0 4 2180 ffffffff 0 BAR.SYNC 0 0 
0 0 0 0 0220 00070707 0 ISETP.GT.U32.AND 1 R3 0 
0 0 0 0 0230 00070707 1 R3 IMAD.MOV 3 R255 R255 R3 0 
0 0 0 0 0240 00070707 1 R3 SEL 1 R3 0 
0 0 0 0 0250 00000000 0 BRA 0 0 
0 0 0 0 0260 00070707 1 R18 IMAD 2 R5 R26 0 
0 0 0 0 0270 00070707 1 R11 SHF.R.S32.HI 2 R255 R5 0 
0 0 0 0 0280 00070707 1 R10 IMAD.MOV.U32 3 R255 R255 R5 0 
0 0 0 0 0290 00070707 1 R6 IADD3 2 R5 R255 0 
0 0 0 0 02a0 00070707 1 R3 IMAD 2 R0 R255 0 
0 0 0 0 02b0 00070707 1 R19 SHF.R.S32.HI 2 R255 R18 0 
0 0 0 0 02c0 00070707 1 R16 IMAD.WIDE.U32 2 R0 R10 0 
0 0 0 0 02d0 00070707 1 R14 IADD3 2 R5 R255 0 
0 0 0 0 02e0 00070707 1 R7 SHF.R.S32.HI 2 R255 R6 0 
0 0 0 0 02f0 00070707 1 R18 IMAD.WIDE.U32 2 R0 R18 0 
0 0 0 0 0300 00070707 1 R15 SHF.R.S32.HI 2 R255 R14 0 
0 0 0 0 0310 00070707 1 R10 LEA 1 R16 0 
0 0 0 0 0320 00070707 1 R6 IMAD.WIDE.U32 2 R0 R6 0 
0 0 0 0 0330 00070707 1 R12 LEA 1 R18 0 
0 0 0 0 0340 00070707 1 R20 IADD3 2 R5 R255 0 
0 0 0 0 0350 00070707 1 R11 IMAD.IADD 2 R17 R3 0 
0 0 0 0 0360 00070707 1 R13 IMAD 2 R0 R19 0 
0 0 0 0 0370 00070707 1 R21 SHF.R.S32.HI 2 R255 R20 0 
0 0 0 0 0380 00070707 1 R14 IMAD.WIDE.U32 2 R0 R14 0 
0 0 0 0 0390 00070707 1 R11 LEA.HI.X 2 R16 R11 0 
0 0 0 0 03a0 00070707 1 R13 LEA.HI.X 2 R18 R13 0 
0 0 0 0 03b0 00070707 1 R17 IMAD.IADD 2 R3 R7 0 
0 0 0 0 03c0 00070707 1 R16 LEA 1 R6 0 
0 0 0 0 03d0 00070707 1 R7 IMAD.IADD 2 R3 R15 0 
0 0 0 0 03e0 00070707 1 R18 LEA 1 R14 0 
0 0 0 0 03f0 00070707 1 R8 IMAD.MOV.U32 2 R255 R255 0 
0 0 0 0 0400 00070707 1 R17 LEA.HI.X 2 R6 R17 0 
0 0 0 0 0410 00070707 1 R19 LEA.HI.X 2 R14 R7 0 
0 0 0 0 0420 00070707 1 R6 IMAD.WIDE 2 R8 R12 0 
0 0 0 0 0430 00070707 1 R14 LDG.E.CONSTANT.SYS 1 R10 4 2 0x7f03b6601c00 0 0 16 0 0 16 0 0 
0 0 0 0 0440 00070707 1 R20 IMAD.WIDE.U32 2 R0 R20 0 
0 0 0 0 0450 00070707 1 R15 LDG.E.STRONG.SYS 1 R12 4 2 0x7f03b6602400 4 4 40 4 4 40 4 4 
0 0 0 0 0460 00070707 1 R16 LDG.E.CONSTANT.SYS 1 R16 4 2 0x7f03b6601c04 0 0 16 0 0 16 0 0 
0 0 0 0 0470 00070707 1 R10 IMAD.WIDE 2 R8 R6 0 
0 0 0 0 0480 00070707 1 R21 IADD3 3 R3 R21 R255 0 
0 0 0 0 0490 00070707 1 R3 LDG.E.STRONG.SYS 1 R6 4 2 0x7f03b660240c 4 4 40 4 4 40 4 4 
0 0 0 0 04a0 00070707 1 R12 LEA 1 R20 0 
0 0 0 0 04b0 00070707 1 R18 LDG.E.CONSTANT.SYS 1 R18 4 2 0x7f03b6601c08 0 0 16 0 0 16 0 0 
0 0 0 0 04c0 00070707 1 R13 LEA.HI.X 2 R20 R21 0 
0 0 0 0 04d0 00070707 1 R6 IMAD.WIDE 2 R8 R10 0 
0 0 0 0 04e0 00070707 1 R10 LDG.E.STRONG.SYS 1 R10 4 2 0x7f03b6602418 4 4 40 4 4 40 4 4 
0 0 0 0 04f0 00070707 1 R8 LDG.E.CONSTANT.SYS 1 R12 4 2 0x7f03b6601c0c 0 0 16 0 0 16 0 0 
0 0 0 0 0500 00070707 1 R20 LDG.E.STRONG.SYS 1 R6 4 2 0x7f03b6602424 4 4 40 4 4 40 4 4 
0 0 0 0 0510 00070707 1 R14 FFMA 3 R14 R15 R9 0 
0 0 0 0 0520 00070707 1 R3 FFMA 3 R16 R3 R14 0 
0 0 0 0 0530 00070707 1 R3 FFMA 3 R18 R10 R3 0 
0 0 0 0 0540 00070707 1 R9 FFMA 3 R8 R20 R3 0 
0 0 0 0 0550 00070707 0 BRA 0 0 
0 0 0 0 1fc0 00070707 0 BSYNC 0 0 
0 0 0 0 1fd0 00070707 1 R6 IMAD.SHL.U32 2 R29 R255 0 
0 0 0 0 1fe0 00070707 1 R4 IADD3 2 R4 R255 0 
0 0 0 0 1ff0 00070707 1 R5 IMAD 2 R6 R5 0 
0 0 0 0 2000 00070707 0 ISETP.GE.AND 2 R5 R2 0 
0 0 0 0 2010 00000000 0 BRA 0 0 
0 0 0 0 2020 00070707 0 BSYNC 0 0 
0 0 0 0 2020 fff8f8f8 0 BSYNC 0 0 
0 0 0 0 2030 ffffffff 1 R2 IMAD 2 R28 R22 0 
0 0 0 0 2040 ffffffff 0 ISETP.GT.AND 1 R28 0 
0 0 0 0 2050 ffffffff 1 R3 IMAD.MOV.U32 2 R255 R255 0 
0 0 0 0 2060 ffffffff 1 R2 IMAD.SHL.U32 2 R2 R255 0 
0 0 0 0 2070 ffffffff 0 ISETP.NE.AND 1 R3 0 
0 0 0 0 2080 ffffffff 0 STS 2 R2 R9 4 1 0x0 4 
0 0 0 0 2090 ffffffff 1 R5 IMAD.MOV.U32 2 R255 R255 0 
0 0 0 0 20a0 ffffffff 1 R5 IMAD 2 R5 R2 0 
0 0 0 0 20b0 ffffffff 0 BRA 0 0 
0 0 0 0 2170 ffffffff 0 NOP 0 0 
0 0 0 0 2180 ffffffff 0 BAR.SYNC 0 0 
0 0 0 0 2190 ffffffff 1 R4 LDS.U 1 R5 4 1 0x200 4 
0 0 0 6 2190 00000000 1 R4 LDS.U 1 R5 4 1 0x0 0 
0 0 0 5 2190 00000000 1 R4 LDS.U 1 R5 4 1 0x0 0 
0 0 0 1 2190 ffffffff 1 R4 LDS.U 1 R5 4 1 0x280 4 
0 0 0 4 2190 00000000 1 R4 LDS.U 1 R5 4 1 0x0 0 
0 0 0 2 2190 ffffffff 1 R4 LDS.U 1 R5 4 1 0x300 4 
0 0 0 7 2190 00000000 1 R4 LDS.U 1 R5 4 1 0x0 0 
0 0 0 3 2190 ffffffff 1 R4 LDS.U 1 R5 4 1 0x380 4 
0 0 0 0 21a0 ffffffff 0 ISETP.GT.AND 1 R28 0 
0 0 0 4 21a0 ffffffff 0 ISETP.GT.AND 1 R28 0 
0 0 0 2 21a0 ffffffff 0 ISETP.GT.AND 1 R28 0 
0 0 0 6 21a0 ffffffff 0 ISETP.GT.AND 1 R28 0 
0 0 0 5 21a0 ffffffff 0 ISETP.GT.AND 1 R28 0 
0 0 0 1 21a0 ffffffff 0 ISETP.GT.AND 1 R28 0 
0 0 0 7 21a0 ffffffff 0 ISETP.GT.AND 1 R28 0 
0 0 0 3 21a0 ffffffff 0 ISETP.GT.AND 1 R28 0 
0 0 0 0 21b0 ffffffff 0 ISETP.NE.OR 2 R28 R255 0 
0 0 0 2 21b0 ffffffff 0 ISETP.NE.OR 2 R28 R255 0 
0 0 0 5 21b0 ffffffff 0 ISETP.NE.OR 2 R28 R255 0 
0 0 0 6 21b0 ffffffff 0 ISETP.NE.OR 2 R28 R255 0 
0 0 0 1 21b0 ffffffff 0 ISETP.NE.OR 2 R28 R255 0 
0 0 0 4 21b0 ffffffff 0 ISETP.NE.OR 2 R28 R255 0 
0 0 0 7 21b0 ffffffff 0 ISETP.NE.OR 2 R28 R255 0 
0 0 0 3 21b0 ffffffff 0 ISETP.NE.OR 2 R28 R255 0 
0 0 0 1 21c0 ffffffff 1 R3 LDS.U 1 R2 4 1 0x80 4 
0 0 0 0 21c0 ffffffff 1 R3 LDS.U 1 R2 4 1 0x0 4 
0 0 0 6 21c0 00000000 1 R3 LDS.U 1 R2 4 1 0x0 0 
0 0 0 2 21c0 ffffffff 1 R3 LDS.U 1 R2 4 1 0x100 4 
0 0 0 7 21c0 00000000 1 R3 LDS.U 1 R2 4 1 0x0 0 
0 0 0 5 21c0 00000000 1 R3 LDS.U 1 R2 4 1 0x0 0 
0 0 0 4 21c0 00000000 1 R3 LDS.U 1 R2 4 1 0x0 0 
0 0 0 3 21c0 ffffffff 1 R3 LDS.U 1 R2 4 1 0x180 4 
0 0 0 1 21d0 ffffffff 1 R7 IMAD.MOV.U32 2 R255 R255 0 
0 0 0 6 21d0 00000000 1 R7 IMAD.MOV.U32 2 R255 R255 0 
0 0 0 2 21d0 00000000 1 R7 IMAD.MOV.U32 2 R255 R255 0 
0 0 0 0 21d0 ffffffff 1 R7 IMAD.MOV.U32 2 R255 R255 0 
0 0 0 7 21d0 00000000 1 R7 IMAD.MOV.U32 2 R255 R255 0 
0 0 0 5 21d0 00000000 1 R7 IMAD.MOV.U32 2 R255 R255 0 
0 0 0 4 21d0 00000000 1 R7 IMAD.MOV.U32 2 R255 R255 0 
0 0 0 3 21d0 00000000 1 R7 IMAD.MOV.U32 2 R255 R255 0 
0 0 0 1 21e0 ffffffff 1 R6 IMAD 2 R7 R2 0 
0 0 0 6 21e0 00000000 1 R6 IMAD 2 R7 R2 0 
0 0 0 2 21e0 00000000 1 R6 IMAD 2 R7 R2 0 
0 0 0 7 21e0 00000000 1 R6 IMAD 2 R7 R2 0 
0 0 0 5 21e0 00000000 1 R6 IMAD 2 R7 R2 0 
0 0 0 0 21e0 ffffffff 1 R6 IMAD 2 R7 R2 0 
0 0 0 4 21e0 00000000 1 R6 IMAD 2 R7 R2 0 
0 0 0 3 21e0 00000000 1 R6 IMAD 2 R7 R2 0 
0 0 0 6 21f0 00000000 1 R3 FADD 2 R3 R4 0 
0 0 0 1 21f0 ffffffff 1 R3 FADD 2 R3 R4 0 
0 0 0 2 21f0 ffffffff 1 R3 FADD 2 R3 R4 0 
0 0 0 5 21f0 00000000 1 R3 FADD 2 R3 R4 0 
0 0 0 7 21f0 00000000 1 R3 FADD 2 R3 R4 0 
0 0 0 0 21f0 ffffffff 1 R3 FADD 2 R3 R4 0 
0 0 0 3 21f0 ffffffff 1 R3 FADD 2 R3 R4 0 
0 0 0 4 21f0 00000000 1 R3 FADD 2 R3 R4 0 
0 0 0 6 2200 00000000 0 STS 2 R2 R3 4 1 0x0 0 
0 0 0 2 2200 ffffffff 0 STS 2 R2 R3 4 1 0x100 4 
0 0 0 1 2200 ffffffff 0 STS 2 R2 R3 4 1 0x80 4 
0 0 0 5 2200 00000000 0 STS 2 R2 R3 4 1 0x0 0 
0 0 0 7 2200 00000000 0 STS 2 R2 R3 4 1 0x0 0 
0 0 0 4 2200 00000000 0 STS 2 R2 R3 4 1 0x0 0 
0 0 0 3 2200 ffffffff 0 STS 2 R2 R3 4 1 0x180 4 
0 0 0 0 2200 ffffffff 0 STS 2 R2 R3 4 1 0x0 4 
0 0 0 6 2210 ffffffff 0 NOP 0 0 
0 0 0 2 2210 ffffffff 0 NOP 0 0 
0 0 0 1 2210 ffffffff 0 NOP 0 0 
0 0 0 5 2210 ffffffff 0 NOP 0 0 
0 0 0 7 2210 ffffffff 0 NOP 0 0 
0 0 0 4 2210 ffffffff 0 NOP 0 0 
0 0 0 3 2210 ffffffff 0 NOP 0 0 
0 0 0 0 2210 ffffffff 0 NOP 0 0 
0 0 0 6 2220 ffffffff 0 BAR.SYNC 0 0 
0 0 0 1 2220 ffffffff 0 BAR.SYNC 0 0 
0 0 0 2 2220 ffffffff 0 BAR.SYNC 0 0 
0 0 0 5 2220 ffffffff 0 BAR.SYNC 0 0 
0 0 0 7 2220 ffffffff 0 BAR.SYNC 0 0 
0 0 0 4 2220 ffffffff 0 BAR.SYNC 0 0 
0 0 0 3 2220 ffffffff 0 BAR.SYNC 0 0 
0 0 0 0 2220 ffffffff 0 BAR.SYNC 0 0 
0 0 0 1 2230 ffffffff 1 R7 LDS.U 1 R6 4 1 0x180 4 
0 0 0 5 2230 00000000 1 R7 LDS.U 1 R6 4 1 0x0 0 
0 0 0 4 2230 00000000 1 R7 LDS.U 1 R6 4 1 0x0 0 
0 0 0 3 2230 00000000 1 R7 LDS.U 1 R6 4 1 0x0 0 
0 0 0 7 2230 00000000 1 R7 LDS.U 1 R6 4 1 0x0 0 
0 0 0 0 2230 ffffffff 1 R7 LDS.U 1 R6 4 1 0x100 4 
0 0 0 6 2230 00000000 1 R7 LDS.U 1 R6 4 1 0x0 0 
0 0 0 2 2230 00000000 1 R7 LDS.U 1 R6 4 1 0x0 0 
0 0 0 1 2240 ffffffff 0 ISETP.GT.AND 1 R28 0 
0 0 0 4 2240 ffffffff 0 ISETP.GT.AND 1 R28 0 
0 0 0 3 2240 ffffffff 0 ISETP.GT.AND 1 R28 0 
0 0 0 5 2240 ffffffff 0 ISETP.GT.AND 1 R28 0 
0 0 0 0 2240 ffffffff 0 ISETP.GT.AND 1 R28 0 
0 0 0 7 2240 ffffffff 0 ISETP.GT.AND 1 R28 0 
0 0 0 2 2240 ffffffff 0 ISETP.GT.AND 1 R28 0 
0 0 0 6 2240 ffffffff 0 ISETP.GT.AND 1 R28 0 
0 0 0 1 2250 ffffffff 1 R4 LDS.U 1 R2 4 1 0x80 4 
0 0 0 2 2250 00000000 1 R4 LDS.U 1 R2 4 1 0x0 0 
0 0 0 7 2250 00000000 1 R4 LDS.U 1 R2 4 1 0x0 0 
0 0 0 0 2250 ffffffff 1 R4 LDS.U 1 R2 4 1 0x0 4 
0 0 0 5 2250 00000000 1 R4 LDS.U 1 R2 4 1 0x0 0 
0 0 0 4 2250 00000000 1 R4 LDS.U 1 R2 4 1 0x0 0 
0 0 0 3 2250 00000000 1 R4 LDS.U 1 R2 4 1 0x0 0 
0 0 0 6 2250 00000000 1 R4 LDS.U 1 R2 4 1 0x0 0 
0 0 0 1 2260 00000000 1 R5 IMAD.MOV.U32 2 R255 R255 0 
0 0 0 2 2260 00000000 1 R5 IMAD.MOV.U32 2 R255 R255 0 
0 0 0 7 2260 00000000 1 R5 IMAD.MOV.U32 2 R255 R255 0 
0 0 0 3 2260 00000000 1 R5 IMAD.MOV.U32 2 R255 R255 0 
0 0 0 5 2260 00000000 1 R5 IMAD.MOV.U32 2 R255 R255 0 
0 0 0 0 2260 ffffffff 1 R5 IMAD.MOV.U32 2 R255 R255 0 
0 0 0 6 2260 00000000 1 R5 IMAD.MOV.U32 2 R255 R255 0 
0 0 0 4 2260 00000000 1 R5 IMAD.MOV.U32 2 R255 R255 0 
0 0 0 1 2270 ffffffff 1 R7 FADD 2 R4 R7 0 
0 0 0 2 2270 00000000 1 R7 FADD 2 R4 R7 0 
0 0 0 7 2270 00000000 1 R7 FADD 2 R4 R7 0 
0 0 0 3 2270 00000000 1 R7 FADD 2 R4 R7 0 
0 0 0 5 2270 00000000 1 R7 FADD 2 R4 R7 0 
0 0 0 0 2270 ffffffff 1 R7 FADD 2 R4 R7 0 
0 0 0 6 2270 00000000 1 R7 FADD 2 R4 R7 0 
0 0 0 4 2270 00000000 1 R7 FADD 2 R4 R7 0 
0 0 0 1 2280 00000000 1 R4 IMAD 2 R5 R2 0 
0 0 0 2 2280 00000000 1 R4 IMAD 2 R5 R2 0 
0 0 0 7 2280 00000000 1 R4 IMAD 2 R5 R2 0 
0 0 0 3 2280 00000000 1 R4 IMAD 2 R5 R2 0 
0 0 0 5 2280 00000000 1 R4 IMAD 2 R5 R2 0 
0 0 0 6 2280 00000000 1 R4 IMAD 2 R5 R2 0 
0 0 0 4 2280 00000000 1 R4 IMAD 2 R5 R2 0 
0 0 0 0 2280 ffffffff 1 R4 IMAD 2 R5 R2 0 
0 0 0 1 2290 ffffffff 0 STS 2 R2 R7 4 1 0x80 4 
0 0 0 2 2290 00000000 0 STS 2 R2 R7 4 1 0x0 0 
0 0 0 7 2290 00000000 0 STS 2 R2 R7 4 1 0x0 0 
0 0 0 3 2290 00000000 0 STS 2 R2 R7 4 1 0x0 0 
0 0 0 6 2290 00000000 0 STS 2 R2 R7 4 1 0x0 0 
0 0 0 5 2290 00000000 0 STS 2 R2 R7 4 1 0x0 0 
0 0 0 0 2290 ffffffff 0 STS 2 R2 R7 4 1 0x0 4 
0 0 0 4 2290 00000000 0 STS 2 R2 R7 4 1 0x0 0 
0 0 0 1 22a0 ffffffff 0 NOP 0 0 
0 0 0 7 22a0 ffffffff 0 NOP 0 0 
0 0 0 3 22a0 ffffffff 0 NOP 0 0 
0 0 0 2 22a0 ffffffff 0 NOP 0 0 
0 0 0 6 22a0 ffffffff 0 NOP 0 0 
0 0 0 5 22a0 ffffffff 0 NOP 0 0 
0 0 0 0 22a0 ffffffff 0 NOP 0 0 
0 0 0 4 22a0 ffffffff 0 NOP 0 0 
0 0 0 1 22b0 ffffffff 0 BAR.SYNC 0 0 
0 0 0 7 22b0 ffffffff 0 BAR.SYNC 0 0 
0 0 0 3 22b0 ffffffff 0 BAR.SYNC 0 0 
0 0 0 2 22b0 ffffffff 0 BAR.SYNC 0 0 
0 0 0 6 22b0 ffffffff 0 BAR.SYNC 0 0 
0 0 0 0 22b0 ffffffff 0 BAR.SYNC 0 0 
0 0 0 5 22b0 ffffffff 0 BAR.SYNC 0 0 
0 0 0 4 22b0 ffffffff 0 BAR.SYNC 0 0 
0 0 0 5 22c0 00000000 1 R4 LDS.U 1 R4 4 1 0x0 0 
0 0 0 6 22c0 00000000 1 R4 LDS.U 1 R4 4 1 0x0 0 
0 0 0 4 22c0 00000000 1 R4 LDS.U 1 R4 4 1 0x0 0 
0 0 0 7 22c0 00000000 1 R4 LDS.U 1 R4 4 1 0x0 0 
0 0 0 0 22c0 ffffffff 1 R4 LDS.U 1 R4 4 1 0x80 4 
0 0 0 3 22c0 00000000 1 R4 LDS.U 1 R4 4 1 0x0 0 
0 0 0 1 22c0 00000000 1 R4 LDS.U 1 R4 4 1 0x0 0 
0 0 0 2 22c0 00000000 1 R4 LDS.U 1 R4 4 1 0x0 0 
0 0 0 5 22d0 ffffffff 0 ISETP.GT.AND 1 R28 0 
0 0 0 0 22d0 ffffffff 0 ISETP.GT.AND 1 R28 0 
0 0 0 6 22d0 ffffffff 0 ISETP.GT.AND 1 R28 0 
0 0 0 4 22d0 ffffffff 0 ISETP.GT.AND 1 R28 0 
0 0 0 7 22d0 ffffffff 0 ISETP.GT.AND 1 R28 0 
0 0 0 3 22d0 ffffffff 0 ISETP.GT.AND 1 R28 0 
0 0 0 1 22d0 ffffffff 0 ISETP.GT.AND 1 R28 0 
0 0 0 2 22d0 ffffffff 0 ISETP.GT.AND 1 R28 0 
0 0 0 0 22e0 ffffffff 1 R3 LDS.U 1 R2 4 1 0x0 4 
0 0 0 2 22e0 00000000 1 R3 LDS.U 1 R2 4 1 0x0 0 
0 0 0 5 22e0 00000000 1 R3 LDS.U 1 R2 4 1 0x0 0 
0 0 0 4 22e0 00000000 1 R3 LDS.U 1 R2 4 1 0x0 0 
0 0 0 6 22e0 00000000 1 R3 LDS.U 1 R2 4 1 0x0 0 
0 0 0 1 22e0 00000000 1 R3 LDS.U 1 R2 4 1 0x0 0 
0 0 0 7 22e0 00000000 1 R3 LDS.U 1 R2 4 1 0x0 0 
0 0 0 3 22e0 00000000 1 R3 LDS.U 1 R2 4 1 0x0 0 
0 0 0 2 22f0 00000000 1 R5 IMAD.MOV.U32 2 R255 R255 0 
0 0 0 0 22f0 0000ffff 1 R5 IMAD.MOV.U32 2 R255 R255 0 
0 0 0 5 22f0 00000000 1 R5 IMAD.MOV.U32 2 R255 R255 0 
0 0 0 6 22f0 00000000 1 R5 IMAD.MOV.U32 2 R255 R255 0 
0 0 0 1 22f0 00000000 1 R5 IMAD.MOV.U32 2 R255 R255 0 
0 0 0 7 22f0 00000000 1 R5 IMAD.MOV.U32 2 R255 R255 0 
0 0 0 4 22f0 00000000 1 R5 IMAD.MOV.U32 2 R255 R255 0 
0 0 0 3 22f0 00000000 1 R5 IMAD.MOV.U32 2 R255 R255 0 
0 0 0 2 2300 00000000 1 R6 IMAD 2 R5 R2 0 
0 0 0 5 2300 00000000 1 R6 IMAD 2 R5 R2 0 
0 0 0 6 2300 00000000 1 R6 IMAD 2 R5 R2 0 
0 0 0 0 2300 0000ffff 1 R6 IMAD 2 R5 R2 0 
0 0 0 1 2300 00000000 1 R6 IMAD 2 R5 R2 0 
0 0 0 7 2300 00000000 1 R6 IMAD 2 R5 R2 0 
0 0 0 4 2300 00000000 1 R6 IMAD 2 R5 R2 0 
0 0 0 3 2300 00000000 1 R6 IMAD 2 R5 R2 0 
0 0 0 5 2310 00000000 1 R3 FADD 2 R3 R4 0 
0 0 0 2 2310 00000000 1 R3 FADD 2 R3 R4 0 
0 0 0 6 2310 00000000 1 R3 FADD 2 R3 R4 0 
0 0 0 0 2310 ffffffff 1 R3 FADD 2 R3 R4 0 
0 0 0 1 2310 00000000 1 R3 FADD 2 R3 R4 0 
0 0 0 7 2310 00000000 1 R3 FADD 2 R3 R4 0 
0 0 0 3 2310 00000000 1 R3 FADD 2 R3 R4 0 
0 0 0 4 2310 00000000 1 R3 FADD 2 R3 R4 0 
0 0 0 2 2320 00000000 0 STS 2 R2 R3 4 1 0x0 0 
0 0 0 5 2320 00000000 0 STS 2 R2 R3 4 1 0x0 0 
0 0 0 1 2320 00000000 0 STS 2 R2 R3 4 1 0x0 0 
0 0 0 6 2320 00000000 0 STS 2 R2 R3 4 1 0x0 0 
0 0 0 7 2320 00000000 0 STS 2 R2 R3 4 1 0x0 0 
0 0 0 0 2320 ffffffff 0 STS 2 R2 R3 4 1 0x0 4 
0 0 0 3 2320 00000000 0 STS 2 R2 R3 4 1 0x0 0 
0 0 0 4 2320 00000000 0 STS 2 R2 R3 4 1 0x0 0 
0 0 0 5 2330 ffffffff 0 NOP 0 0 
0 0 0 2 2330 ffffffff 0 NOP 0 0 
0 0 0 1 2330 ffffffff 0 NOP 0 0 
0 0 0 6 2330 ffffffff 0 NOP 0 0 
0 0 0 7 2330 ffffffff 0 NOP 0 0 
0 0 0 0 2330 ffffffff 0 NOP 0 0 
0 0 0 3 2330 ffffffff 0 NOP 0 0 
0 0 0 4 2330 ffffffff 0 NOP 0 0 
0 0 0 2 2340 ffffffff 0 BAR.SYNC 0 0 
0 0 0 5 2340 ffffffff 0 BAR.SYNC 0 0 
0 0 0 1 2340 ffffffff 0 BAR.SYNC 0 0 
0 0 0 6 2340 ffffffff 0 BAR.SYNC 0 0 
0 0 0 3 2340 ffffffff 0 BAR.SYNC 0 0 
0 0 0 7 2340 ffffffff 0 BAR.SYNC 0 0 
0 0 0 0 2340 ffffffff 0 BAR.SYNC 0 0 
0 0 0 4 2340 ffffffff 0 BAR.SYNC 0 0 
0 0 0 6 2350 00000000 1 R6 LDS.U 1 R6 4 1 0x0 0 
0 0 0 7 2350 00000000 1 R6 LDS.U 1 R6 4 1 0x0 0 
0 0 0 4 2350 00000000 1 R6 LDS.U 1 R6 4 1 0x0 0 
0 0 0 0 2350 0000ffff 1 R6 LDS.U 1 R6 4 1 0x40 4 
0 0 0 1 2350 00000000 1 R6 LDS.U 1 R6 4 1 0x0 0 
0 0 0 5 2350 00000000 1 R6 LDS.U 1 R6 4 1 0x0 0 
0 0 0 3 2350 00000000 1 R6 LDS.U 1 R6 4 1 0x0 0 
0 0 0 2 2350 00000000 1 R6 LDS.U 1 R6 4 1 0x0 0 
0 0 0 6 2360 ffffffff 0 ISETP.GT.AND 2 R28 R255 0 
0 0 0 7 2360 ffffffff 0 ISETP.GT.AND 2 R28 R255 0 
0 0 0 4 2360 ffffffff 0 ISETP.GT.AND 2 R28 R255 0 
0 0 0 0 2360 ffffffff 0 ISETP.GT.AND 2 R28 R255 0 
0 0 0 1 2360 ffffffff 0 ISETP.GT.AND 2 R28 R255 0 
0 0 0 5 2360 ffffffff 0 ISETP.GT.AND 2 R28 R255 0 
0 0 0 3 2360 ffffffff 0 ISETP.GT.AND 2 R28 R255 0 
0 0 0 2 2360 ffffffff 0 ISETP.GT.AND 2 R28 R255 0 
0 0 0 0 2370 0000ffff 1 R5 LDS.U 1 R2 4 1 0x0 4 
0 0 0 7 2370 00000000 1 R5 LDS.U 1 R2 4 1 0x0 0 
0 0 0 6 2370 00000000 1 R5 LDS.U 1 R2 4 1 0x0 0 
0 0 0 1 2370 00000000 1 R5 LDS.U 1 R2 4 1 0x0 0 
0 0 0 4 2370 00000000 1 R5 LDS.U 1 R2 4 1 0x0 0 
0 0 0 3 2370 00000000 1 R5 LDS.U 1 R2 4 1 0x0 0 
0 0 0 5 2370 00000000 1 R5 LDS.U 1 R2 4 1 0x0 0 
0 0 0 2 2370 00000000 1 R5 LDS.U 1 R2 4 1 0x0 0 
0 0 0 1 2380 00000000 1 R7 MOV 0 0 
0 0 0 0 2380 000000ff 1 R7 MOV 0 0 
0 0 0 7 2380 00000000 1 R7 MOV 0 0 
0 0 0 6 2380 00000000 1 R7 MOV 0 0 
0 0 0 4 2380 00000000 1 R7 MOV 0 0 
0 0 0 3 2380 00000000 1 R7 MOV 0 0 
0 0 0 5 2380 00000000 1 R7 MOV 0 0 
0 0 0 2 2380 00000000 1 R7 MOV 0 0 
0 0 0 1 2390 00000000 1 R4 IMAD 2 R7 R2 0 
0 0 0 6 2390 00000000 1 R4 IMAD 2 R7 R2 0 
0 0 0 7 2390 00000000 1 R4 IMAD 2 R7 R2 0 
0 0 0 0 2390 000000ff 1 R4 IMAD 2 R7 R2 0 
0 0 0 5 2390 00000000 1 R4 IMAD 2 R7 R2 0 
0 0 0 2 2390 00000000 1 R4 IMAD 2 R7 R2 0 
0 0 0 4 2390 00000000 1 R4 IMAD 2 R7 R2 0 
0 0 0 3 2390 00000000 1 R4 IMAD 2 R7 R2 0 
0 0 0 1 23a0 00000000 1 R5 FADD 2 R5 R6 0 
0 0 0 6 23a0 00000000 1 R5 FADD 2 R5 R6 0 
0 0 0 7 23a0 00000000 1 R5 FADD 2 R5 R6 0 
0 0 0 0 23a0 0000ffff 1 R5 FADD 2 R5 R6 0 
0 0 0 5 23a0 00000000 1 R5 FADD 2 R5 R6 0 
0 0 0 2 23a0 00000000 1 R5 FADD 2 R5 R6 0 
0 0 0 3 23a0 00000000 1 R5 FADD 2 R5 R6 0 
0 0 0 4 23a0 00000000 1 R5 FADD 2 R5 R6 0 
0 0 0 1 23b0 00000000 0 STS 2 R2 R5 4 1 0x0 0 
0 0 0 7 23b0 00000000 0 STS 2 R2 R5 4 1 0x0 0 
0 0 0 5 23b0 00000000 0 STS 2 R2 R5 4 1 0x0 0 
0 0 0 0 23b0 0000ffff 0 STS 2 R2 R5 4 1 0x0 4 
0 0 0 6 23b0 00000000 0 STS 2 R2 R5 4 1 0x0 0 
0 0 0 1 23c0 ffffffff 0 NOP 0 0 
0 0 0 2 23b0 00000000 0 STS 2 R2 R5 4 1 0x0 0 
0 0 0 3 23b0 00000000 0 STS 2 R2 R5 4 1 0x0 0 
0 0 0 4 23b0 00000000 0 STS 2 R2 R5 4 1 0x0 0 
0 0 0 7 23c0 ffffffff 0 NOP 0 0 
0 0 0 5 23c0 ffffffff 0 NOP 0 0 
0 0 0 0 23c0 ffffffff 0 NOP 0 0 
0 0 0 6 23c0 ffffffff 0 NOP 0 0 
0 0 0 1 23d0 ffffffff 0 BAR.SYNC 0 0 
0 0 0 2 23c0 ffffffff 0 NOP 0 0 
0 0 0 3 23c0 ffffffff 0 NOP 0 0 
0 0 0 4 23c0 ffffffff 0 NOP 0 0 
0 0 0 7 23d0 ffffffff 0 BAR.SYNC 0 0 
0 0 0 5 23d0 ffffffff 0 BAR.SYNC 0 0 
0 0 0 6 23d0 ffffffff 0 BAR.SYNC 0 0 
0 0 0 0 23d0 ffffffff 0 BAR.SYNC 0 0 
0 0 0 2 23d0 ffffffff 0 BAR.SYNC 0 0 
0 0 0 3 23d0 ffffffff 0 BAR.SYNC 0 0 
0 0 0 4 23d0 ffffffff 0 BAR.SYNC 0 0 
0 0 0 6 23e0 00000000 1 R4 LDS.U 1 R4 4 1 0x0 0 
0 0 0 7 23e0 00000000 1 R4 LDS.U 1 R4 4 1 0x0 0 
0 0 0 4 23e0 00000000 1 R4 LDS.U 1 R4 4 1 0x0 0 
0 0 0 3 23e0 00000000 1 R4 LDS.U 1 R4 4 1 0x0 0 
0 0 0 5 23e0 00000000 1 R4 LDS.U 1 R4 4 1 0x0 0 
0 0 0 0 23e0 000000ff 1 R4 LDS.U 1 R4 4 1 0x20 4 
0 0 0 1 23e0 00000000 1 R4 LDS.U 1 R4 4 1 0x0 0 
0 0 0 2 23e0 00000000 1 R4 LDS.U 1 R4 4 1 0x0 0 
0 0 0 7 23f0 00000000 1 R3 LDS.U 1 R2 4 1 0x0 0 
0 0 0 4 23f0 00000000 1 R3 LDS.U 1 R2 4 1 0x0 0 
0 0 0 2 23f0 00000000 1 R3 LDS.U 1 R2 4 1 0x0 0 
0 0 0 3 23f0 00000000 1 R3 LDS.U 1 R2 4 1 0x0 0 
0 0 0 6 23f0 00000000 1 R3 LDS.U 1 R2 4 1 0x0 0 
0 0 0 5 23f0 00000000 1 R3 LDS.U 1 R2 4 1 0x0 0 
0 0 0 0 23f0 000000ff 1 R3 LDS.U 1 R2 4 1 0x0 4 
0 0 0 1 23f0 00000000 1 R3 LDS.U 1 R2 4 1 0x0 0 
0 0 0 7 2400 00000000 1 R3 FADD 2 R3 R4 0 
0 0 0 4 2400 00000000 1 R3 FADD 2 R3 R4 0 
0 0 0 2 2400 00000000 1 R3 FADD 2 R3 R4 0 
0 0 0 3 2400 00000000 1 R3 FADD 2 R3 R4 0 
0 0 0 6 2400 00000000 1 R3 FADD 2 R3 R4 0 
0 0 0 1 2400 00000000 1 R3 FADD 2 R3 R4 0 
0 0 0 5 2400 00000000 1 R3 FADD 2 R3 R4 0 
0 0 0 0 2400 000000ff 1 R3 FADD 2 R3 R4 0 
0 0 0 7 2410 00000000 0 STS 2 R2 R3 4 1 0x0 0 
0 0 0 4 2410 00000000 0 STS 2 R2 R3 4 1 0x0 0 
0 0 0 2 2410 00000000 0 STS 2 R2 R3 4 1 0x0 0 
0 0 0 6 2410 00000000 0 STS 2 R2 R3 4 1 0x0 0 
0 0 0 3 2410 00000000 0 STS 2 R2 R3 4 1 0x0 0 
0 0 0 1 2410 00000000 0 STS 2 R2 R3 4 1 0x0 0 
0 0 0 5 2410 00000000 0 STS 2 R2 R3 4 1 0x0 0 
0 0 0 0 2410 000000ff 0 STS 2 R2 R3 4 1 0x0 4 
0 0 0 4 2420 ffffffff 0 EXIT 0 0 
0 0 0 7 2420 ffffffff 0 EXIT 0 0 
0 0 0 6 2420 ffffffff 0 EXIT 0 0 
0 0 0 2 2420 ffffffff 0 EXIT 0 0 
0 0 0 3 2420 ffffffff 0 EXIT 0 0 
0 0 0 1 2420 ffffffff 0 EXIT 0 0 
0 0 0 5 2420 ffffffff 0 EXIT 0 0 
0 0 0 0 2420 fffffff8 0 EXIT 0 0 
0 0 0 0 2430 00000007 1 R2 IMAD.MOV.U32 2 R255 R255 0 
0 0 0 0 2440 00000007 1 R3 IMAD.MOV.U32 2 R255 R255 0 
0 0 0 0 2450 00000007 1 R4 IMAD 2 R26 R255 0 
0 0 0 0 2460 00000007 0 ISETP.NE.AND 1 R2 0 
0 0 0 0 2470 00000007 1 R2 IMAD.MOV.U32 2 R255 R255 0 
0 0 0 0 2480 00000007 1 R14 IMAD.MOV.U32 2 R255 R255 0 
0 0 0 0 2490 00000007 1 R5 SHF.R.S32.HI 2 R255 R4 0 
0 0 0 0 24a0 00000007 1 R22 IMAD.SHL.U32 2 R22 R255 0 
0 0 0 0 24b0 00000007 0 LOP3.LUT 3 R255 R14 R255 0 
0 0 0 0 24c0 00000007 1 R4 IMAD.WIDE.U32 2 R0 R4 0 
0 0 0 0 24d0 00000000 1 R12 LDG.E.SYS 1 R2 4 1 0x0 0 
0 0 0 0 24e0 00000007 1 R7 IMAD.MOV.U32 2 R255 R255 0 
0 0 0 0 24f0 00000000 1 R8 MOV 0 0 
0 0 0 0 2500 00000000 1 R9 IMAD.MOV.U32 2 R255 R255 0 
0 0 0 0 2510 00000007 1 R10 LEA 1 R4 0 
0 0 0 0 2520 00000007 1 R5 IMAD 2 R0 R5 0 
0 0 0 0 2530 00000007 1 R22 LDS.U 1 R22 4 1 0x0 4 
0 0 0 0 2540 00000007 1 R6 IMAD.MOV.U32 3 R255 R255 R255 0 
0 0 0 0 2550 00000007 1 R11 LEA.HI.X 2 R4 R5 0 
0 0 0 0 2560 00000000 1 R7 LDG.E.SYS 1 R8 4 1 0x0 0 
0 0 0 0 2570 00000000 1 R6 LDG.E.SYS 1 R10 4 1 0x0 0 
0 0 0 0 2580 00000007 0 FSETP.NEU.AND 1 R255 0 
0 0 0 0 2590 00000007 1 R4 IMAD 2 R26 R255 0 
0 0 0 0 25a0 00000007 1 R5 SHF.R.S32.HI 2 R255 R4 0 
0 0 0 0 25b0 00000000 0 FSETP.NEU.AND 2 R12 R255 0 
0 0 0 0 25c0 00000007 1 R12 IMAD.MOV.U32 3 R255 R255 R255 0 
0 0 0 0 25d0 00000007 0 BRA 0 0 
0 0 0 0 2680 00000007 1 R7 FFMA 3 R22 R7 R12 0 
0 0 0 0 2690 00000007 0 LOP3.LUT 3 R255 R14 R255 0 
0 0 0 0 26a0 00000007 1 R4 IMAD.WIDE.U32 2 R0 R4 0 
0 0 0 0 26b0 00000007 1 R3 FSEL 1 R255 0 
0 0 0 0 26c0 00000007 1 R6 FADD 2 R7 R6 0 
0 0 0 0 26d0 00000007 1 R2 LEA 1 R4 0 
0 0 0 0 26e0 00000007 1 R7 IMAD 2 R0 R5 0 
0 0 0 0 26f0 00000007 0 FSETP.GEU.AND 2 R6 R3 0 
0 0 0 0 2700 00000007 1 R5 FSEL 2 R3 R6 0 
0 0 0 0 2710 00000007 1 R3 LEA.HI.X 2 R4 R7 0 
0 0 0 0 2720 00000007 0 STG.E.SYS 2 R2 R5 4 1 0x7f03b6602000 4 
0 0 0 0 2730 00000007 0 EXIT 0 0 
