-kernel name = _ZN2at6native29vectorized_elementwise_kernelILi4ENS0_21CUDAFunctorOnSelf_addIfEENS_6detail5ArrayIPcLi2EEEEEviT0_T1_
-kernel id = 6456
-grid dim = (1,1,1)
-block dim = (128,1,1)
-shmem = 0
-nregs = 16
-binary version = 70
-cuda stream id = 0
-shmem base_addr = 0x00007f045a000000
-local mem base_addr = 0x00007f0458000000
-nvbit version = 1.5.3
-accelsim tracer version = 3

#traces format = threadblock_x threadblock_y threadblock_z warpid_tb PC mask dest_num [reg_dests] opcode src_num [reg_srcs] mem_width [adrrescompress?] [mem_addresses]

0 0 0 0 0000 ffffffff 1 R1 MOV 0 0 
0 0 0 2 0000 ffffffff 1 R1 MOV 0 0 
0 0 0 1 0000 ffffffff 1 R1 MOV 0 0 
0 0 0 3 0000 ffffffff 1 R1 MOV 0 0 
0 0 0 2 0010 00000000 0 SHFL.IDX 4 R255 R255 R255 R255 0 
0 0 0 1 0010 00000000 0 SHFL.IDX 4 R255 R255 R255 R255 0 
0 0 0 0 0010 00000000 0 SHFL.IDX 4 R255 R255 R255 R255 0 
0 0 0 3 0010 00000000 0 SHFL.IDX 4 R255 R255 R255 R255 0 
0 0 0 2 0020 ffffffff 1 R0 S2R 0 0 
0 0 0 3 0020 ffffffff 1 R0 S2R 0 0 
0 0 0 0 0020 ffffffff 1 R0 S2R 0 0 
0 0 0 1 0020 ffffffff 1 R0 S2R 0 0 
0 0 0 2 0030 ffffffff 1 R0 IMAD.SHL.U32 2 R0 R255 0 
0 0 0 1 0030 ffffffff 1 R0 IMAD.SHL.U32 2 R0 R255 0 
0 0 0 3 0030 ffffffff 1 R0 IMAD.SHL.U32 2 R0 R255 0 
0 0 0 0 0030 ffffffff 1 R0 IMAD.SHL.U32 2 R0 R255 0 
0 0 0 0 0040 ffffffff 1 R2 IADD3 2 R0 R255 0 
0 0 0 1 0040 ffffffff 1 R2 IADD3 2 R0 R255 0 
0 0 0 2 0040 ffffffff 1 R2 IADD3 2 R0 R255 0 
0 0 0 3 0040 ffffffff 1 R2 IADD3 2 R0 R255 0 
0 0 0 3 0050 ffffffff 0 ISETP.GE.AND 1 R2 0 
0 0 0 2 0050 ffffffff 0 ISETP.GE.AND 1 R2 0 
0 0 0 0 0050 ffffffff 0 ISETP.GE.AND 1 R2 0 
0 0 0 1 0050 ffffffff 0 ISETP.GE.AND 1 R2 0 
0 0 0 1 0060 ffffffff 0 BRA 0 0 
0 0 0 3 0060 ffffffff 0 BRA 0 0 
0 0 0 2 0060 ffffffff 0 BRA 0 0 
0 0 0 0 0060 ffffffff 0 BRA 0 0 
0 0 0 1 0150 ffffffff 1 R5 S2R 0 0 
0 0 0 2 0150 ffffffff 1 R5 S2R 0 0 
0 0 0 0 0150 ffffffff 1 R5 S2R 0 0 
0 0 0 3 0150 ffffffff 1 R5 S2R 0 0 
0 0 0 3 0160 ffffffff 1 R255 BMOV.32.CLEAR 0 0 
0 0 0 2 0160 ffffffff 1 R255 BMOV.32.CLEAR 0 0 
0 0 0 0 0160 ffffffff 1 R255 BMOV.32.CLEAR 0 0 
0 0 0 1 0160 ffffffff 1 R255 BMOV.32.CLEAR 0 0 
0 0 0 2 0170 ffffffff 0 BSSY 0 0 
0 0 0 1 0170 ffffffff 0 BSSY 0 0 
0 0 0 3 0170 ffffffff 0 BSSY 0 0 
0 0 0 0 0170 ffffffff 0 BSSY 0 0 
0 0 0 1 0180 ffffffff 1 R3 MOV 1 R255 0 
0 0 0 2 0180 ffffffff 1 R3 MOV 1 R255 0 
0 0 0 3 0180 ffffffff 1 R3 MOV 1 R255 0 
0 0 0 0 0180 ffffffff 1 R3 MOV 1 R255 0 
0 0 0 3 0190 ffffffff 1 R4 IMAD.MOV.U32 3 R255 R255 R255 0 
0 0 0 2 0190 ffffffff 1 R4 IMAD.MOV.U32 3 R255 R255 R255 0 
0 0 0 0 0190 ffffffff 1 R4 IMAD.MOV.U32 3 R255 R255 R255 0 
0 0 0 1 0190 ffffffff 1 R4 IMAD.MOV.U32 3 R255 R255 R255 0 
0 0 0 0 01a0 ffffffff 1 R10 MOV 1 R255 0 
0 0 0 3 01a0 ffffffff 1 R10 MOV 1 R255 0 
0 0 0 1 01a0 ffffffff 1 R10 MOV 1 R255 0 
0 0 0 2 01a0 ffffffff 1 R10 MOV 1 R255 0 
0 0 0 1 01b0 ffffffff 0 ISETP.GE.AND 2 R5 R2 0 
0 0 0 2 01b0 ffffffff 0 ISETP.GE.AND 2 R5 R2 0 
0 0 0 0 01b0 ffffffff 0 ISETP.GE.AND 2 R5 R2 0 
0 0 0 3 01b0 ffffffff 0 ISETP.GE.AND 2 R5 R2 0 
0 0 0 2 01c0 ffffffff 1 R11 IMAD.MOV.U32 3 R255 R255 R255 0 
0 0 0 3 01c0 ffffffff 1 R11 IMAD.MOV.U32 3 R255 R255 R255 0 
0 0 0 1 01c0 ffffffff 1 R11 IMAD.MOV.U32 3 R255 R255 R255 0 
0 0 0 0 01c0 fffff800 1 R11 IMAD.MOV.U32 3 R255 R255 R255 0 
0 0 0 1 01d0 ffffffff 0 BRA 0 0 
0 0 0 2 01d0 ffffffff 0 BRA 0 0 
0 0 0 0 01d0 fffff800 0 BRA 0 0 
0 0 0 3 01d0 ffffffff 0 BRA 0 0 
0 0 0 2 0330 ffffffff 0 BSYNC 0 0 
0 0 0 1 0330 ffffffff 0 BSYNC 0 0 
0 0 0 0 01e0 000007ff 1 R8 IADD3 3 R0 R5 R255 0 
0 0 0 3 0330 ffffffff 0 BSYNC 0 0 
0 0 0 1 0340 ffffffff 0 ISETP.GE.AND 2 R5 R2 0 
0 0 0 2 0340 ffffffff 0 ISETP.GE.AND 2 R5 R2 0 
0 0 0 0 01f0 000007ff 1 R13 IMAD.MOV.U32 2 R255 R255 0 
0 0 0 3 0340 ffffffff 0 ISETP.GE.AND 2 R5 R2 0 
0 0 0 2 0350 ffffffff 1 R8 IMAD.MOV.U32 2 R255 R255 0 
0 0 0 0 0200 000007ff 1 R6 IMAD.WIDE.U32 2 R8 R13 0 
0 0 0 1 0350 ffffffff 1 R8 IMAD.MOV.U32 2 R255 R255 0 
0 0 0 3 0350 ffffffff 1 R8 IMAD.MOV.U32 2 R255 R255 0 
0 0 0 1 0360 ffffffff 0 EXIT 0 0 
0 0 0 2 0360 ffffffff 0 EXIT 0 0 
0 0 0 0 0210 000007ff 1 R11 LDG.E.SYS 1 R6 4 1 0x7f03b6601e00 4 
0 0 0 3 0360 ffffffff 0 EXIT 0 0 
0 0 0 0 0220 000007ff 1 R9 IADD3 2 R5 R255 0 
0 0 0 0 0230 000007ff 0 ISETP.GE.AND 2 R9 R2 0 
0 0 0 0 0240 000007ff 0 BRA 0 0 
0 0 0 0 0330 000007ff 0 BSYNC 0 0 
0 0 0 0 0330 fffff800 0 BSYNC 0 0 
0 0 0 0 0340 ffffffff 0 ISETP.GE.AND 2 R5 R2 0 
0 0 0 0 0350 ffffffff 1 R8 IMAD.MOV.U32 2 R255 R255 0 
0 0 0 0 0360 fffff800 0 EXIT 0 0 
0 0 0 0 0370 000007ff 1 R9 IADD3 2 R5 R255 0 
0 0 0 0 0380 000007ff 1 R11 FFMA 2 R8 R11 0 
0 0 0 0 0390 000007ff 1 R6 IADD3 3 R0 R5 R255 0 
0 0 0 0 03a0 000007ff 1 R13 MOV 0 0 
0 0 0 0 03b0 000007ff 0 ISETP.GE.AND 2 R9 R2 0 
0 0 0 0 03c0 000007ff 1 R6 IMAD.WIDE.U32 2 R6 R13 0 
0 0 0 0 03d0 000007ff 0 STG.E.SYS 2 R6 R11 4 1 0x7f03b6601c00 4 
0 0 0 0 03e0 000007ff 0 EXIT 0 0 
