-kernel name = _ZN2at6native40_GLOBAL__N__0f1a8107_8_Shape_cu_49f7391c36CatArrayBatchedCopy_aligned16_contigINS1_10OpaqueTypeILj4EEEjLi2ELi128ELi1EEEvPT_NS1_25CatArrInputTensorMetadataIS5_T0_XT2_EXT3_EEENS1_16TensorSizeStrideIS8_Lj4EEEiS8_
-kernel id = 29269
-grid dim = (1,2,1)
-block dim = (128,1,1)
-shmem = 0
-nregs = 32
-binary version = 70
-cuda stream id = 0
-shmem base_addr = 0x00007f045a000000
-local mem base_addr = 0x00007f0458000000
-nvbit version = 1.5.3
-accelsim tracer version = 3

#traces format = threadblock_x threadblock_y threadblock_z warpid_tb PC mask dest_num [reg_dests] opcode src_num [reg_srcs] mem_width [adrrescompress?] [mem_addresses]

0 0 0 0 0000 ffffffff 1 R1 IMAD.MOV.U32 2 R255 R255 0 
0 0 0 2 0000 ffffffff 1 R1 IMAD.MOV.U32 2 R255 R255 0 
0 0 0 1 0000 ffffffff 1 R1 IMAD.MOV.U32 2 R255 R255 0 
0 0 0 3 0000 ffffffff 1 R1 IMAD.MOV.U32 2 R255 R255 0 
0 1 0 0 0000 ffffffff 1 R1 IMAD.MOV.U32 2 R255 R255 0 
0 1 0 2 0000 ffffffff 1 R1 IMAD.MOV.U32 2 R255 R255 0 
0 1 0 1 0000 ffffffff 1 R1 IMAD.MOV.U32 2 R255 R255 0 
0 1 0 3 0000 ffffffff 1 R1 IMAD.MOV.U32 2 R255 R255 0 
0 1 0 3 0010 00000000 0 SHFL.IDX 4 R255 R255 R255 R255 0 
0 0 0 0 0010 00000000 0 SHFL.IDX 4 R255 R255 R255 R255 0 
0 1 0 2 0010 00000000 0 SHFL.IDX 4 R255 R255 R255 R255 0 
0 1 0 0 0010 00000000 0 SHFL.IDX 4 R255 R255 R255 R255 0 
0 1 0 1 0010 00000000 0 SHFL.IDX 4 R255 R255 R255 R255 0 
0 0 0 1 0010 00000000 0 SHFL.IDX 4 R255 R255 R255 R255 0 
0 0 0 3 0010 00000000 0 SHFL.IDX 4 R255 R255 R255 R255 0 
0 0 0 2 0010 00000000 0 SHFL.IDX 4 R255 R255 R255 R255 0 
0 1 0 3 0020 ffffffff 1 R5 S2R 0 0 
0 1 0 0 0020 ffffffff 1 R5 S2R 0 0 
0 1 0 1 0020 ffffffff 1 R5 S2R 0 0 
0 0 0 2 0020 ffffffff 1 R5 S2R 0 0 
0 0 0 1 0020 ffffffff 1 R5 S2R 0 0 
0 0 0 3 0020 ffffffff 1 R5 S2R 0 0 
0 0 0 0 0020 ffffffff 1 R5 S2R 0 0 
0 1 0 2 0020 ffffffff 1 R5 S2R 0 0 
0 1 0 3 0030 ffffffff 1 R0 MOV 0 0 
0 0 0 1 0030 ffffffff 1 R0 MOV 0 0 
0 0 0 0 0030 ffffffff 1 R0 MOV 0 0 
0 1 0 0 0030 ffffffff 1 R0 MOV 0 0 
0 0 0 2 0030 ffffffff 1 R0 MOV 0 0 
0 1 0 1 0030 ffffffff 1 R0 MOV 0 0 
0 1 0 2 0030 ffffffff 1 R0 MOV 0 0 
0 0 0 3 0030 ffffffff 1 R0 MOV 0 0 
0 0 0 2 0040 ffffffff 1 R2 S2R 0 0 
0 1 0 3 0040 ffffffff 1 R2 S2R 0 0 
0 1 0 2 0040 ffffffff 1 R2 S2R 0 0 
0 0 0 1 0040 ffffffff 1 R2 S2R 0 0 
0 0 0 3 0040 ffffffff 1 R2 S2R 0 0 
0 0 0 0 0040 ffffffff 1 R2 S2R 0 0 
0 1 0 1 0040 ffffffff 1 R2 S2R 0 0 
0 1 0 0 0040 ffffffff 1 R2 S2R 0 0 
0 1 0 3 0050 ffffffff 1 R3 S2R 0 0 
0 0 0 0 0050 ffffffff 1 R3 S2R 0 0 
0 1 0 2 0050 ffffffff 1 R3 S2R 0 0 
0 0 0 1 0050 ffffffff 1 R3 S2R 0 0 
0 0 0 2 0050 ffffffff 1 R3 S2R 0 0 
0 0 0 3 0050 ffffffff 1 R3 S2R 0 0 
0 1 0 0 0050 ffffffff 1 R3 S2R 0 0 
0 1 0 3 0060 ffffffff 1 R4 IMAD 2 R5 R0 0 
0 1 0 1 0050 ffffffff 1 R3 S2R 0 0 
0 1 0 2 0060 ffffffff 1 R4 IMAD 2 R5 R0 0 
0 0 0 0 0060 ffffffff 1 R4 IMAD 2 R5 R0 0 
0 0 0 1 0060 ffffffff 1 R4 IMAD 2 R5 R0 0 
0 0 0 2 0060 ffffffff 1 R4 IMAD 2 R5 R0 0 
0 1 0 3 0070 ffffffff 1 R16 LDC 0 0 
0 1 0 0 0060 ffffffff 1 R4 IMAD 2 R5 R0 0 
0 0 0 3 0060 ffffffff 1 R4 IMAD 2 R5 R0 0 
0 1 0 1 0060 ffffffff 1 R4 IMAD 2 R5 R0 0 
0 0 0 1 0070 ffffffff 1 R16 LDC 0 0 
0 1 0 2 0070 ffffffff 1 R16 LDC 0 0 
0 1 0 3 0080 ffffffff 1 R2 IMAD 2 R2 R3 0 
0 1 0 0 0070 ffffffff 1 R16 LDC 0 0 
0 0 0 0 0070 ffffffff 1 R16 LDC 0 0 
0 0 0 2 0070 ffffffff 1 R16 LDC 0 0 
0 0 0 3 0070 ffffffff 1 R16 LDC 0 0 
0 1 0 1 0070 ffffffff 1 R16 LDC 0 0 
0 0 0 1 0080 ffffffff 1 R2 IMAD 2 R2 R3 0 
0 1 0 3 0090 ffffffff 1 R23 IMAD.SHL.U32 2 R2 R255 0 
0 0 0 2 0080 ffffffff 1 R2 IMAD 2 R2 R3 0 
0 0 0 3 0080 ffffffff 1 R2 IMAD 2 R2 R3 0 
0 1 0 0 0080 ffffffff 1 R2 IMAD 2 R2 R3 0 
0 1 0 1 0080 ffffffff 1 R2 IMAD 2 R2 R3 0 
0 0 0 0 0080 ffffffff 1 R2 IMAD 2 R2 R3 0 
0 1 0 2 0080 ffffffff 1 R2 IMAD 2 R2 R3 0 
0 0 0 1 0090 ffffffff 1 R23 IMAD.SHL.U32 2 R2 R255 0 
0 1 0 3 00a0 ffffffff 0 ISETP.GE.U32.AND 2 R23 R16 0 
0 0 0 1 00a0 ffffffff 0 ISETP.GE.U32.AND 2 R23 R16 0 
0 0 0 2 0090 ffffffff 1 R23 IMAD.SHL.U32 2 R2 R255 0 
0 0 0 3 0090 ffffffff 1 R23 IMAD.SHL.U32 2 R2 R255 0 
0 1 0 1 0090 ffffffff 1 R23 IMAD.SHL.U32 2 R2 R255 0 
0 1 0 0 0090 ffffffff 1 R23 IMAD.SHL.U32 2 R2 R255 0 
0 1 0 2 0090 ffffffff 1 R23 IMAD.SHL.U32 2 R2 R255 0 
0 0 0 0 0090 ffffffff 1 R23 IMAD.SHL.U32 2 R2 R255 0 
0 1 0 3 00b0 ffffffff 0 EXIT 0 0 
0 0 0 1 00b0 ffffffff 0 EXIT 0 0 
0 0 0 2 00a0 ffffffff 0 ISETP.GE.U32.AND 2 R23 R16 0 
0 1 0 2 00a0 ffffffff 0 ISETP.GE.U32.AND 2 R23 R16 0 
0 0 0 3 00a0 ffffffff 0 ISETP.GE.U32.AND 2 R23 R16 0 
0 0 0 0 00a0 ffffffff 0 ISETP.GE.U32.AND 2 R23 R16 0 
0 1 0 1 00a0 ffffffff 0 ISETP.GE.U32.AND 2 R23 R16 0 
0 1 0 0 00a0 ffffffff 0 ISETP.GE.U32.AND 2 R23 R16 0 
0 1 0 2 00b0 ffffffff 0 EXIT 0 0 
0 1 0 0 00b0 fffffffe 0 EXIT 0 0 
0 1 0 1 00b0 ffffffff 0 EXIT 0 0 
0 0 0 2 00b0 ffffffff 0 EXIT 0 0 
0 0 0 0 00b0 fffffffe 0 EXIT 0 0 
0 0 0 3 00b0 ffffffff 0 EXIT 0 0 
0 1 0 0 00c0 00000001 1 R3 IADD3 2 R23 R255 0 
0 0 0 0 00c0 00000001 1 R3 IADD3 2 R23 R255 0 
0 1 0 0 00d0 00000001 1 R18 LDC 0 0 
0 0 0 0 00d0 00000001 1 R18 LDC 0 0 
0 1 0 0 00e0 00000001 1 R2 SHF.L.U32 2 R5 R255 0 
0 0 0 0 00e0 00000001 1 R2 SHF.L.U32 2 R5 R255 0 
0 1 0 0 00f0 00000001 1 R255 BMOV.32.CLEAR 0 0 
0 0 0 0 00f0 00000001 1 R255 BMOV.32.CLEAR 0 0 
0 1 0 0 0100 00000001 0 ISETP.GT.U32.AND 2 R3 R16 0 
0 0 0 0 0100 00000001 0 ISETP.GT.U32.AND 2 R3 R16 0 
0 1 0 0 0110 00000001 0 BSSY 0 0 
0 0 0 0 0110 00000001 0 BSSY 0 0 
0 1 0 0 0120 00000001 1 R19 LDC 0 0 
0 0 0 0 0120 00000001 1 R19 LDC 0 0 
0 1 0 0 0130 00000001 1 R2 LDC.64 0 0 
0 0 0 0 0130 00000001 1 R2 LDC.64 0 0 
0 1 0 0 0140 00000000 0 BRA 0 0 
0 0 0 0 0140 00000000 0 BRA 0 0 
0 1 0 0 0150 00000001 1 R4 IMAD.MOV.U32 2 R255 R255 0 
0 0 0 0 0150 00000001 1 R4 IMAD.MOV.U32 2 R255 R255 0 
0 1 0 0 0160 00000001 1 R21 IMAD.MOV.U32 2 R255 R255 0 
0 0 0 0 0160 00000001 1 R21 IMAD.MOV.U32 2 R255 R255 0 
0 1 0 0 0170 00000001 0 ISETP.NE.AND 1 R4 0 
0 0 0 0 0170 00000001 0 ISETP.NE.AND 1 R4 0 
0 1 0 0 0180 00000001 1 R21 IMAD 2 R21 R255 0 
0 0 0 0 0180 00000001 1 R21 IMAD 2 R21 R255 0 
0 1 0 0 0190 00000001 1 R4 MOV 1 R255 0 
0 0 0 0 0190 00000001 1 R4 MOV 1 R255 0 
0 1 0 0 01a0 00000001 1 R20 SEL 1 R18 0 
0 0 0 0 01a0 00000001 1 R20 SEL 1 R18 0 
0 1 0 0 01b0 00000001 1 R9 IADD3 3 R255 R20 R255 0 
0 0 0 0 01b0 00000001 1 R9 IADD3 3 R255 R20 R255 0 
0 1 0 0 01c0 00000001 1 R6 I2F.U32.RP 1 R20 0 
0 0 0 0 01c0 00000001 1 R6 I2F.U32.RP 1 R20 0 
0 1 0 0 01d0 00000001 0 ISETP.NE.U32.AND 2 R20 R255 0 
0 0 0 0 01d0 00000001 0 ISETP.NE.U32.AND 2 R20 R255 0 
0 1 0 0 01e0 00000001 1 R22 LOP3.LUT 3 R255 R20 R255 0 
0 0 0 0 01e0 00000001 1 R22 LOP3.LUT 3 R255 R20 R255 0 
0 1 0 0 01f0 00000001 1 R6 MUFU.RCP 1 R6 0 
0 0 0 0 01f0 00000001 1 R6 MUFU.RCP 1 R6 0 
0 1 0 0 0200 00000001 1 R7 IADD3 2 R6 R255 0 
0 0 0 0 0200 00000001 1 R7 IADD3 2 R6 R255 0 
0 1 0 0 0210 00000001 1 R5 F2I.FTZ.U32.TRUNC.NTZ 1 R7 0 
0 0 0 0 0210 00000001 1 R5 F2I.FTZ.U32.TRUNC.NTZ 1 R7 0 
0 1 0 0 0220 00000001 1 R9 IMAD 3 R9 R5 R255 0 
0 0 0 0 0220 00000001 1 R9 IMAD 3 R9 R5 R255 0 
0 1 0 0 0230 00000001 1 R4 IMAD.WIDE.U32 3 R5 R9 R4 0 
0 0 0 0 0230 00000001 1 R4 IMAD.WIDE.U32 3 R5 R9 R4 0 
0 1 0 0 0240 00000001 1 R17 IMAD.MOV.U32 3 R255 R255 R5 0 
0 0 0 0 0240 00000001 1 R17 IMAD.MOV.U32 3 R255 R255 R5 0 
0 1 0 0 0250 00000001 1 R4 IMAD.WIDE.U32 2 R23 R2 0 
0 0 0 0 0250 00000001 1 R4 IMAD.WIDE.U32 2 R23 R2 0 
0 1 0 0 0260 00000001 1 R4 LDG.E.128.SYS 1 R4 16 2 0x7f03b6601800 
0 0 0 0 0260 00000001 1 R4 LDG.E.128.SYS 1 R4 16 2 0x7f03b6601600 
0 1 0 0 0270 00000001 1 R13 IADD3 2 R23 R255 0 
0 0 0 0 0270 00000001 1 R13 IADD3 2 R23 R255 0 
0 1 0 0 0280 00000001 1 R10 IMAD.WIDE.U32 3 R17 R23 R255 0 
0 0 0 0 0280 00000001 1 R10 IMAD.WIDE.U32 3 R17 R23 R255 0 
0 1 0 0 0290 00000001 1 R15 IADD3 2 R23 R255 0 
0 0 0 0 0290 00000001 1 R15 IADD3 2 R23 R255 0 
0 1 0 0 02a0 00000001 1 R25 IADD3 2 R23 R255 0 
0 0 0 0 02a0 00000001 1 R25 IADD3 2 R23 R255 0 
0 1 0 0 02b0 00000001 1 R8 IMAD.WIDE.U32 3 R17 R13 R255 0 
0 0 0 0 02b0 00000001 1 R8 IMAD.WIDE.U32 3 R17 R13 R255 0 
0 1 0 0 02c0 00000001 1 R29 MOV 1 R11 0 
0 0 0 0 02c0 00000001 1 R29 MOV 1 R11 0 
0 1 0 0 02d0 00000001 1 R10 IMAD.WIDE.U32 3 R17 R25 R255 0 
0 0 0 0 02d0 00000001 1 R10 IMAD.WIDE.U32 3 R17 R25 R255 0 
0 1 0 0 02e0 00000001 1 R27 MOV 1 R9 0 
0 0 0 0 02e0 00000001 1 R27 MOV 1 R9 0 
0 1 0 0 02f0 00000001 1 R8 IMAD.WIDE.U32 3 R17 R15 R255 0 
0 0 0 0 02f0 00000001 1 R8 IMAD.WIDE.U32 3 R17 R15 R255 0 
0 1 0 0 0300 00000001 1 R12 IMAD.MOV 3 R255 R255 R27 0 
0 0 0 0 0300 00000001 1 R12 IMAD.MOV 3 R255 R255 R27 0 
0 1 0 0 0310 00000001 1 R10 IADD3 3 R9 R255 R255 0 
0 0 0 0 0310 00000001 1 R10 IADD3 3 R9 R255 R255 0 
0 1 0 0 0320 00000001 1 R14 IMAD.MOV 3 R255 R255 R29 0 
0 0 0 0 0320 00000001 1 R14 IMAD.MOV 3 R255 R255 R29 0 
0 1 0 0 0330 00000001 1 R12 IMAD 3 R20 R12 R13 0 
0 0 0 0 0330 00000001 1 R12 IMAD 3 R20 R12 R13 0 
0 1 0 0 0340 00000001 1 R8 IMAD 3 R20 R14 R23 0 
0 0 0 0 0340 00000001 1 R8 IMAD 3 R20 R14 R23 0 
0 1 0 0 0350 00000001 1 R14 IMAD.MOV 3 R255 R255 R11 0 
0 0 0 0 0350 00000001 1 R14 IMAD.MOV 3 R255 R255 R11 0 
0 1 0 0 0360 00000001 0 ISETP.GE.U32.AND 2 R12 R20 0 
0 0 0 0 0360 00000001 0 ISETP.GE.U32.AND 2 R12 R20 0 
0 1 0 0 0370 00000001 1 R10 IMAD 3 R20 R10 R15 0 
0 0 0 0 0370 00000001 1 R10 IMAD 3 R20 R10 R15 0 
0 1 0 0 0380 00000001 0 ISETP.GE.U32.AND 2 R8 R20 0 
0 0 0 0 0380 00000001 0 ISETP.GE.U32.AND 2 R8 R20 0 
0 1 0 0 0390 00000001 1 R14 IMAD 3 R20 R14 R25 0 
0 0 0 0 0390 00000001 1 R14 IMAD 3 R20 R14 R25 0 
0 1 0 0 03a0 00000001 0 ISETP.GE.U32.AND 2 R10 R20 0 
0 0 0 0 03a0 00000001 0 ISETP.GE.U32.AND 2 R10 R20 0 
0 1 0 0 03b0 00000001 0 ISETP.GE.U32.AND 2 R14 R20 0 
0 0 0 0 03b0 00000001 0 ISETP.GE.U32.AND 2 R14 R20 0 
0 1 0 0 03c0 00000001 1 R12 IADD3 3 R20 R12 R255 0 
0 0 0 0 03c0 00000001 1 R12 IADD3 3 R20 R12 R255 0 
0 1 0 0 03d0 00000000 1 R8 IMAD.IADD 2 R8 R20 0 
0 0 0 0 03d0 00000000 1 R8 IMAD.IADD 2 R8 R20 0 
0 1 0 0 03e0 00000001 1 R27 IADD3 2 R27 R255 0 
0 0 0 0 03e0 00000001 1 R27 IADD3 2 R27 R255 0 
0 1 0 0 03f0 00000001 0 ISETP.GE.U32.AND 2 R12 R20 0 
0 0 0 0 03f0 00000001 0 ISETP.GE.U32.AND 2 R12 R20 0 
0 1 0 0 0400 00000001 1 R10 IADD3 3 R20 R10 R255 0 
0 0 0 0 0400 00000001 1 R10 IADD3 3 R20 R10 R255 0 
0 1 0 0 0410 00000001 1 R14 IMAD.IADD 2 R14 R20 0 
0 0 0 0 0410 00000001 1 R14 IMAD.IADD 2 R14 R20 0 
0 1 0 0 0420 00000001 0 ISETP.GE.U32.AND 2 R8 R20 0 
0 0 0 0 0420 00000001 0 ISETP.GE.U32.AND 2 R8 R20 0 
0 1 0 0 0430 00000001 0 ISETP.GE.U32.AND 2 R10 R20 0 
0 0 0 0 0430 00000001 0 ISETP.GE.U32.AND 2 R10 R20 0 
0 1 0 0 0440 00000000 1 R29 IADD3 2 R29 R255 0 
0 0 0 0 0440 00000000 1 R29 IADD3 2 R29 R255 0 
0 1 0 0 0450 00000001 1 R9 IADD3 2 R9 R255 0 
0 0 0 0 0450 00000001 1 R9 IADD3 2 R9 R255 0 
0 1 0 0 0460 00000000 1 R27 IADD3 2 R27 R255 0 
0 0 0 0 0460 00000000 1 R27 IADD3 2 R27 R255 0 
0 1 0 0 0470 00000001 0 ISETP.GE.U32.AND 2 R14 R20 0 
0 0 0 0 0470 00000001 0 ISETP.GE.U32.AND 2 R14 R20 0 
0 1 0 0 0480 00000001 1 R11 IADD3 2 R11 R255 0 
0 0 0 0 0480 00000001 1 R11 IADD3 2 R11 R255 0 
0 1 0 0 0490 00000000 1 R29 IADD3 2 R29 R255 0 
0 0 0 0 0490 00000000 1 R29 IADD3 2 R29 R255 0 
0 1 0 0 04a0 00000001 1 R27 SEL 2 R22 R27 0 
0 0 0 0 04a0 00000001 1 R27 SEL 2 R22 R27 0 
0 1 0 0 04b0 00000000 1 R9 IADD3 2 R9 R255 0 
0 0 0 0 04b0 00000000 1 R9 IADD3 2 R9 R255 0 
0 1 0 0 04c0 00000001 1 R29 SEL 2 R22 R29 0 
0 0 0 0 04c0 00000001 1 R29 SEL 2 R22 R29 0 
0 1 0 0 04d0 00000000 1 R11 IADD3 2 R11 R255 0 
0 0 0 0 04d0 00000000 1 R11 IADD3 2 R11 R255 0 
0 1 0 0 04e0 00000001 1 R12 IADD3 3 R27 R255 R255 0 
0 0 0 0 04e0 00000001 1 R12 IADD3 3 R27 R255 R255 0 
0 1 0 0 04f0 00000001 1 R10 IMAD.MOV 3 R255 R255 R29 0 
0 0 0 0 04f0 00000001 1 R10 IMAD.MOV 3 R255 R255 R29 0 
0 1 0 0 0500 00000001 1 R8 SEL 2 R22 R9 0 
0 0 0 0 0500 00000001 1 R8 SEL 2 R22 R9 0 
0 1 0 0 0510 00000001 1 R9 SEL 2 R22 R11 0 
0 0 0 0 0510 00000001 1 R9 SEL 2 R22 R11 0 
0 1 0 0 0520 00000001 1 R13 IMAD 3 R20 R12 R13 0 
0 0 0 0 0520 00000001 1 R13 IMAD 3 R20 R12 R13 0 
0 1 0 0 0530 00000001 1 R11 IADD3 3 R8 R255 R255 0 
0 0 0 0 0530 00000001 1 R11 IADD3 3 R8 R255 R255 0 
0 1 0 0 0540 00000001 1 R10 IMAD 3 R20 R10 R23 0 
0 0 0 0 0540 00000001 1 R10 IMAD 3 R20 R10 R23 0 
0 1 0 0 0550 00000001 1 R23 LEA 2 R21 R23 0 
0 0 0 0 0550 00000001 1 R23 LEA 2 R21 R23 0 
0 1 0 0 0560 00000001 1 R12 IMAD.MOV 3 R255 R255 R9 0 
0 0 0 0 0560 00000001 1 R12 IMAD.MOV 3 R255 R255 R9 0 
0 1 0 0 0570 00000001 1 R15 IMAD 3 R20 R11 R15 0 
0 0 0 0 0570 00000001 1 R15 IMAD 3 R20 R11 R15 0 
0 1 0 0 0580 00000001 1 R25 IMAD 3 R20 R12 R25 0 
0 0 0 0 0580 00000001 1 R25 IMAD 3 R20 R12 R25 0 
0 1 0 0 0590 00000001 1 R10 IMAD 2 R10 R255 0 
0 0 0 0 0590 00000001 1 R10 IMAD 2 R10 R255 0 
0 1 0 0 05a0 00000001 1 R12 IMAD 2 R13 R255 0 
0 0 0 0 05a0 00000001 1 R12 IMAD 2 R13 R255 0 
0 1 0 0 05b0 00000001 1 R15 IMAD 2 R15 R255 0 
0 0 0 0 05b0 00000001 1 R15 IMAD 2 R15 R255 0 
0 1 0 0 05c0 00000001 1 R14 IMAD 2 R25 R255 0 
0 0 0 0 05c0 00000001 1 R14 IMAD 2 R25 R255 0 
0 1 0 0 05d0 00000001 1 R25 IADD3 2 R23 R255 0 
0 0 0 0 05d0 00000001 1 R25 IADD3 2 R23 R255 0 
0 1 0 0 05e0 00000001 1 R10 IMAD 2 R29 R10 0 
0 0 0 0 05e0 00000001 1 R10 IMAD 2 R29 R10 0 
0 1 0 0 05f0 00000001 1 R12 IMAD 2 R27 R12 0 
0 0 0 0 05f0 00000001 1 R12 IMAD 2 R27 R12 0 
0 1 0 0 0600 00000001 0 ISETP.GT.U32.AND 2 R25 R16 0 
0 0 0 0 0600 00000001 0 ISETP.GT.U32.AND 2 R25 R16 0 
0 1 0 0 0610 00000001 1 R8 IMAD 2 R8 R15 0 
0 0 0 0 0610 00000001 1 R8 IMAD 2 R8 R15 0 
0 1 0 0 0620 00000001 1 R14 IMAD 2 R9 R14 0 
0 0 0 0 0620 00000001 1 R14 IMAD 2 R9 R14 0 
0 1 0 0 0630 00000001 1 R9 IMAD 2 R19 R10 0 
0 0 0 0 0630 00000001 1 R9 IMAD 2 R19 R10 0 
0 1 0 0 0640 00000001 1 R11 IMAD 2 R19 R12 0 
0 0 0 0 0640 00000001 1 R11 IMAD 2 R19 R12 0 
0 1 0 0 0650 00000001 1 R13 IMAD 2 R19 R8 0 
0 0 0 0 0650 00000001 1 R13 IMAD 2 R19 R8 0 
0 1 0 0 0660 00000001 1 R15 IMAD 2 R19 R14 0 
0 0 0 0 0660 00000001 1 R15 IMAD 2 R19 R14 0 
0 1 0 0 0670 00000001 1 R8 IMAD.WIDE.U32 2 R9 R0 0 
0 0 0 0 0670 00000001 1 R8 IMAD.WIDE.U32 2 R9 R0 0 
0 1 0 0 0680 00000001 1 R10 IMAD.WIDE.U32 2 R11 R0 0 
0 0 0 0 0680 00000001 1 R10 IMAD.WIDE.U32 2 R11 R0 0 
0 1 0 0 0690 00000001 1 R12 IMAD.WIDE.U32 2 R13 R0 0 
0 0 0 0 0690 00000001 1 R12 IMAD.WIDE.U32 2 R13 R0 0 
0 1 0 0 06a0 00000001 1 R14 IMAD.WIDE.U32 2 R15 R0 0 
0 0 0 0 06a0 00000001 1 R14 IMAD.WIDE.U32 2 R15 R0 0 
0 1 0 0 06b0 00000001 0 STG.E.SYS 2 R8 R4 4 2 0x7f03b6601c04 
0 0 0 0 06b0 00000001 0 STG.E.SYS 2 R8 R4 4 2 0x7f03b6601c00 
0 1 0 0 06c0 00000001 0 STG.E.SYS 2 R10 R5 4 2 0x7f03b6601c0c 
0 0 0 0 06c0 00000001 0 STG.E.SYS 2 R10 R5 4 2 0x7f03b6601c08 
0 1 0 0 06d0 00000001 0 STG.E.SYS 2 R12 R6 4 2 0x7f03b6601c14 
0 0 0 0 06d0 00000001 0 STG.E.SYS 2 R12 R6 4 2 0x7f03b6601c10 
0 1 0 0 06e0 00000001 0 STG.E.SYS 2 R14 R7 4 2 0x7f03b6601c1c 
0 0 0 0 06e0 00000001 0 STG.E.SYS 2 R14 R7 4 2 0x7f03b6601c18 
0 1 0 0 06f0 00000000 0 BRA 0 0 
0 0 0 0 06f0 00000000 0 BRA 0 0 
0 1 0 0 0700 00000001 0 BSYNC 0 0 
0 0 0 0 0700 00000001 0 BSYNC 0 0 
0 1 0 0 0710 00000001 0 ISETP.GT.U32.AND 2 R16 R23 0 
0 0 0 0 0710 00000001 0 ISETP.GT.U32.AND 2 R16 R23 0 
0 1 0 0 0720 00000001 0 EXIT 0 0 
0 0 0 0 0720 00000001 0 EXIT 0 0 
