-kernel name = _ZN2at6native18elementwise_kernelILi128ELi2EZNS0_22gpu_kernel_impl_nocastINS0_13BinaryFunctorIfffNS0_15binary_internal10MulFunctorIfEEEEEEvRNS_18TensorIteratorBaseERKT_EUliE_EEviT1_
-kernel id = 5082
-grid dim = (1,1,1)
-block dim = (128,1,1)
-shmem = 0
-nregs = 14
-binary version = 70
-cuda stream id = 0
-shmem base_addr = 0x00007f045a000000
-local mem base_addr = 0x00007f0458000000
-nvbit version = 1.5.3
-accelsim tracer version = 3

#traces format = threadblock_x threadblock_y threadblock_z warpid_tb PC mask dest_num [reg_dests] opcode src_num [reg_srcs] mem_width [adrrescompress?] [mem_addresses]

0 0 0 0 0000 ffffffff 1 R1 MOV 0 0 
0 0 0 2 0000 ffffffff 1 R1 MOV 0 0 
0 0 0 1 0000 ffffffff 1 R1 MOV 0 0 
0 0 0 3 0000 ffffffff 1 R1 MOV 0 0 
0 0 0 2 0010 00000000 0 SHFL.IDX 4 R255 R255 R255 R255 0 
0 0 0 1 0010 00000000 0 SHFL.IDX 4 R255 R255 R255 R255 0 
0 0 0 0 0010 00000000 0 SHFL.IDX 4 R255 R255 R255 R255 0 
0 0 0 3 0010 00000000 0 SHFL.IDX 4 R255 R255 R255 R255 0 
0 0 0 2 0020 ffffffff 1 R0 S2R 0 0 
0 0 0 1 0020 ffffffff 1 R0 S2R 0 0 
0 0 0 0 0020 ffffffff 1 R0 S2R 0 0 
0 0 0 3 0020 ffffffff 1 R0 S2R 0 0 
0 0 0 2 0030 ffffffff 1 R255 BMOV.32.CLEAR 0 0 
0 0 0 1 0030 ffffffff 1 R255 BMOV.32.CLEAR 0 0 
0 0 0 0 0030 ffffffff 1 R255 BMOV.32.CLEAR 0 0 
0 0 0 3 0030 ffffffff 1 R255 BMOV.32.CLEAR 0 0 
0 0 0 2 0040 ffffffff 0 BSSY 0 0 
0 0 0 1 0040 ffffffff 0 BSSY 0 0 
0 0 0 0 0040 ffffffff 0 BSSY 0 0 
0 0 0 3 0040 ffffffff 0 BSSY 0 0 
0 0 0 3 0050 ffffffff 1 R3 S2R 0 0 
0 0 0 1 0050 ffffffff 1 R3 S2R 0 0 
0 0 0 2 0050 ffffffff 1 R3 S2R 0 0 
0 0 0 0 0050 ffffffff 1 R3 S2R 0 0 
0 0 0 1 0060 ffffffff 1 R0 LEA 2 R0 R3 0 
0 0 0 2 0060 ffffffff 1 R0 LEA 2 R0 R3 0 
0 0 0 3 0060 ffffffff 1 R0 LEA 2 R0 R3 0 
0 0 0 0 0060 ffffffff 1 R0 LEA 2 R0 R3 0 
0 0 0 1 0070 ffffffff 0 ISETP.GE.AND 1 R0 0 
0 0 0 0 0070 ffffffff 0 ISETP.GE.AND 1 R0 0 
0 0 0 2 0070 ffffffff 0 ISETP.GE.AND 1 R0 0 
0 0 0 3 0070 ffffffff 0 ISETP.GE.AND 1 R0 0 
0 0 0 2 0080 ffffffff 1 R9 MOV 1 R0 0 
0 0 0 1 0080 ffffffff 1 R9 MOV 1 R0 0 
0 0 0 0 0080 ffffffff 1 R9 MOV 1 R0 0 
0 0 0 3 0080 ffffffff 1 R9 MOV 1 R0 0 
0 0 0 2 0090 ffffffff 0 BRA 0 0 
0 0 0 3 0090 ffffffff 0 BRA 0 0 
0 0 0 0 0090 00000000 0 BRA 0 0 
0 0 0 1 0090 fffffc00 0 BRA 0 0 
0 0 0 1 00a0 000003ff 0 ISETP.NE.AND 1 R255 0 
0 0 0 0 00a0 ffffffff 0 ISETP.NE.AND 1 R255 0 
0 0 0 2 1120 ffffffff 0 BSYNC 0 0 
0 0 0 3 1120 ffffffff 0 BSYNC 0 0 
0 0 0 2 1130 ffffffff 0 ISETP.GE.AND 1 R9 0 
0 0 0 3 1130 ffffffff 0 ISETP.GE.AND 1 R9 0 
0 0 0 0 00b0 ffffffff 1 R2 CS2R 0 0 
0 0 0 1 00b0 000003ff 1 R2 CS2R 0 0 
0 0 0 1 00c0 000003ff 1 R4 MOV 1 R255 0 
0 0 0 2 1140 ffffffff 0 EXIT 0 0 
0 0 0 3 1140 ffffffff 0 EXIT 0 0 
0 0 0 0 00c0 ffffffff 1 R4 MOV 1 R255 0 
0 0 0 1 00d0 00000000 0 BRA 0 0 
0 0 0 0 00d0 00000000 0 BRA 0 0 
0 0 0 0 00e0 ffffffff 1 R2 MOV 1 R255 0 
0 0 0 1 00e0 000003ff 1 R2 MOV 1 R255 0 
0 0 0 0 00f0 ffffffff 1 R3 MOV 1 R9 0 
0 0 0 1 00f0 000003ff 1 R3 MOV 1 R9 0 
0 0 0 0 0100 ffffffff 1 R5 MOV 0 0 
0 0 0 1 0100 000003ff 1 R5 MOV 0 0 
0 0 0 0 0110 ffffffff 1 R2 IMAD.WIDE.U32 2 R9 R2 0 
0 0 0 1 0110 000003ff 1 R2 IMAD.WIDE.U32 2 R9 R2 0 
0 0 0 0 0120 ffffffff 0 ISETP.NE.AND 1 R5 0 
0 0 0 1 0120 000003ff 0 ISETP.NE.AND 1 R5 0 
0 0 0 0 0130 ffffffff 1 R7 SHF.R.U32.HI 2 R255 R3 0 
0 0 0 1 0130 000003ff 1 R7 SHF.R.U32.HI 2 R255 R3 0 
0 0 0 0 0140 ffffffff 1 R4 IADD3 3 R7 R255 R255 0 
0 0 0 1 0140 000003ff 1 R4 IADD3 3 R7 R255 R255 0 
0 0 0 0 0150 ffffffff 1 R4 IMAD 2 R4 R9 0 
0 0 0 1 0150 000003ff 1 R4 IMAD 2 R4 R9 0 
0 0 0 0 0160 ffffffff 1 R2 IMAD 2 R4 R255 0 
0 0 0 1 0160 000003ff 1 R2 IMAD 2 R4 R255 0 
0 0 0 0 0170 ffffffff 1 R3 IMAD 2 R4 R255 0 
0 0 0 1 0170 000003ff 1 R3 IMAD 2 R4 R255 0 
0 0 0 0 0180 ffffffff 1 R4 IMAD 2 R4 R255 0 
0 0 0 1 0180 000003ff 1 R4 IMAD 2 R4 R255 0 
0 0 0 0 0190 00000000 0 BRA 0 0 
0 0 0 1 0190 00000000 0 BRA 0 0 
0 0 0 0 01a0 ffffffff 1 R6 MOV 1 R255 0 
0 0 0 1 01a0 000003ff 1 R6 MOV 1 R255 0 
0 0 0 0 01b0 ffffffff 0 ISETP.NE.AND 1 R5 0 
0 0 0 1 01b0 000003ff 0 ISETP.NE.AND 1 R5 0 
0 0 0 0 01c0 ffffffff 1 R8 IMAD.WIDE.U32 2 R7 R6 0 
0 0 0 1 01c0 000003ff 1 R8 IMAD.WIDE.U32 2 R7 R6 0 
0 0 0 0 01d0 ffffffff 1 R9 SHF.R.U32.HI 2 R255 R9 0 
0 0 0 1 01d0 000003ff 1 R9 SHF.R.U32.HI 2 R255 R9 0 
0 0 0 0 01e0 ffffffff 1 R6 IADD3 3 R9 R255 R255 0 
0 0 0 1 01e0 000003ff 1 R6 IADD3 3 R9 R255 R255 0 
0 0 0 0 01f0 ffffffff 1 R7 IMAD 2 R6 R7 0 
0 0 0 1 01f0 000003ff 1 R7 IMAD 2 R6 R7 0 
0 0 0 0 0200 ffffffff 1 R2 IMAD 2 R7 R2 0 
0 0 0 1 0200 000003ff 1 R2 IMAD 2 R7 R2 0 
0 0 0 0 0210 ffffffff 1 R3 IMAD 2 R7 R3 0 
0 0 0 1 0210 000003ff 1 R3 IMAD 2 R7 R3 0 
0 0 0 0 0220 ffffffff 1 R4 IMAD 2 R7 R4 0 
0 0 0 1 0220 000003ff 1 R4 IMAD 2 R7 R4 0 
0 0 0 0 0230 ffffffff 0 BRA 0 0 
0 0 0 1 0230 000003ff 0 BRA 0 0 
0 0 0 0 1070 ffffffff 1 R4 IADD3 2 R4 R255 0 
0 0 0 1 1070 000003ff 1 R4 IADD3 2 R4 R255 0 
0 0 0 0 1080 ffffffff 1 R6 IADD3 2 R3 R255 0 
0 0 0 1 1080 000003ff 1 R6 IADD3 2 R3 R255 0 
0 0 0 0 1090 ffffffff 1 R5 IADD3.X 2 R255 R255 0 
0 0 0 1 1090 000003ff 1 R5 IADD3.X 2 R255 R255 0 
0 0 0 0 10a0 ffffffff 1 R7 IADD3.X 2 R255 R255 0 
0 0 0 1 10a0 000003ff 1 R7 IADD3.X 2 R255 R255 0 
0 0 0 0 10b0 ffffffff 1 R4 LDG.E.SYS 1 R4 4 2 0x7f03b6602000 0 0 4 0 0 4 0 0 4 0 0 4 0 0 4 0 0 4 0 0 4 0 0 4 0 0 4 0 0 4 0 
0 0 0 1 10b0 000003ff 1 R4 LDG.E.SYS 1 R4 4 2 0x7f03b6602028 4 0 0 4 0 0 4 0 0 
0 0 0 0 10c0 ffffffff 1 R7 LDG.E.SYS 1 R6 4 1 0x7f03b6601000 4 
0 0 0 1 10c0 000003ff 1 R7 LDG.E.SYS 1 R6 4 1 0x7f03b6601080 4 
0 0 0 0 10d0 ffffffff 1 R2 IADD3 2 R2 R255 0 
0 0 0 1 10d0 000003ff 1 R2 IADD3 2 R2 R255 0 
0 0 0 0 10e0 ffffffff 1 R9 IADD3 2 R0 R255 0 
0 0 0 1 10e0 000003ff 1 R9 IADD3 2 R0 R255 0 
0 0 0 0 10f0 ffffffff 1 R3 IADD3.X 2 R255 R255 0 
0 0 0 1 10f0 000003ff 1 R3 IADD3.X 2 R255 R255 0 
0 0 0 0 1100 ffffffff 1 R11 FMUL 2 R4 R7 0 
0 0 0 1 1100 000003ff 1 R11 FMUL 2 R4 R7 0 
0 0 0 0 1110 ffffffff 0 STG.E.SYS 2 R2 R11 4 1 0x7f03b6602200 4 
0 0 0 1 1110 000003ff 0 STG.E.SYS 2 R2 R11 4 1 0x7f03b6602280 4 
0 0 0 0 1120 ffffffff 0 BSYNC 0 0 
0 0 0 1 1120 000003ff 0 BSYNC 0 0 
0 0 0 0 1130 ffffffff 0 ISETP.GE.AND 1 R9 0 
0 0 0 1 1120 fffffc00 0 BSYNC 0 0 
0 0 0 0 1140 ffffffff 0 EXIT 0 0 
0 0 0 1 1130 ffffffff 0 ISETP.GE.AND 1 R9 0 
0 0 0 1 1140 ffffffff 0 EXIT 0 0 
