-kernel name = _ZN2at6native18elementwise_kernelILi128ELi2EZNS0_22gpu_kernel_impl_nocastIZZZNS0_23direct_copy_kernel_cudaERNS_18TensorIteratorBaseEENKUlvE1_clEvENKUlvE5_clEvEUlfE_EEvS4_RKT_EUliE_EEviT1_
-kernel id = 12947
-grid dim = (1,1,1)
-block dim = (128,1,1)
-shmem = 0
-nregs = 12
-binary version = 70
-cuda stream id = 0
-shmem base_addr = 0x00007f045a000000
-local mem base_addr = 0x00007f0458000000
-nvbit version = 1.5.3
-accelsim tracer version = 3

#traces format = threadblock_x threadblock_y threadblock_z warpid_tb PC mask dest_num [reg_dests] opcode src_num [reg_srcs] mem_width [adrrescompress?] [mem_addresses]

0 0 0 0 0000 ffffffff 1 R1 MOV 0 0 
0 0 0 2 0000 ffffffff 1 R1 MOV 0 0 
0 0 0 1 0000 ffffffff 1 R1 MOV 0 0 
0 0 0 3 0000 ffffffff 1 R1 MOV 0 0 
0 0 0 2 0010 00000000 0 SHFL.IDX 4 R255 R255 R255 R255 0 
0 0 0 0 0010 00000000 0 SHFL.IDX 4 R255 R255 R255 R255 0 
0 0 0 1 0010 00000000 0 SHFL.IDX 4 R255 R255 R255 R255 0 
0 0 0 3 0010 00000000 0 SHFL.IDX 4 R255 R255 R255 R255 0 
0 0 0 2 0020 ffffffff 1 R0 S2R 0 0 
0 0 0 0 0020 ffffffff 1 R0 S2R 0 0 
0 0 0 1 0020 ffffffff 1 R0 S2R 0 0 
0 0 0 3 0020 ffffffff 1 R0 S2R 0 0 
0 0 0 2 0030 ffffffff 1 R255 BMOV.32.CLEAR 0 0 
0 0 0 1 0030 ffffffff 1 R255 BMOV.32.CLEAR 0 0 
0 0 0 0 0030 ffffffff 1 R255 BMOV.32.CLEAR 0 0 
0 0 0 3 0030 ffffffff 1 R255 BMOV.32.CLEAR 0 0 
0 0 0 2 0040 ffffffff 0 BSSY 0 0 
0 0 0 0 0040 ffffffff 0 BSSY 0 0 
0 0 0 1 0040 ffffffff 0 BSSY 0 0 
0 0 0 3 0040 ffffffff 0 BSSY 0 0 
0 0 0 2 0050 ffffffff 1 R3 S2R 0 0 
0 0 0 0 0050 ffffffff 1 R3 S2R 0 0 
0 0 0 3 0050 ffffffff 1 R3 S2R 0 0 
0 0 0 1 0050 ffffffff 1 R3 S2R 0 0 
0 0 0 0 0060 ffffffff 1 R0 LEA 2 R0 R3 0 
0 0 0 2 0060 ffffffff 1 R0 LEA 2 R0 R3 0 
0 0 0 3 0060 ffffffff 1 R0 LEA 2 R0 R3 0 
0 0 0 1 0060 ffffffff 1 R0 LEA 2 R0 R3 0 
0 0 0 0 0070 ffffffff 0 ISETP.GE.AND 1 R0 0 
0 0 0 3 0070 ffffffff 0 ISETP.GE.AND 1 R0 0 
0 0 0 2 0070 ffffffff 0 ISETP.GE.AND 1 R0 0 
0 0 0 1 0070 ffffffff 0 ISETP.GE.AND 1 R0 0 
0 0 0 2 0080 ffffffff 1 R7 MOV 1 R0 0 
0 0 0 3 0080 ffffffff 1 R7 MOV 1 R0 0 
0 0 0 0 0080 ffffffff 1 R7 MOV 1 R0 0 
0 0 0 1 0080 ffffffff 1 R7 MOV 1 R0 0 
0 0 0 3 0090 ffffffff 0 BRA 0 0 
0 0 0 2 0090 ffffffff 0 BRA 0 0 
0 0 0 0 0090 ffffe000 0 BRA 0 0 
0 0 0 1 0090 ffffffff 0 BRA 0 0 
0 0 0 3 0f40 ffffffff 0 BSYNC 0 0 
0 0 0 0 00a0 00001fff 0 ISETP.NE.AND 1 R255 0 
0 0 0 2 0f40 ffffffff 0 BSYNC 0 0 
0 0 0 1 0f40 ffffffff 0 BSYNC 0 0 
0 0 0 0 00b0 00001fff 1 R2 CS2R 0 0 
0 0 0 3 0f50 ffffffff 0 ISETP.GE.AND 1 R7 0 
0 0 0 2 0f50 ffffffff 0 ISETP.GE.AND 1 R7 0 
0 0 0 1 0f50 ffffffff 0 ISETP.GE.AND 1 R7 0 
0 0 0 3 0f60 ffffffff 0 EXIT 0 0 
0 0 0 2 0f60 ffffffff 0 EXIT 0 0 
0 0 0 1 0f60 ffffffff 0 EXIT 0 0 
0 0 0 0 00c0 00000000 0 BRA 0 0 
0 0 0 0 00d0 00001fff 1 R2 MOV 1 R255 0 
0 0 0 0 00e0 00001fff 1 R3 MOV 1 R7 0 
0 0 0 0 00f0 00001fff 1 R8 MOV 0 0 
0 0 0 0 0100 00001fff 1 R2 IMAD.WIDE.U32 2 R7 R2 0 
0 0 0 0 0110 00001fff 0 ISETP.NE.AND 1 R8 0 
0 0 0 0 0120 00001fff 1 R5 SHF.R.U32.HI 2 R255 R3 0 
0 0 0 0 0130 00001fff 1 R2 IADD3 3 R5 R255 R255 0 
0 0 0 0 0140 00001fff 1 R3 IMAD 2 R2 R7 0 
0 0 0 0 0150 00001fff 1 R2 IMAD 2 R3 R255 0 
0 0 0 0 0160 00001fff 1 R3 IMAD 2 R3 R255 0 
0 0 0 0 0170 00001fff 0 BRA 0 0 
0 0 0 0 0ed0 00001fff 1 R4 IADD3 2 R3 R255 0 
0 0 0 0 0ee0 00001fff 1 R5 IADD3.X 2 R255 R255 0 
0 0 0 0 0ef0 00001fff 1 R5 LDG.E.SYS 1 R4 4 1 0x7f03b6600a00 0 
0 0 0 0 0f00 00001fff 1 R2 IADD3 2 R2 R255 0 
0 0 0 0 0f10 00001fff 1 R7 IADD3 2 R0 R255 0 
0 0 0 0 0f20 00001fff 1 R3 IADD3.X 2 R255 R255 0 
0 0 0 0 0f30 00001fff 0 STG.E.SYS 2 R2 R5 4 1 0x7f03b6601200 4 
0 0 0 0 0f40 00001fff 0 BSYNC 0 0 
0 0 0 0 0f40 ffffe000 0 BSYNC 0 0 
0 0 0 0 0f50 ffffffff 0 ISETP.GE.AND 1 R7 0 
0 0 0 0 0f60 ffffffff 0 EXIT 0 0 
