-kernel name = _ZN2at6native13reduce_kernelILi512ELi1ENS0_8ReduceOpIfNS0_14func_wrapper_tIfZNS0_11sum_functorIfffEclERNS_14TensorIteratorEEUlffE_EEjfLi4EEEEEvT1_
-kernel id = 4612
-grid dim = (1,1,1)
-block dim = (4,1,1)
-shmem = 16
-nregs = 28
-binary version = 70
-cuda stream id = 0
-shmem base_addr = 0x00007f045a000000
-local mem base_addr = 0x00007f0458000000
-nvbit version = 1.5.3
-accelsim tracer version = 3

#traces format = threadblock_x threadblock_y threadblock_z warpid_tb PC mask dest_num [reg_dests] opcode src_num [reg_srcs] mem_width [adrrescompress?] [mem_addresses]

0 0 0 0 0000 0000000f 1 R1 MOV 0 0 
0 0 0 0 0010 00000000 0 SHFL.IDX 4 R255 R255 R255 R255 0 
0 0 0 0 0020 0000000f 1 R0 S2R 0 0 
0 0 0 0 0030 0000000f 0 ISETP.NE.AND 1 R255 0 
0 0 0 0 0040 0000000f 1 R2 IMAD.MOV.U32 3 R255 R255 R255 0 
0 0 0 0 0050 0000000f 0 BRA 0 0 
0 0 0 0 0d10 0000000f 1 R3 S2R 0 0 
0 0 0 0 0d20 0000000f 1 R4 IMAD 2 R0 R255 0 
0 0 0 0 0d30 0000000f 1 R255 BMOV.32.CLEAR 0 0 
0 0 0 0 0d40 0000000f 1 R6 IMAD 2 R0 R255 0 
0 0 0 0 0d50 0000000f 1 R8 S2R 0 0 
0 0 0 0 0d60 0000000f 0 BSSY 0 0 
0 0 0 0 0d70 0000000f 1 R13 S2R 0 0 
0 0 0 0 0d80 0000000f 1 R21 IMAD 2 R3 R4 0 
0 0 0 0 0d90 0000000f 1 R6 IMAD 2 R3 R6 0 
0 0 0 0 0da0 0000000f 1 R21 IMAD 2 R8 R21 0 
0 0 0 0 0db0 0000000f 1 R13 IMAD 2 R13 R6 0 
0 0 0 0 0dc0 0000000f 0 ISETP.GE.U32.AND 1 R21 0 
0 0 0 0 0dd0 0000000f 0 ISETP.GE.U32.OR 1 R13 0 
0 0 0 0 0de0 00000000 0 BRA 0 0 
0 0 0 0 0df0 0000000f 1 R4 LDC.U8 0 0 
0 0 0 0 0e00 0000000f 1 R10 IADD3 2 R2 R255 0 
0 0 0 0 0e10 0000000f 1 R11 IMAD.X 2 R255 R255 0 
0 0 0 0 0e20 0000000f 0 ISETP.NE.AND 2 R4 R255 0 
0 0 0 0 0e30 0000000f 0 BRA 0 0 
0 0 0 0 1400 0000000f 1 R20 MOV 0 0 
0 0 0 0 1410 0000000f 1 R2 IMAD.MOV.U32 2 R255 R255 0 
0 0 0 0 1420 0000000f 1 R20 SHF.R.U32.HI 2 R255 R20 0 
0 0 0 0 1430 0000000f 0 ISETP.EQ.AND 1 R2 0 
0 0 0 0 1440 0000000f 0 ISETP.NE.AND 1 R20 0 
0 0 0 0 1450 0000000f 0 ISETP.NE.AND 1 R2 0 
0 0 0 0 1460 0000000f 0 BRA 0 0 
0 0 0 0 89b0 0000000f 1 R6 IMAD.MOV.U32 2 R255 R255 0 
0 0 0 0 89c0 0000000f 1 R255 BMOV.32.CLEAR 0 0 
0 0 0 0 89d0 0000000f 0 BSSY 0 0 
0 0 0 0 89e0 0000000f 1 R4 MOV 0 0 
0 0 0 0 89f0 0000000f 1 R2 IMAD 2 R6 R21 0 
0 0 0 0 8a00 0000000f 1 R5 MOV 0 0 
0 0 0 0 8a10 0000000f 1 R7 IMAD.MOV.U32 2 R255 R255 0 
0 0 0 0 8a20 0000000f 0 ISETP.GE.U32.AND 1 R2 0 
0 0 0 0 8a30 0000000f 1 R2 MOV 0 0 
0 0 0 0 8a40 0000000f 0 BRA 0 0 
0 0 0 0 8bf0 0000000f 0 BSYNC 0 0 
0 0 0 0 8c00 0000000f 0 ISETP.GE.U32.AND 1 R21 0 
0 0 0 0 8c10 0000000f 1 R255 BMOV.32.CLEAR 0 0 
0 0 0 0 8c20 0000000f 0 BSSY 0 0 
0 0 0 0 8c30 00000000 0 BRA 0 0 
0 0 0 0 8c40 0000000f 1 R8 IMAD.WIDE.U32 2 R21 R10 0 
0 0 0 0 8c50 0000000f 1 R15 LDG.E.SYS 1 R8 4 1 0x7f03b6601800 4 
0 0 0 0 8c60 0000000f 1 R17 IADD3 2 R21 R255 0 
0 0 0 0 8c70 0000000f 0 ISETP.GE.U32.AND 1 R17 0 
0 0 0 0 8c80 0000000c 0 BRA 0 0 
0 0 0 0 8c90 00000003 1 R8 IMAD.WIDE.U32 2 R17 R10 0 
0 0 0 0 8ca0 00000003 1 R14 LDG.E.SYS 1 R8 4 1 0x7f03b6601810 4 
0 0 0 0 8cb0 00000003 1 R17 IADD3 2 R17 R255 0 
0 0 0 0 8cc0 00000003 0 ISETP.GE.U32.AND 1 R17 0 
0 0 0 0 8cd0 00000003 0 BRA 0 0 
0 0 0 0 8d40 00000003 0 BSYNC 0 0 
0 0 0 0 8d40 0000000c 0 BSYNC 0 0 
0 0 0 0 8d50 0000000f 1 R255 BMOV.32.CLEAR 0 0 
0 0 0 0 8d60 0000000f 0 BSSY 0 0 
0 0 0 0 8d70 00000000 0 BRA 0 0 
0 0 0 0 8d80 0000000f 1 R6 IADD3 2 R21 R255 0 
0 0 0 0 8d90 0000000f 1 R2 FADD 2 R2 R15 0 
0 0 0 0 8da0 0000000f 0 ISETP.GE.U32.AND 1 R6 0 
0 0 0 0 8db0 0000000c 0 BRA 0 0 
0 0 0 0 8dc0 00000003 1 R6 IADD3 2 R6 R255 0 
0 0 0 0 8dd0 00000003 1 R7 FADD 2 R7 R14 0 
0 0 0 0 8de0 00000003 0 ISETP.GE.U32.AND 1 R6 0 
0 0 0 0 8df0 00000000 1 R6 IADD3 2 R6 R255 0 
0 0 0 0 8e00 00000000 1 R5 FADD 2 R5 R16 0 
0 0 0 0 8e10 00000003 0 ISETP.GE.U32.OR 1 R6 0 
0 0 0 0 8e20 00000000 1 R4 FADD 2 R4 R19 0 
0 0 0 0 8e30 00000003 0 BSYNC 0 0 
0 0 0 0 8e30 0000000c 0 BSYNC 0 0 
0 0 0 0 8e40 0000000f 1 R2 FADD 2 R2 R7 0 
0 0 0 0 8e50 0000000f 1 R5 FADD 2 R2 R5 0 
0 0 0 0 8e60 0000000f 1 R2 FADD 2 R5 R4 0 
0 0 0 0 8e70 0000000f 0 BSYNC 0 0 
0 0 0 0 8e80 0000000f 0 ISETP.NE.AND 1 R255 0 
0 0 0 0 8e90 0000000f 0 BRA 0 0 
0 0 0 0 9000 0000000f 0 ISETP.NE.AND 1 R255 0 
0 0 0 0 9010 00000000 0 BRA 0 0 
0 0 0 0 9020 0000000f 1 R5 MOV 0 0 
0 0 0 0 9030 0000000f 1 R4 IMAD.MOV.U32 2 R255 R255 0 
0 0 0 0 9040 0000000f 0 ISETP.GT.AND 1 R5 0 
0 0 0 0 9050 0000000f 0 BRA 0 0 
0 0 0 0 91c0 0000000f 0 NOP 0 0 
0 0 0 0 91d0 0000000f 0 BAR.SYNC 0 0 
0 0 0 0 91e0 0000000f 0 ISETP.GE.AND 1 R4 0 
0 0 0 0 91f0 00000000 0 BRA 0 0 
0 0 0 0 9200 0000000f 1 R5 IMAD.MOV.U32 2 R255 R255 0 
0 0 0 0 9210 0000000f 0 SHFL.DOWN 3 R7 R2 R5 0 
0 0 0 0 9220 0000000f 1 R5 SHF.L.U32 2 R5 R255 0 
0 0 0 0 9230 0000000f 0 ISETP.GE.AND 2 R5 R4 0 
0 0 0 0 9240 0000000f 1 R2 FADD 2 R7 R2 0 
0 0 0 0 9250 0000000f 0 BRA 0 0 
0 0 0 0 9210 0000000f 0 SHFL.DOWN 3 R7 R2 R5 0 
0 0 0 0 9220 0000000f 1 R5 SHF.L.U32 2 R5 R255 0 
0 0 0 0 9230 0000000f 0 ISETP.GE.AND 2 R5 R4 0 
0 0 0 0 9240 0000000f 1 R2 FADD 2 R7 R2 0 
0 0 0 0 9250 00000000 0 BRA 0 0 
0 0 0 0 9260 0000000f 0 ISETP.NE.AND 1 R255 0 
0 0 0 0 9270 0000000f 1 R16 MOV 1 R255 0 
0 0 0 0 9280 0000000f 0 BRA 0 0 
0 0 0 0 9f00 0000000f 0 ISETP.NE.U32.AND 1 R255 0 
0 0 0 0 9f10 0000000f 1 R4 CS2R 0 0 
0 0 0 0 9f20 0000000f 1 R6 IADD3 2 R16 R255 0 
0 0 0 0 9f30 0000000f 0 ISETP.NE.AND.EX 1 R255 0 
0 0 0 0 9f40 0000000f 1 R9 MOV 1 R255 0 
0 0 0 0 9f50 0000000f 1 R7 IMAD.X 2 R255 R255 0 
0 0 0 0 9f60 00000000 1 R4 IADD3 2 R16 R255 0 
0 0 0 0 9f70 00000000 1 R5 IADD3.X 2 R255 R255 0 
0 0 0 0 9f80 00000000 1 R9 MOV 1 R5 0 
0 0 0 0 9f90 0000000f 0 ISETP.NE.AND 1 R255 0 
0 0 0 0 9fa0 0000000f 0 BRA 0 0 
0 0 0 0 b9b0 0000000f 0 ISETP.GE.AND 1 R13 0 
0 0 0 0 b9c0 00000000 0 EXIT 0 0 
0 0 0 0 b9d0 0000000f 0 ISETP.NE.AND 2 R0 R255 0 
0 0 0 0 b9e0 0000000f 0 ISETP.NE.AND 1 R255 0 
0 0 0 0 b9f0 0000000f 0 EXIT 0 0 
0 0 0 0 ba00 00000001 0 ISETP.NE.AND 2 R3 R255 0 
0 0 0 0 ba10 00000001 0 ISETP.NE.AND 1 R255 0 
0 0 0 0 ba20 00000000 0 EXIT 0 0 
0 0 0 0 ba30 00000001 1 R0 LDC.U8 0 0 
0 0 0 0 ba40 00000001 0 ISETP.NE.U32.AND 2 R4 R255 0 
0 0 0 0 ba50 00000001 0 ISETP.NE.AND.EX 2 R9 R255 0 
0 0 0 0 ba60 00000001 0 BRA 0 0 
0 0 0 0 bc30 00000001 1 R3 LDC.U8 0 0 
0 0 0 0 bc40 00000001 0 ISETP.NE.AND 2 R0 R255 0 
0 0 0 0 bc50 00000001 0 ISETP.NE.AND 2 R3 R255 0 
0 0 0 0 bc60 00000001 0 BRA 0 0 
0 0 0 0 bc90 00000000 0 BRA 0 0 
0 0 0 0 bca0 00000001 1 R0 MOV 0 0 
0 0 0 0 bcb0 00000001 0 ISETP.NE.AND 1 R0 0 
0 0 0 0 bcc0 00000001 0 BRA 0 0 
0 0 0 0 bd90 00000001 1 R16 IADD3 2 R16 R255 0 
0 0 0 0 bda0 00000001 1 R17 IADD3.X 2 R255 R255 0 
0 0 0 0 bdb0 00000001 0 STG.E.SYS 2 R16 R2 4 2 0x7f03b6601e00 
0 0 0 0 bdc0 00000001 0 EXIT 0 0 
