-kernel name = _ZN2at6native29vectorized_elementwise_kernelILi4ENS0_13AUnaryFunctorIfffNS0_15binary_internal10MulFunctorIfEEEENS_6detail5ArrayIPcLi2EEEEEviT0_T1_
-kernel id = 26804
-grid dim = (1,1,1)
-block dim = (128,1,1)
-shmem = 0
-nregs = 16
-binary version = 70
-cuda stream id = 0
-shmem base_addr = 0x00007f045a000000
-local mem base_addr = 0x00007f0458000000
-nvbit version = 1.5.3
-accelsim tracer version = 3

#traces format = threadblock_x threadblock_y threadblock_z warpid_tb PC mask dest_num [reg_dests] opcode src_num [reg_srcs] mem_width [adrrescompress?] [mem_addresses]

0 0 0 0 0000 ffffffff 1 R1 IMAD.MOV.U32 2 R255 R255 0 
0 0 0 2 0000 ffffffff 1 R1 IMAD.MOV.U32 2 R255 R255 0 
0 0 0 1 0000 ffffffff 1 R1 IMAD.MOV.U32 2 R255 R255 0 
0 0 0 3 0000 ffffffff 1 R1 IMAD.MOV.U32 2 R255 R255 0 
0 0 0 3 0010 00000000 0 SHFL.IDX 4 R255 R255 R255 R255 0 
0 0 0 0 0010 00000000 0 SHFL.IDX 4 R255 R255 R255 R255 0 
0 0 0 2 0010 00000000 0 SHFL.IDX 4 R255 R255 R255 R255 0 
0 0 0 1 0010 00000000 0 SHFL.IDX 4 R255 R255 R255 R255 0 
0 0 0 0 0020 ffffffff 1 R0 S2R 0 0 
0 0 0 2 0020 ffffffff 1 R0 S2R 0 0 
0 0 0 3 0020 ffffffff 1 R0 S2R 0 0 
0 0 0 1 0020 ffffffff 1 R0 S2R 0 0 
0 0 0 1 0030 ffffffff 1 R0 SHF.L.U32 2 R0 R255 0 
0 0 0 0 0030 ffffffff 1 R0 SHF.L.U32 2 R0 R255 0 
0 0 0 2 0030 ffffffff 1 R0 SHF.L.U32 2 R0 R255 0 
0 0 0 3 0030 ffffffff 1 R0 SHF.L.U32 2 R0 R255 0 
0 0 0 3 0040 ffffffff 1 R3 IADD3 2 R0 R255 0 
0 0 0 0 0040 ffffffff 1 R3 IADD3 2 R0 R255 0 
0 0 0 1 0040 ffffffff 1 R3 IADD3 2 R0 R255 0 
0 0 0 2 0040 ffffffff 1 R3 IADD3 2 R0 R255 0 
0 0 0 2 0050 ffffffff 0 ISETP.GE.AND 1 R3 0 
0 0 0 1 0050 ffffffff 0 ISETP.GE.AND 1 R3 0 
0 0 0 3 0050 ffffffff 0 ISETP.GE.AND 1 R3 0 
0 0 0 0 0050 ffffffff 0 ISETP.GE.AND 1 R3 0 
0 0 0 0 0060 ffffffff 0 BRA 0 0 
0 0 0 3 0060 ffffffff 0 BRA 0 0 
0 0 0 2 0060 ffffffff 0 BRA 0 0 
0 0 0 1 0060 ffffffff 0 BRA 0 0 
0 0 0 3 0140 ffffffff 1 R4 S2R 0 0 
0 0 0 0 0140 ffffffff 1 R4 S2R 0 0 
0 0 0 1 0140 ffffffff 1 R4 S2R 0 0 
0 0 0 2 0140 ffffffff 1 R4 S2R 0 0 
0 0 0 1 0150 ffffffff 1 R255 BMOV.32.CLEAR 0 0 
0 0 0 0 0150 ffffffff 1 R255 BMOV.32.CLEAR 0 0 
0 0 0 3 0150 ffffffff 1 R255 BMOV.32.CLEAR 0 0 
0 0 0 2 0150 ffffffff 1 R255 BMOV.32.CLEAR 0 0 
0 0 0 2 0160 ffffffff 0 BSSY 0 0 
0 0 0 0 0160 ffffffff 0 BSSY 0 0 
0 0 0 1 0160 ffffffff 0 BSSY 0 0 
0 0 0 3 0160 ffffffff 0 BSSY 0 0 
0 0 0 3 0170 ffffffff 1 R2 MOV 1 R255 0 
0 0 0 0 0170 ffffffff 1 R2 MOV 1 R255 0 
0 0 0 1 0170 ffffffff 1 R2 MOV 1 R255 0 
0 0 0 2 0170 ffffffff 1 R2 MOV 1 R255 0 
0 0 0 1 0180 ffffffff 1 R5 IMAD.MOV.U32 3 R255 R255 R255 0 
0 0 0 0 0180 ffffffff 1 R5 IMAD.MOV.U32 3 R255 R255 R255 0 
0 0 0 2 0180 ffffffff 1 R5 IMAD.MOV.U32 3 R255 R255 R255 0 
0 0 0 3 0180 ffffffff 1 R5 IMAD.MOV.U32 3 R255 R255 R255 0 
0 0 0 1 0190 ffffffff 1 R10 MOV 1 R255 0 
0 0 0 0 0190 ffffffff 1 R10 MOV 1 R255 0 
0 0 0 2 0190 ffffffff 1 R10 MOV 1 R255 0 
0 0 0 3 0190 ffffffff 1 R10 MOV 1 R255 0 
0 0 0 3 01a0 ffffffff 0 ISETP.GE.AND 2 R4 R3 0 
0 0 0 0 01a0 ffffffff 0 ISETP.GE.AND 2 R4 R3 0 
0 0 0 2 01a0 ffffffff 0 ISETP.GE.AND 2 R4 R3 0 
0 0 0 1 01a0 ffffffff 0 ISETP.GE.AND 2 R4 R3 0 
0 0 0 1 01b0 ffffffff 1 R11 IMAD.MOV.U32 3 R255 R255 R255 0 
0 0 0 0 01b0 fffff000 1 R11 IMAD.MOV.U32 3 R255 R255 R255 0 
0 0 0 2 01b0 ffffffff 1 R11 IMAD.MOV.U32 3 R255 R255 R255 0 
0 0 0 3 01b0 ffffffff 1 R11 IMAD.MOV.U32 3 R255 R255 R255 0 
0 0 0 0 01c0 fffff000 0 BRA 0 0 
0 0 0 1 01c0 ffffffff 0 BRA 0 0 
0 0 0 3 01c0 ffffffff 0 BRA 0 0 
0 0 0 2 01c0 ffffffff 0 BRA 0 0 
0 0 0 3 0320 ffffffff 0 BSYNC 0 0 
0 0 0 0 01d0 00000fff 1 R8 IADD3 3 R0 R4 R255 0 
0 0 0 2 0320 ffffffff 0 BSYNC 0 0 
0 0 0 1 0320 ffffffff 0 BSYNC 0 0 
0 0 0 0 01e0 00000fff 1 R9 IMAD.MOV.U32 2 R255 R255 0 
0 0 0 3 0330 ffffffff 0 ISETP.GE.AND 2 R4 R3 0 
0 0 0 1 0330 ffffffff 0 ISETP.GE.AND 2 R4 R3 0 
0 0 0 2 0330 ffffffff 0 ISETP.GE.AND 2 R4 R3 0 
0 0 0 0 01f0 00000fff 1 R6 IMAD.WIDE.U32 2 R8 R9 0 
0 0 0 2 0340 ffffffff 0 EXIT 0 0 
0 0 0 3 0340 ffffffff 0 EXIT 0 0 
0 0 0 1 0340 ffffffff 0 EXIT 0 0 
0 0 0 0 0200 00000fff 1 R11 LDG.E.SYS 1 R6 4 1 0x7f03b6601a00 4 
0 0 0 0 0210 00000fff 1 R12 IADD3 2 R4 R255 0 
0 0 0 0 0220 00000fff 0 ISETP.GE.AND 2 R12 R3 0 
0 0 0 0 0230 00000fff 0 BRA 0 0 
0 0 0 0 0320 00000fff 0 BSYNC 0 0 
0 0 0 0 0320 fffff000 0 BSYNC 0 0 
0 0 0 0 0330 ffffffff 0 ISETP.GE.AND 2 R4 R3 0 
0 0 0 0 0340 fffff000 0 EXIT 0 0 
0 0 0 0 0350 00000fff 1 R8 IADD3 3 R0 R4 R255 0 
0 0 0 0 0360 00000fff 1 R13 IMAD.MOV.U32 2 R255 R255 0 
0 0 0 0 0370 00000fff 1 R0 IADD3 2 R4 R255 0 
0 0 0 0 0380 00000fff 1 R11 FMUL 1 R11 0 
0 0 0 0 0390 00000fff 1 R6 IMAD.WIDE.U32 2 R8 R13 0 
0 0 0 0 03a0 00000fff 0 ISETP.GE.AND 2 R0 R3 0 
0 0 0 0 03b0 00000fff 0 STG.E.SYS 2 R6 R11 4 1 0x7f03b6602000 4 
0 0 0 0 03c0 00000fff 0 EXIT 0 0 
